[ 2014-04-29T10:20:51+08:00 ] 127.0.0.1 /jianli/inspect/node.php?s=/Budget/set
INFO: [ route_check ] --START--
INFO: Run CheckRoute Behavior [ RunTime:0.001980s ]
INFO: [ route_check ] --END-- [ RunTime:0.002149s ]
INFO: [ app_begin ] --START--
INFO: Run ReadHtmlCache Behavior [ RunTime:0.002019s ]
INFO: [ app_begin ] --END-- [ RunTime:0.002158s ]
SQL: SHOW COLUMNS FROM `tb_session` [ RunTime:0.004573s ]
NOTIC: [8] Undefined index:  company C:\AppServ\www\jianli\inspect\Home\Node\Lib\Model\BaseModel.class.php 第 34 行.
NOTIC: [8] Undefined index:  SN_KEY C:\AppServ\www\jianli\inspect\Home\Node\Lib\Model\SessionModel.class.php 第 14 行.
SQL: SHOW COLUMNS FROM `tb_budget` [ RunTime:0.003613s ]
ERR: Table 'jianliht.tb_budget' doesn't exist
 [ SQL语句 ] : SHOW COLUMNS FROM `tb_budget`
NOTIC: [8] Undefined index:  company C:\AppServ\www\jianli\inspect\Home\Node\Lib\Model\BaseModel.class.php 第 34 行.
INFO: [ view_template ] --START--
INFO: Run LocationTemplate Behavior [ RunTime:0.003367s ]
INFO: [ view_template ] --END-- [ RunTime:0.003511s ]
INFO: [ view_parse ] --START--
NOTIC: [8] Undefined variable: Title C:\AppServ\www\jianli\inspect\Home\Node\Runtime\Cache\7fd68dd5d7cdfdee61e9b0f022c8c128.php 第 11 行.
INFO: Run ParseTemplate Behavior [ RunTime:0.018631s ]
INFO: [ view_parse ] --END-- [ RunTime:0.018730s ]
INFO: [ view_filter ] --START--
INFO: Run ContentReplace Behavior [ RunTime:0.000960s ]
INFO: Run TokenBuild Behavior [ RunTime:0.000962s ]
INFO: Run WriteHtmlCache Behavior [ RunTime:0.000922s ]
INFO: Run ShowRuntime Behavior [ RunTime:0.000958s ]
INFO: [ view_filter ] --END-- [ RunTime:0.003965s ]
INFO: [ view_end ] --START--
INFO: Run ShowPageTrace Behavior [ RunTime:0.000985s ]
INFO: [ view_end ] --END-- [ RunTime:0.001044s ]

[ 2014-04-29T10:29:37+08:00 ] 127.0.0.1 /jianli/inspect/node.php?s=/Budget/set
INFO: [ route_check ] --START--
INFO: Run CheckRoute Behavior [ RunTime:0.001193s ]
INFO: [ route_check ] --END-- [ RunTime:0.001314s ]
INFO: [ app_begin ] --START--
INFO: Run ReadHtmlCache Behavior [ RunTime:0.001020s ]
INFO: [ app_begin ] --END-- [ RunTime:0.001091s ]
SQL: SHOW COLUMNS FROM `tb_session` [ RunTime:0.001838s ]
NOTIC: [8] Undefined index:  company C:\AppServ\www\jianli\inspect\Home\Node\Lib\Model\BaseModel.class.php 第 34 行.
SQL: SELECT * FROM `tb_session` WHERE ( `appid` = 1 ) AND ( `status` = 0 ) AND ( `key` = '337430555529558cd3f3492b81fbf12a' ) LIMIT 1   [ RunTime:0.000201s ]
SQL: UPDATE `tb_session` SET `expire`=1398745777 WHERE ( `appid` = 1 ) AND ( `status` = 0 ) AND ( `id` = 1 ) [ RunTime:0.000181s ]
SQL: SHOW COLUMNS FROM `tb_user` [ RunTime:0.002478s ]
NOTIC: [8] Undefined index:  company C:\AppServ\www\jianli\inspect\Home\Node\Lib\Model\BaseModel.class.php 第 34 行.
SQL: SELECT * FROM `tb_user` WHERE ( `appid` = 1 ) AND ( `status` = 0 ) AND ( `id` = 2 ) LIMIT 1   [ RunTime:0.000285s ]
SQL: SHOW COLUMNS FROM `tb_budget` [ RunTime:0.002083s ]
ERR: Table 'jianliht.tb_budget' doesn't exist
 [ SQL语句 ] : SHOW COLUMNS FROM `tb_budget`
NOTIC: [8] Undefined index:  company C:\AppServ\www\jianli\inspect\Home\Node\Lib\Model\BaseModel.class.php 第 34 行.
INFO: [ view_template ] --START--
INFO: Run LocationTemplate Behavior [ RunTime:0.001682s ]
INFO: [ view_template ] --END-- [ RunTime:0.001753s ]
INFO: [ view_parse ] --START--
NOTIC: [8] Undefined variable: Title C:\AppServ\www\jianli\inspect\Home\Node\Runtime\Cache\7fd68dd5d7cdfdee61e9b0f022c8c128.php 第 11 行.
INFO: Run ParseTemplate Behavior [ RunTime:0.007854s ]
INFO: [ view_parse ] --END-- [ RunTime:0.007922s ]
INFO: [ view_filter ] --START--
INFO: Run ContentReplace Behavior [ RunTime:0.000523s ]
INFO: Run TokenBuild Behavior [ RunTime:0.000934s ]
INFO: Run WriteHtmlCache Behavior [ RunTime:0.000882s ]
INFO: Run ShowRuntime Behavior [ RunTime:0.000918s ]
INFO: [ view_filter ] --END-- [ RunTime:0.003417s ]
INFO: [ view_end ] --START--
INFO: Run ShowPageTrace Behavior [ RunTime:0.000919s ]
INFO: [ view_end ] --END-- [ RunTime:0.000974s ]

[ 2014-04-29T10:29:39+08:00 ] 127.0.0.1 /jianli/inspect/node.php?s=/Budget/set
INFO: [ route_check ] --START--
INFO: Run CheckRoute Behavior [ RunTime:0.001923s ]
INFO: [ route_check ] --END-- [ RunTime:0.002070s ]
INFO: [ app_begin ] --START--
INFO: Run ReadHtmlCache Behavior [ RunTime:0.001894s ]
INFO: [ app_begin ] --END-- [ RunTime:0.001993s ]
SQL: SHOW COLUMNS FROM `tb_session` [ RunTime:0.001647s ]
NOTIC: [8] Undefined index:  company C:\AppServ\www\jianli\inspect\Home\Node\Lib\Model\BaseModel.class.php 第 34 行.
SQL: SELECT * FROM `tb_session` WHERE ( `appid` = 1 ) AND ( `status` = 0 ) AND ( `key` = 'e5460e8fdf8a9df12e713c1ea9080213' ) LIMIT 1   [ RunTime:0.000204s ]
SQL: UPDATE `tb_session` SET `expire`=1398745779 WHERE ( `appid` = 1 ) AND ( `status` = 0 ) AND ( `id` = 1 ) [ RunTime:0.000143s ]
SQL: SHOW COLUMNS FROM `tb_user` [ RunTime:0.001707s ]
NOTIC: [8] Undefined index:  company C:\AppServ\www\jianli\inspect\Home\Node\Lib\Model\BaseModel.class.php 第 34 行.
SQL: SELECT * FROM `tb_user` WHERE ( `appid` = 1 ) AND ( `status` = 0 ) AND ( `id` = 2 ) LIMIT 1   [ RunTime:0.000242s ]
SQL: SHOW COLUMNS FROM `tb_budget` [ RunTime:0.001898s ]
ERR: Table 'jianliht.tb_budget' doesn't exist
 [ SQL语句 ] : SHOW COLUMNS FROM `tb_budget`
NOTIC: [8] Undefined index:  company C:\AppServ\www\jianli\inspect\Home\Node\Lib\Model\BaseModel.class.php 第 34 行.
INFO: [ view_template ] --START--
INFO: Run LocationTemplate Behavior [ RunTime:0.001590s ]
INFO: [ view_template ] --END-- [ RunTime:0.001651s ]
INFO: [ view_parse ] --START--
NOTIC: [8] Undefined variable: Title C:\AppServ\www\jianli\inspect\Home\Node\Runtime\Cache\7fd68dd5d7cdfdee61e9b0f022c8c128.php 第 11 行.
INFO: Run ParseTemplate Behavior [ RunTime:0.007720s ]
INFO: [ view_parse ] --END-- [ RunTime:0.007784s ]
INFO: [ view_filter ] --START--
INFO: Run ContentReplace Behavior [ RunTime:0.000949s ]
INFO: Run TokenBuild Behavior [ RunTime:0.000926s ]
INFO: Run WriteHtmlCache Behavior [ RunTime:0.000875s ]
INFO: Run ShowRuntime Behavior [ RunTime:0.000920s ]
INFO: [ view_filter ] --END-- [ RunTime:0.003830s ]
INFO: [ view_end ] --START--
INFO: Run ShowPageTrace Behavior [ RunTime:0.000908s ]
INFO: [ view_end ] --END-- [ RunTime:0.000965s ]

[ 2014-04-29T10:30:01+08:00 ] 127.0.0.1 /jianli/inspect/node.php?s=/Budget/set
INFO: [ route_check ] --START--
INFO: Run CheckRoute Behavior [ RunTime:0.001030s ]
INFO: [ route_check ] --END-- [ RunTime:0.001119s ]
INFO: [ app_begin ] --START--
INFO: Run ReadHtmlCache Behavior [ RunTime:0.001010s ]
INFO: [ app_begin ] --END-- [ RunTime:0.001083s ]
SQL: SHOW COLUMNS FROM `tb_session` [ RunTime:0.001664s ]
NOTIC: [8] Undefined index:  company C:\AppServ\www\jianli\inspect\Home\Node\Lib\Model\BaseModel.class.php 第 34 行.
SQL: SELECT * FROM `tb_session` WHERE ( `appid` = 1 ) AND ( `status` = 0 ) AND ( `key` = 'd89d476322f756049e50b8d79f11e138' ) LIMIT 1   [ RunTime:0.000295s ]
SQL: UPDATE `tb_session` SET `expire`=1398745801 WHERE ( `appid` = 1 ) AND ( `status` = 0 ) AND ( `id` = 1 ) [ RunTime:0.000168s ]
SQL: SHOW COLUMNS FROM `tb_user` [ RunTime:0.001904s ]
NOTIC: [8] Undefined index:  company C:\AppServ\www\jianli\inspect\Home\Node\Lib\Model\BaseModel.class.php 第 34 行.
SQL: SELECT * FROM `tb_user` WHERE ( `appid` = 1 ) AND ( `status` = 0 ) AND ( `id` = 2 ) LIMIT 1   [ RunTime:0.000274s ]
SQL: SHOW COLUMNS FROM `tb_budget` [ RunTime:0.002127s ]
ERR: Table 'jianliht.tb_budget' doesn't exist
 [ SQL语句 ] : SHOW COLUMNS FROM `tb_budget`
NOTIC: [8] Undefined index:  company C:\AppServ\www\jianli\inspect\Home\Node\Lib\Model\BaseModel.class.php 第 34 行.
INFO: [ view_template ] --START--
INFO: Run LocationTemplate Behavior [ RunTime:0.001720s ]
INFO: [ view_template ] --END-- [ RunTime:0.001789s ]
INFO: [ view_parse ] --START--
NOTIC: [8] Undefined variable: Title C:\AppServ\www\jianli\inspect\Home\Node\Runtime\Cache\7fd68dd5d7cdfdee61e9b0f022c8c128.php 第 11 行.
INFO: Run ParseTemplate Behavior [ RunTime:0.008182s ]
INFO: [ view_parse ] --END-- [ RunTime:0.008251s ]
INFO: [ view_filter ] --START--
INFO: Run ContentReplace Behavior [ RunTime:0.000962s ]
INFO: Run TokenBuild Behavior [ RunTime:0.000914s ]
INFO: Run WriteHtmlCache Behavior [ RunTime:0.000966s ]
INFO: Run ShowRuntime Behavior [ RunTime:0.000935s ]
INFO: [ view_filter ] --END-- [ RunTime:0.003948s ]
INFO: [ view_end ] --START--
INFO: Run ShowPageTrace Behavior [ RunTime:0.000916s ]
INFO: [ view_end ] --END-- [ RunTime:0.000969s ]

[ 2014-04-29T10:30:22+08:00 ] 127.0.0.1 /jianli/inspect/node.php?s=/Budget/set
INFO: [ route_check ] --START--
INFO: Run CheckRoute Behavior [ RunTime:0.001009s ]
INFO: [ route_check ] --END-- [ RunTime:0.001159s ]
INFO: [ app_begin ] --START--
INFO: Run ReadHtmlCache Behavior [ RunTime:0.000999s ]
INFO: [ app_begin ] --END-- [ RunTime:0.001131s ]
SQL: SHOW COLUMNS FROM `tb_session` [ RunTime:0.001647s ]
NOTIC: [8] Undefined index:  company C:\AppServ\www\jianli\inspect\Home\Node\Lib\Model\BaseModel.class.php 第 34 行.
SQL: SELECT * FROM `tb_session` WHERE ( `appid` = 1 ) AND ( `status` = 0 ) AND ( `key` = '0dcbb6a1fc950bf7635a90d1d95e13c6' ) LIMIT 1   [ RunTime:0.000229s ]
SQL: UPDATE `tb_session` SET `expire`=1398745822 WHERE ( `appid` = 1 ) AND ( `status` = 0 ) AND ( `id` = 1 ) [ RunTime:0.000162s ]
SQL: SHOW COLUMNS FROM `tb_user` [ RunTime:0.001753s ]
NOTIC: [8] Undefined index:  company C:\AppServ\www\jianli\inspect\Home\Node\Lib\Model\BaseModel.class.php 第 34 行.
SQL: SELECT * FROM `tb_user` WHERE ( `appid` = 1 ) AND ( `status` = 0 ) AND ( `id` = 2 ) LIMIT 1   [ RunTime:0.000290s ]
SQL: SHOW COLUMNS FROM `tb_budget` [ RunTime:0.001859s ]
ERR: Table 'jianliht.tb_budget' doesn't exist
 [ SQL语句 ] : SHOW COLUMNS FROM `tb_budget`
NOTIC: [8] Undefined index:  company C:\AppServ\www\jianli\inspect\Home\Node\Lib\Model\BaseModel.class.php 第 34 行.
INFO: [ view_template ] --START--
INFO: Run LocationTemplate Behavior [ RunTime:0.000971s ]
INFO: [ view_template ] --END-- [ RunTime:0.001032s ]
INFO: [ view_parse ] --START--
NOTIC: [8] Undefined variable: Title C:\AppServ\www\jianli\inspect\Home\Node\Runtime\Cache\7fd68dd5d7cdfdee61e9b0f022c8c128.php 第 11 行.
INFO: Run ParseTemplate Behavior [ RunTime:0.009740s ]
INFO: [ view_parse ] --END-- [ RunTime:0.009805s ]
INFO: [ view_filter ] --START--
INFO: Run ContentReplace Behavior [ RunTime:0.000517s ]
INFO: Run TokenBuild Behavior [ RunTime:0.000476s ]
INFO: Run WriteHtmlCache Behavior [ RunTime:0.000561s ]
INFO: Run ShowRuntime Behavior [ RunTime:0.000506s ]
INFO: [ view_filter ] --END-- [ RunTime:0.002219s ]
INFO: [ view_end ] --START--
INFO: Run ShowPageTrace Behavior [ RunTime:0.000487s ]
INFO: [ view_end ] --END-- [ RunTime:0.000539s ]

[ 2014-04-29T10:45:43+08:00 ] 127.0.0.1 /jianli/inspect/node.php?s=/Budget/detail
INFO: [ route_check ] --START--
INFO: Run CheckRoute Behavior [ RunTime:0.000930s ]
INFO: [ route_check ] --END-- [ RunTime:0.001005s ]
INFO: [ app_begin ] --START--
INFO: Run ReadHtmlCache Behavior [ RunTime:0.000907s ]
INFO: [ app_begin ] --END-- [ RunTime:0.000970s ]
SQL: SHOW COLUMNS FROM `tb_session` [ RunTime:0.001804s ]
NOTIC: [8] Undefined index:  company C:\AppServ\www\jianli\inspect\Home\Node\Lib\Model\BaseModel.class.php 第 34 行.
SQL: SELECT * FROM `tb_session` WHERE ( `appid` = 1 ) AND ( `status` = 0 ) AND ( `key` = '299aa01142194bbae4a6c5434d358a78' ) LIMIT 1   [ RunTime:0.000373s ]
SQL: UPDATE `tb_session` SET `expire`=1398746743 WHERE ( `appid` = 1 ) AND ( `status` = 0 ) AND ( `id` = 1 ) [ RunTime:0.000136s ]
SQL: SHOW COLUMNS FROM `tb_user` [ RunTime:0.001910s ]
NOTIC: [8] Undefined index:  company C:\AppServ\www\jianli\inspect\Home\Node\Lib\Model\BaseModel.class.php 第 34 行.
SQL: SELECT * FROM `tb_user` WHERE ( `appid` = 1 ) AND ( `status` = 0 ) AND ( `id` = 2 ) LIMIT 1   [ RunTime:0.000356s ]
SQL: SHOW COLUMNS FROM `tb_budget` [ RunTime:0.002146s ]
ERR: Table 'jianliht.tb_budget' doesn't exist
 [ SQL语句 ] : SHOW COLUMNS FROM `tb_budget`
NOTIC: [8] Undefined index:  company C:\AppServ\www\jianli\inspect\Home\Node\Lib\Model\BaseModel.class.php 第 34 行.
INFO: [ view_template ] --START--
INFO: Run LocationTemplate Behavior [ RunTime:0.001827s ]
INFO: [ view_template ] --END-- [ RunTime:0.001900s ]
INFO: [ view_parse ] --START--
NOTIC: [8] Undefined variable: Title C:\AppServ\www\jianli\inspect\Home\Node\Runtime\Cache\d5bea7df03d5baadbbc7153ffcbec79f.php 第 11 行.
NOTIC: [8] Undefined variable: hard C:\AppServ\www\jianli\inspect\Home\Node\Runtime\Cache\d5bea7df03d5baadbbc7153ffcbec79f.php 第 30 行.
NOTIC: [8] Undefined variable: soft C:\AppServ\www\jianli\inspect\Home\Node\Runtime\Cache\d5bea7df03d5baadbbc7153ffcbec79f.php 第 31 行.
NOTIC: [8] Undefined variable: total C:\AppServ\www\jianli\inspect\Home\Node\Runtime\Cache\d5bea7df03d5baadbbc7153ffcbec79f.php 第 32 行.
INFO: Run ParseTemplate Behavior [ RunTime:0.009420s ]
INFO: [ view_parse ] --END-- [ RunTime:0.009490s ]
INFO: [ view_filter ] --START--
INFO: Run ContentReplace Behavior [ RunTime:0.000526s ]
INFO: Run TokenBuild Behavior [ RunTime:0.000911s ]
INFO: Run WriteHtmlCache Behavior [ RunTime:0.000867s ]
INFO: Run ShowRuntime Behavior [ RunTime:0.001486s ]
INFO: [ view_filter ] --END-- [ RunTime:0.003962s ]
INFO: [ view_end ] --START--
INFO: Run ShowPageTrace Behavior [ RunTime:0.000997s ]
INFO: [ view_end ] --END-- [ RunTime:0.001058s ]

[ 2014-04-29T10:45:47+08:00 ] 127.0.0.1 /jianli/inspect/node.php?s=/Budget/set
INFO: [ route_check ] --START--
INFO: Run CheckRoute Behavior [ RunTime:0.001845s ]
INFO: [ route_check ] --END-- [ RunTime:0.001990s ]
INFO: [ app_begin ] --START--
INFO: Run ReadHtmlCache Behavior [ RunTime:0.001796s ]
INFO: [ app_begin ] --END-- [ RunTime:0.001926s ]
SQL: SHOW COLUMNS FROM `tb_session` [ RunTime:0.002028s ]
NOTIC: [8] Undefined index:  company C:\AppServ\www\jianli\inspect\Home\Node\Lib\Model\BaseModel.class.php 第 34 行.
SQL: SELECT * FROM `tb_session` WHERE ( `appid` = 1 ) AND ( `status` = 0 ) AND ( `key` = '04c584c6fa82e445a000fb4003339aff' ) LIMIT 1   [ RunTime:0.000453s ]
SQL: UPDATE `tb_session` SET `expire`=1398746747 WHERE ( `appid` = 1 ) AND ( `status` = 0 ) AND ( `id` = 1 ) [ RunTime:0.000169s ]
SQL: SHOW COLUMNS FROM `tb_user` [ RunTime:0.002261s ]
NOTIC: [8] Undefined index:  company C:\AppServ\www\jianli\inspect\Home\Node\Lib\Model\BaseModel.class.php 第 34 行.
SQL: SELECT * FROM `tb_user` WHERE ( `appid` = 1 ) AND ( `status` = 0 ) AND ( `id` = 2 ) LIMIT 1   [ RunTime:0.000351s ]
SQL: SHOW COLUMNS FROM `tb_budget` [ RunTime:0.002188s ]
ERR: Table 'jianliht.tb_budget' doesn't exist
 [ SQL语句 ] : SHOW COLUMNS FROM `tb_budget`
NOTIC: [8] Undefined index:  company C:\AppServ\www\jianli\inspect\Home\Node\Lib\Model\BaseModel.class.php 第 34 行.
INFO: [ view_template ] --START--
INFO: Run LocationTemplate Behavior [ RunTime:0.001613s ]
INFO: [ view_template ] --END-- [ RunTime:0.001677s ]
INFO: [ view_parse ] --START--
NOTIC: [8] Undefined variable: Title C:\AppServ\www\jianli\inspect\Home\Node\Runtime\Cache\7fd68dd5d7cdfdee61e9b0f022c8c128.php 第 11 行.
INFO: Run ParseTemplate Behavior [ RunTime:0.008254s ]
INFO: [ view_parse ] --END-- [ RunTime:0.008344s ]
INFO: [ view_filter ] --START--
INFO: Run ContentReplace Behavior [ RunTime:0.001026s ]
INFO: Run TokenBuild Behavior [ RunTime:0.000979s ]
INFO: Run WriteHtmlCache Behavior [ RunTime:0.000895s ]
INFO: Run ShowRuntime Behavior [ RunTime:0.000932s ]
INFO: [ view_filter ] --END-- [ RunTime:0.003997s ]
INFO: [ view_end ] --START--
INFO: Run ShowPageTrace Behavior [ RunTime:0.000916s ]
INFO: [ view_end ] --END-- [ RunTime:0.000970s ]

[ 2014-04-29T10:45:49+08:00 ] 127.0.0.1 /jianli/inspect/node.php?s=/Budget/detail
INFO: [ route_check ] --START--
INFO: Run CheckRoute Behavior [ RunTime:0.000936s ]
INFO: [ route_check ] --END-- [ RunTime:0.001012s ]
INFO: [ app_begin ] --START--
INFO: Run ReadHtmlCache Behavior [ RunTime:0.000905s ]
INFO: [ app_begin ] --END-- [ RunTime:0.000969s ]
SQL: SHOW COLUMNS FROM `tb_session` [ RunTime:0.001999s ]
NOTIC: [8] Undefined index:  company C:\AppServ\www\jianli\inspect\Home\Node\Lib\Model\BaseModel.class.php 第 34 行.
SQL: SELECT * FROM `tb_session` WHERE ( `appid` = 1 ) AND ( `status` = 0 ) AND ( `key` = '35cb002addbe791b11c88f849ed83bb0' ) LIMIT 1   [ RunTime:0.000385s ]
SQL: UPDATE `tb_session` SET `expire`=1398746748 WHERE ( `appid` = 1 ) AND ( `status` = 0 ) AND ( `id` = 1 ) [ RunTime:0.000161s ]
SQL: SHOW COLUMNS FROM `tb_user` [ RunTime:0.001969s ]
NOTIC: [8] Undefined index:  company C:\AppServ\www\jianli\inspect\Home\Node\Lib\Model\BaseModel.class.php 第 34 行.
SQL: SELECT * FROM `tb_user` WHERE ( `appid` = 1 ) AND ( `status` = 0 ) AND ( `id` = 2 ) LIMIT 1   [ RunTime:0.000355s ]
SQL: SHOW COLUMNS FROM `tb_budget` [ RunTime:0.002425s ]
ERR: Table 'jianliht.tb_budget' doesn't exist
 [ SQL语句 ] : SHOW COLUMNS FROM `tb_budget`
NOTIC: [8] Undefined index:  company C:\AppServ\www\jianli\inspect\Home\Node\Lib\Model\BaseModel.class.php 第 34 行.
INFO: [ view_template ] --START--
INFO: Run LocationTemplate Behavior [ RunTime:0.002661s ]
INFO: [ view_template ] --END-- [ RunTime:0.002732s ]
INFO: [ view_parse ] --START--
NOTIC: [8] Undefined variable: Title C:\AppServ\www\jianli\inspect\Home\Node\Runtime\Cache\d5bea7df03d5baadbbc7153ffcbec79f.php 第 11 行.
NOTIC: [8] Undefined variable: hard C:\AppServ\www\jianli\inspect\Home\Node\Runtime\Cache\d5bea7df03d5baadbbc7153ffcbec79f.php 第 30 行.
NOTIC: [8] Undefined variable: soft C:\AppServ\www\jianli\inspect\Home\Node\Runtime\Cache\d5bea7df03d5baadbbc7153ffcbec79f.php 第 31 行.
NOTIC: [8] Undefined variable: total C:\AppServ\www\jianli\inspect\Home\Node\Runtime\Cache\d5bea7df03d5baadbbc7153ffcbec79f.php 第 32 行.
INFO: Run ParseTemplate Behavior [ RunTime:0.009385s ]
INFO: [ view_parse ] --END-- [ RunTime:0.009457s ]
INFO: [ view_filter ] --START--
INFO: Run ContentReplace Behavior [ RunTime:0.000409s ]
INFO: Run TokenBuild Behavior [ RunTime:0.000944s ]
INFO: Run WriteHtmlCache Behavior [ RunTime:0.001024s ]
INFO: Run ShowRuntime Behavior [ RunTime:0.000932s ]
INFO: [ view_filter ] --END-- [ RunTime:0.003474s ]
INFO: [ view_end ] --START--
INFO: Run ShowPageTrace Behavior [ RunTime:0.000930s ]
INFO: [ view_end ] --END-- [ RunTime:0.000987s ]

[ 2014-04-29T10:46:50+08:00 ] 127.0.0.1 /jianli/inspect/node.php?s=/Budget/detail
INFO: [ route_check ] --START--
INFO: Run CheckRoute Behavior [ RunTime:0.001026s ]
INFO: [ route_check ] --END-- [ RunTime:0.001179s ]
INFO: [ app_begin ] --START--
INFO: Run ReadHtmlCache Behavior [ RunTime:0.001001s ]
INFO: [ app_begin ] --END-- [ RunTime:0.001133s ]
SQL: SHOW COLUMNS FROM `tb_session` [ RunTime:0.001949s ]
NOTIC: [8] Undefined index:  company C:\AppServ\www\jianli\inspect\Home\Node\Lib\Model\BaseModel.class.php 第 34 行.
SQL: SELECT * FROM `tb_session` WHERE ( `appid` = 1 ) AND ( `status` = 0 ) AND ( `key` = '3647643470500257da01b5e4803238b1' ) LIMIT 1   [ RunTime:0.000452s ]
SQL: UPDATE `tb_session` SET `expire`=1398746810 WHERE ( `appid` = 1 ) AND ( `status` = 0 ) AND ( `id` = 1 ) [ RunTime:0.000145s ]
SQL: SHOW COLUMNS FROM `tb_user` [ RunTime:0.002039s ]
NOTIC: [8] Undefined index:  company C:\AppServ\www\jianli\inspect\Home\Node\Lib\Model\BaseModel.class.php 第 34 行.
SQL: SELECT * FROM `tb_user` WHERE ( `appid` = 1 ) AND ( `status` = 0 ) AND ( `id` = 2 ) LIMIT 1   [ RunTime:0.000381s ]
SQL: SHOW COLUMNS FROM `tb_budget` [ RunTime:0.002259s ]
ERR: Table 'jianliht.tb_budget' doesn't exist
 [ SQL语句 ] : SHOW COLUMNS FROM `tb_budget`
NOTIC: [8] Undefined index:  company C:\AppServ\www\jianli\inspect\Home\Node\Lib\Model\BaseModel.class.php 第 34 行.
INFO: [ view_template ] --START--
INFO: Run LocationTemplate Behavior [ RunTime:0.000940s ]
INFO: [ view_template ] --END-- [ RunTime:0.001001s ]
INFO: [ view_parse ] --START--
NOTIC: [8] Undefined variable: Title C:\AppServ\www\jianli\inspect\Home\Node\Runtime\Cache\d5bea7df03d5baadbbc7153ffcbec79f.php 第 11 行.
NOTIC: [8] Undefined variable: hard C:\AppServ\www\jianli\inspect\Home\Node\Runtime\Cache\d5bea7df03d5baadbbc7153ffcbec79f.php 第 30 行.
NOTIC: [8] Undefined variable: soft C:\AppServ\www\jianli\inspect\Home\Node\Runtime\Cache\d5bea7df03d5baadbbc7153ffcbec79f.php 第 31 行.
NOTIC: [8] Undefined variable: total C:\AppServ\www\jianli\inspect\Home\Node\Runtime\Cache\d5bea7df03d5baadbbc7153ffcbec79f.php 第 32 行.
INFO: Run ParseTemplate Behavior [ RunTime:0.006981s ]
INFO: [ view_parse ] --END-- [ RunTime:0.007046s ]
INFO: [ view_filter ] --START--
INFO: Run ContentReplace Behavior [ RunTime:0.001144s ]
INFO: Run TokenBuild Behavior [ RunTime:0.000807s ]
INFO: Run WriteHtmlCache Behavior [ RunTime:0.000483s ]
INFO: Run ShowRuntime Behavior [ RunTime:0.000503s ]
INFO: [ view_filter ] --END-- [ RunTime:0.003128s ]
INFO: [ view_end ] --START--
INFO: Run ShowPageTrace Behavior [ RunTime:0.000537s ]
INFO: [ view_end ] --END-- [ RunTime:0.000601s ]

