[ 2014-05-21T09:17:14+08:00 ] 127.0.0.1 /jianli/inspect/node.php?s=/Budget/soft
INFO: [ route_check ] --START--
INFO: Run CheckRoute Behavior [ RunTime:0.008759s ]
INFO: [ route_check ] --END-- [ RunTime:0.008942s ]
INFO: [ app_begin ] --START--
INFO: Run ReadHtmlCache Behavior [ RunTime:0.005213s ]
INFO: [ app_begin ] --END-- [ RunTime:0.005352s ]
NOTIC: [8] Undefined variable: data C:\AppServ\www\jianli\inspect\Home\Node\Lib\Action\BaseAction.class.php 第 19 行.
SQL: SHOW COLUMNS FROM `tb_session` [ RunTime:0.002929s ]
SQL: SELECT * FROM `tb_session` WHERE ( `appid` = 1 ) AND ( `status` = 0 ) AND ( `key` = '95c0d13508c22cd938490d16a386e718' ) LIMIT 1   [ RunTime:0.000349s ]
SQL: UPDATE `tb_session` SET `expire`=1400642233 WHERE ( `appid` = 1 ) AND ( `status` = 0 ) AND ( `id` = 1 ) [ RunTime:0.000246s ]
SQL: SHOW COLUMNS FROM `tb_user` [ RunTime:0.002473s ]
SQL: SELECT * FROM `tb_user` WHERE ( `appid` = 1 ) AND ( `status` = 0 ) AND ( `id` = 1 ) LIMIT 1   [ RunTime:0.000274s ]
SQL: SHOW COLUMNS FROM `tb_user_info` [ RunTime:0.004203s ]
SQL: SELECT * FROM `tb_user_info` WHERE ( `appid` = 1 ) AND ( `status` = 0 ) AND ( `uid` = 1 ) LIMIT 1   [ RunTime:0.000668s ]
SQL: SHOW COLUMNS FROM `tb_user_budget` [ RunTime:0.004556s ]
SQL: SELECT * FROM `tb_user_budget` WHERE ( `appid` = 1 ) AND ( `status` = 0 ) AND ( `uid` = 1 ) AND ( `name` = 'soft' ) LIMIT 1   [ RunTime:0.000407s ]
SQL: SELECT * FROM `tb_user_budget` WHERE ( `appid` = 1 ) AND ( `status` = 0 ) AND ( `uid` = 1 ) AND ( `pid` = 2 )  [ RunTime:0.000334s ]
INFO: [ view_template ] --START--
INFO: Run LocationTemplate Behavior [ RunTime:0.016620s ]
INFO: [ view_template ] --END-- [ RunTime:0.016771s ]
INFO: [ view_parse ] --START--
NOTIC: [8] Undefined variable: Title C:\AppServ\www\jianli\inspect\Home\Node\Runtime\Cache\4b716ac687b1835a880c4989d2c535ee.php 第 8 行.
INFO: Run ParseTemplate Behavior [ RunTime:0.120216s ]
INFO: [ view_parse ] --END-- [ RunTime:0.120326s ]
INFO: [ view_filter ] --START--
INFO: Run ContentReplace Behavior [ RunTime:0.011120s ]
INFO: Run TokenBuild Behavior [ RunTime:0.015461s ]
INFO: Run WriteHtmlCache Behavior [ RunTime:0.011082s ]
INFO: Run ShowRuntime Behavior [ RunTime:0.013519s ]
INFO: [ view_filter ] --END-- [ RunTime:0.051505s ]
INFO: [ view_end ] --START--
INFO: Run ShowPageTrace Behavior [ RunTime:0.013959s ]
INFO: [ view_end ] --END-- [ RunTime:0.014167s ]

[ 2014-05-21T09:17:14+08:00 ] 127.0.0.1 /jianli/inspect/node.php?s=/Budget/softCalculate
INFO: [ route_check ] --START--
INFO: Run CheckRoute Behavior [ RunTime:0.000254s ]
INFO: [ route_check ] --END-- [ RunTime:0.000354s ]
INFO: [ app_begin ] --START--
INFO: Run ReadHtmlCache Behavior [ RunTime:0.000259s ]
INFO: [ app_begin ] --END-- [ RunTime:0.000366s ]
SQL: SHOW COLUMNS FROM `tb_session` [ RunTime:0.001556s ]
SQL: SELECT * FROM `tb_session` WHERE ( `appid` = 1 ) AND ( `status` = 0 ) AND ( `key` = '95c0d13508c22cd938490d16a386e718' ) LIMIT 1   [ RunTime:0.000262s ]
SQL: UPDATE `tb_session` SET `expire`=1400642234 WHERE ( `appid` = 1 ) AND ( `status` = 0 ) AND ( `id` = 1 ) [ RunTime:0.000424s ]
SQL: SHOW COLUMNS FROM `tb_user` [ RunTime:0.001990s ]
SQL: SELECT * FROM `tb_user` WHERE ( `appid` = 1 ) AND ( `status` = 0 ) AND ( `id` = 1 ) LIMIT 1   [ RunTime:0.000241s ]
SQL: SHOW COLUMNS FROM `tb_user_info` [ RunTime:0.002267s ]
SQL: SELECT * FROM `tb_user_info` WHERE ( `appid` = 1 ) AND ( `status` = 0 ) AND ( `uid` = 1 ) LIMIT 1   [ RunTime:0.002082s ]
SQL: SHOW COLUMNS FROM `tb_user_budget` [ RunTime:0.001724s ]
NOTIC: [8] Undefined variable: msg C:\AppServ\www\jianli\inspect\Home\Node\Lib\Action\BudgetAction.class.php 第 253 行.

[ 2014-05-21T09:24:39+08:00 ] 127.0.0.1 /jianli/inspect/node.php?s=/Budget/hard
INFO: [ route_check ] --START--
INFO: Run CheckRoute Behavior [ RunTime:0.000964s ]
INFO: [ route_check ] --END-- [ RunTime:0.001139s ]
INFO: [ app_begin ] --START--
INFO: Run ReadHtmlCache Behavior [ RunTime:0.000963s ]
INFO: [ app_begin ] --END-- [ RunTime:0.001123s ]
SQL: SHOW COLUMNS FROM `tb_session` [ RunTime:0.001821s ]
SQL: SELECT * FROM `tb_session` WHERE ( `appid` = 1 ) AND ( `status` = 0 ) AND ( `key` = 'ada5cc6132311b1264d276dba4e5cfc8' ) LIMIT 1   [ RunTime:0.000283s ]
SQL: UPDATE `tb_session` SET `expire`=1400642679 WHERE ( `appid` = 1 ) AND ( `status` = 0 ) AND ( `id` = 1 ) [ RunTime:0.000190s ]
SQL: SHOW COLUMNS FROM `tb_user` [ RunTime:0.001835s ]
SQL: SELECT * FROM `tb_user` WHERE ( `appid` = 1 ) AND ( `status` = 0 ) AND ( `id` = 1 ) LIMIT 1   [ RunTime:0.000257s ]
SQL: SHOW COLUMNS FROM `tb_user_info` [ RunTime:0.002127s ]
SQL: SELECT * FROM `tb_user_info` WHERE ( `appid` = 1 ) AND ( `status` = 0 ) AND ( `uid` = 1 ) LIMIT 1   [ RunTime:0.000355s ]
SQL: SHOW COLUMNS FROM `tb_user_budget` [ RunTime:0.001527s ]
SQL: SELECT * FROM `tb_user_budget` WHERE ( `appid` = 1 ) AND ( `status` = 0 ) AND ( `uid` = 1 ) AND ( `name` = 'hard' ) LIMIT 1   [ RunTime:0.000272s ]
SQL: SELECT * FROM `tb_user_budget` WHERE ( `appid` = 1 ) AND ( `status` = 0 ) AND ( `uid` = 1 ) AND ( `pid` = 1 )  [ RunTime:0.000378s ]
INFO: [ view_template ] --START--
INFO: Run LocationTemplate Behavior [ RunTime:0.001462s ]
INFO: [ view_template ] --END-- [ RunTime:0.001537s ]
INFO: [ view_parse ] --START--
NOTIC: [8] Undefined variable: Title C:\AppServ\www\jianli\inspect\Home\Node\Runtime\Cache\a0e7d728121bf0d584a91b635b746109.php 第 8 行.
INFO: Run ParseTemplate Behavior [ RunTime:0.053439s ]
INFO: [ view_parse ] --END-- [ RunTime:0.053515s ]
INFO: [ view_filter ] --START--
INFO: Run ContentReplace Behavior [ RunTime:0.001166s ]
INFO: Run TokenBuild Behavior [ RunTime:0.001029s ]
INFO: Run WriteHtmlCache Behavior [ RunTime:0.000980s ]
INFO: Run ShowRuntime Behavior [ RunTime:0.000557s ]
INFO: [ view_filter ] --END-- [ RunTime:0.003891s ]
INFO: [ view_end ] --START--
INFO: Run ShowPageTrace Behavior [ RunTime:0.001235s ]
INFO: [ view_end ] --END-- [ RunTime:0.001314s ]

[ 2014-05-21T09:24:39+08:00 ] 127.0.0.1 /jianli/inspect/node.php?s=/Budget/calculate
INFO: [ route_check ] --START--
INFO: Run CheckRoute Behavior [ RunTime:0.000601s ]
INFO: [ route_check ] --END-- [ RunTime:0.000714s ]
INFO: [ app_begin ] --START--
INFO: Run ReadHtmlCache Behavior [ RunTime:0.000585s ]
INFO: [ app_begin ] --END-- [ RunTime:0.000663s ]
SQL: SHOW COLUMNS FROM `tb_session` [ RunTime:0.001949s ]
SQL: SELECT * FROM `tb_session` WHERE ( `appid` = 1 ) AND ( `status` = 0 ) AND ( `key` = 'ada5cc6132311b1264d276dba4e5cfc8' ) LIMIT 1   [ RunTime:0.000505s ]
SQL: SHOW COLUMNS FROM `tb_user_budget` [ RunTime:0.001825s ]
NOTIC: [8] Undefined variable: msg C:\AppServ\www\jianli\inspect\Home\Node\Lib\Action\BudgetAction.class.php 第 253 行.

[ 2014-05-21T09:31:13+08:00 ] 127.0.0.1 /jianli/inspect/node.php?s=/Budget/fee
INFO: [ route_check ] --START--
INFO: Run CheckRoute Behavior [ RunTime:0.000679s ]
INFO: [ route_check ] --END-- [ RunTime:0.000779s ]
INFO: [ app_begin ] --START--
INFO: Run ReadHtmlCache Behavior [ RunTime:0.002536s ]
INFO: [ app_begin ] --END-- [ RunTime:0.002652s ]
SQL: SHOW COLUMNS FROM `tb_session` [ RunTime:0.002074s ]
SQL: SELECT * FROM `tb_session` WHERE ( `appid` = 1 ) AND ( `status` = 0 ) AND ( `key` = '6185d312659943bcfc6824cd0156d7c3' ) LIMIT 1   [ RunTime:0.000246s ]
SQL: UPDATE `tb_session` SET `expire`=1400643073 WHERE ( `appid` = 1 ) AND ( `status` = 0 ) AND ( `id` = 1 ) [ RunTime:0.000351s ]
SQL: SHOW COLUMNS FROM `tb_user` [ RunTime:0.004035s ]
SQL: SELECT * FROM `tb_user` WHERE ( `appid` = 1 ) AND ( `status` = 0 ) AND ( `id` = 1 ) LIMIT 1   [ RunTime:0.000326s ]
SQL: SHOW COLUMNS FROM `tb_user_info` [ RunTime:0.001792s ]
SQL: SELECT * FROM `tb_user_info` WHERE ( `appid` = 1 ) AND ( `status` = 0 ) AND ( `uid` = 1 ) LIMIT 1   [ RunTime:0.000280s ]
SQL: SHOW COLUMNS FROM `tb_user_budget` [ RunTime:0.001585s ]
SQL: SELECT * FROM `tb_user_budget` WHERE ( `appid` = 1 ) AND ( `status` = 0 ) AND ( `uid` = 1 ) AND ( `name` = 'hard' ) LIMIT 1   [ RunTime:0.000253s ]
SQL: SELECT * FROM `tb_user_budget` WHERE ( `appid` = 1 ) AND ( `status` = 0 ) AND ( `uid` = 1 ) AND ( `pid` = 1 )  [ RunTime:0.000207s ]
SQL: SELECT * FROM `tb_user_budget` WHERE ( `appid` = 1 ) AND ( `status` = 0 ) AND ( `uid` = 1 ) AND ( `name` = 'soft' ) LIMIT 1   [ RunTime:0.000176s ]
SQL: SELECT * FROM `tb_user_budget` WHERE ( `appid` = 1 ) AND ( `status` = 0 ) AND ( `uid` = 1 ) AND ( `pid` = 2 )  [ RunTime:0.000173s ]
INFO: [ view_template ] --START--
INFO: Run LocationTemplate Behavior [ RunTime:0.001090s ]
INFO: [ view_template ] --END-- [ RunTime:0.001150s ]
INFO: [ view_parse ] --START--
NOTIC: [8] Undefined variable: Title C:\AppServ\www\jianli\inspect\Home\Node\Runtime\Cache\0c936d0808da1dbcb5ee0dface8e50a9.php 第 8 行.
NOTIC: [8] Undefined variable: title C:\AppServ\www\jianli\inspect\Home\Node\Runtime\Cache\0c936d0808da1dbcb5ee0dface8e50a9.php 第 30 行.
INFO: Run ParseTemplate Behavior [ RunTime:0.049816s ]
INFO: [ view_parse ] --END-- [ RunTime:0.049928s ]
INFO: [ view_filter ] --START--
INFO: Run ContentReplace Behavior [ RunTime:0.001318s ]
INFO: Run TokenBuild Behavior [ RunTime:0.001099s ]
INFO: Run WriteHtmlCache Behavior [ RunTime:0.001018s ]
INFO: Run ShowRuntime Behavior [ RunTime:0.002163s ]
INFO: [ view_filter ] --END-- [ RunTime:0.005899s ]
INFO: [ view_end ] --START--
INFO: Run ShowPageTrace Behavior [ RunTime:0.005050s ]
INFO: [ view_end ] --END-- [ RunTime:0.005221s ]

[ 2014-05-21T09:33:47+08:00 ] 127.0.0.1 /jianli/inspect/node.php?s=/Budget/hard
INFO: [ route_check ] --START--
INFO: Run CheckRoute Behavior [ RunTime:0.001465s ]
INFO: [ route_check ] --END-- [ RunTime:0.001635s ]
INFO: [ app_begin ] --START--
INFO: Run ReadHtmlCache Behavior [ RunTime:0.000577s ]
INFO: [ app_begin ] --END-- [ RunTime:0.000677s ]
SQL: SHOW COLUMNS FROM `tb_session` [ RunTime:0.003563s ]
SQL: SELECT * FROM `tb_session` WHERE ( `appid` = 1 ) AND ( `status` = 0 ) AND ( `key` = '7e82fafac49c3b38a3282a9c48bf46e9' ) LIMIT 1   [ RunTime:0.000370s ]
SQL: UPDATE `tb_session` SET `expire`=1400643227 WHERE ( `appid` = 1 ) AND ( `status` = 0 ) AND ( `id` = 1 ) [ RunTime:0.000279s ]
SQL: SHOW COLUMNS FROM `tb_user` [ RunTime:0.002732s ]
SQL: SELECT * FROM `tb_user` WHERE ( `appid` = 1 ) AND ( `status` = 0 ) AND ( `id` = 1 ) LIMIT 1   [ RunTime:0.001662s ]
SQL: SHOW COLUMNS FROM `tb_user_info` [ RunTime:0.002585s ]
SQL: SELECT * FROM `tb_user_info` WHERE ( `appid` = 1 ) AND ( `status` = 0 ) AND ( `uid` = 1 ) LIMIT 1   [ RunTime:0.000443s ]
SQL: SHOW COLUMNS FROM `tb_user_budget` [ RunTime:0.002104s ]
SQL: SELECT * FROM `tb_user_budget` WHERE ( `appid` = 1 ) AND ( `status` = 0 ) AND ( `uid` = 1 ) AND ( `name` = 'hard' ) LIMIT 1   [ RunTime:0.000253s ]
SQL: SELECT * FROM `tb_user_budget` WHERE ( `appid` = 1 ) AND ( `status` = 0 ) AND ( `uid` = 1 ) AND ( `pid` = 1 )  [ RunTime:0.000190s ]
INFO: [ view_template ] --START--
INFO: Run LocationTemplate Behavior [ RunTime:0.001172s ]
INFO: [ view_template ] --END-- [ RunTime:0.001250s ]
INFO: [ view_parse ] --START--
NOTIC: [8] Undefined variable: Title C:\AppServ\www\jianli\inspect\Home\Node\Runtime\Cache\a0e7d728121bf0d584a91b635b746109.php 第 8 行.
INFO: Run ParseTemplate Behavior [ RunTime:0.019142s ]
INFO: [ view_parse ] --END-- [ RunTime:0.019217s ]
INFO: [ view_filter ] --START--
INFO: Run ContentReplace Behavior [ RunTime:0.000760s ]
INFO: Run TokenBuild Behavior [ RunTime:0.000803s ]
INFO: Run WriteHtmlCache Behavior [ RunTime:0.000547s ]
INFO: Run ShowRuntime Behavior [ RunTime:0.000561s ]
INFO: [ view_filter ] --END-- [ RunTime:0.002865s ]
INFO: [ view_end ] --START--
INFO: Run ShowPageTrace Behavior [ RunTime:0.000836s ]
INFO: [ view_end ] --END-- [ RunTime:0.000925s ]

[ 2014-05-21T09:33:47+08:00 ] 127.0.0.1 /jianli/inspect/node.php?s=/Budget/calculate
INFO: [ route_check ] --START--
INFO: Run CheckRoute Behavior [ RunTime:0.000885s ]
INFO: [ route_check ] --END-- [ RunTime:0.001029s ]
INFO: [ app_begin ] --START--
INFO: Run ReadHtmlCache Behavior [ RunTime:0.000854s ]
INFO: [ app_begin ] --END-- [ RunTime:0.000948s ]
SQL: SHOW COLUMNS FROM `tb_session` [ RunTime:0.002077s ]
SQL: SELECT * FROM `tb_session` WHERE ( `appid` = 1 ) AND ( `status` = 0 ) AND ( `key` = '7e82fafac49c3b38a3282a9c48bf46e9' ) LIMIT 1   [ RunTime:0.000248s ]
SQL: SHOW COLUMNS FROM `tb_user_budget` [ RunTime:0.002199s ]
NOTIC: [8] Undefined variable: msg C:\AppServ\www\jianli\inspect\Home\Node\Lib\Action\BudgetAction.class.php 第 253 行.

[ 2014-05-21T09:33:58+08:00 ] 127.0.0.1 /jianli/inspect/node.php?s=/Budget/calculate
INFO: [ route_check ] --START--
INFO: Run CheckRoute Behavior [ RunTime:0.000409s ]
INFO: [ route_check ] --END-- [ RunTime:0.000566s ]
INFO: [ app_begin ] --START--
INFO: Run ReadHtmlCache Behavior [ RunTime:0.000378s ]
INFO: [ app_begin ] --END-- [ RunTime:0.000486s ]
SQL: SHOW COLUMNS FROM `tb_session` [ RunTime:0.003166s ]
SQL: SELECT * FROM `tb_session` WHERE ( `appid` = 1 ) AND ( `status` = 0 ) AND ( `key` = 'a483171ad8e32c10fd6e1d3a6947304c' ) LIMIT 1   [ RunTime:0.000751s ]
SQL: UPDATE `tb_session` SET `expire`=1400643238 WHERE ( `appid` = 1 ) AND ( `status` = 0 ) AND ( `id` = 1 ) [ RunTime:0.000328s ]
SQL: SHOW COLUMNS FROM `tb_user` [ RunTime:0.003453s ]
SQL: SELECT * FROM `tb_user` WHERE ( `appid` = 1 ) AND ( `status` = 0 ) AND ( `id` = 1 ) LIMIT 1   [ RunTime:0.000594s ]
SQL: SHOW COLUMNS FROM `tb_user_info` [ RunTime:0.001667s ]
SQL: SELECT * FROM `tb_user_info` WHERE ( `appid` = 1 ) AND ( `status` = 0 ) AND ( `uid` = 1 ) LIMIT 1   [ RunTime:0.000359s ]
SQL: SHOW COLUMNS FROM `tb_user_budget` [ RunTime:0.001527s ]
NOTIC: [8] Undefined variable: msg C:\AppServ\www\jianli\inspect\Home\Node\Lib\Action\BudgetAction.class.php 第 253 行.

[ 2014-05-21T09:43:36+08:00 ] 127.0.0.1 /jianli/inspect/node.php?s=/Budget/fee
INFO: [ route_check ] --START--
INFO: Run CheckRoute Behavior [ RunTime:0.002236s ]
INFO: [ route_check ] --END-- [ RunTime:0.002377s ]
INFO: [ app_begin ] --START--
INFO: Run ReadHtmlCache Behavior [ RunTime:0.000612s ]
INFO: [ app_begin ] --END-- [ RunTime:0.000692s ]
SQL: SHOW COLUMNS FROM `tb_session` [ RunTime:0.001691s ]
SQL: SELECT * FROM `tb_session` WHERE ( `appid` = 1 ) AND ( `status` = 0 ) AND ( `key` = 'a483171ad8e32c10fd6e1d3a6947304c' ) LIMIT 1   [ RunTime:0.000272s ]
SQL: UPDATE `tb_session` SET `expire`=1400643816 WHERE ( `appid` = 1 ) AND ( `status` = 0 ) AND ( `id` = 1 ) [ RunTime:0.000157s ]
SQL: SHOW COLUMNS FROM `tb_user` [ RunTime:0.001803s ]
SQL: SELECT * FROM `tb_user` WHERE ( `appid` = 1 ) AND ( `status` = 0 ) AND ( `id` = 1 ) LIMIT 1   [ RunTime:0.000248s ]
SQL: SHOW COLUMNS FROM `tb_user_info` [ RunTime:0.001553s ]
SQL: SELECT * FROM `tb_user_info` WHERE ( `appid` = 1 ) AND ( `status` = 0 ) AND ( `uid` = 1 ) LIMIT 1   [ RunTime:0.000260s ]
SQL: SHOW COLUMNS FROM `tb_user_budget` [ RunTime:0.001787s ]
SQL: SELECT * FROM `tb_user_budget` WHERE ( `appid` = 1 ) AND ( `status` = 0 ) AND ( `uid` = 1 ) AND ( `name` = 'hard' ) LIMIT 1   [ RunTime:0.000278s ]
SQL: SELECT * FROM `tb_user_budget` WHERE ( `appid` = 1 ) AND ( `status` = 0 ) AND ( `uid` = 1 ) AND ( `pid` = 1 )  [ RunTime:0.000172s ]
SQL: SELECT * FROM `tb_user_budget` WHERE ( `appid` = 1 ) AND ( `status` = 0 ) AND ( `uid` = 1 ) AND ( `name` = 'soft' ) LIMIT 1   [ RunTime:0.000176s ]
SQL: SELECT * FROM `tb_user_budget` WHERE ( `appid` = 1 ) AND ( `status` = 0 ) AND ( `uid` = 1 ) AND ( `pid` = 2 )  [ RunTime:0.000175s ]
INFO: [ view_template ] --START--
INFO: Run LocationTemplate Behavior [ RunTime:0.001178s ]
INFO: [ view_template ] --END-- [ RunTime:0.001243s ]
INFO: [ view_parse ] --START--
NOTIC: [8] Undefined variable: Title C:\AppServ\www\jianli\inspect\Home\Node\Runtime\Cache\0c936d0808da1dbcb5ee0dface8e50a9.php 第 8 行.
NOTIC: [8] Undefined variable: title C:\AppServ\www\jianli\inspect\Home\Node\Runtime\Cache\0c936d0808da1dbcb5ee0dface8e50a9.php 第 30 行.
INFO: Run ParseTemplate Behavior [ RunTime:0.014968s ]
INFO: [ view_parse ] --END-- [ RunTime:0.015048s ]
INFO: [ view_filter ] --START--
INFO: Run ContentReplace Behavior [ RunTime:0.000712s ]
INFO: Run TokenBuild Behavior [ RunTime:0.000577s ]
INFO: Run WriteHtmlCache Behavior [ RunTime:0.000494s ]
INFO: Run ShowRuntime Behavior [ RunTime:0.000552s ]
INFO: [ view_filter ] --END-- [ RunTime:0.002495s ]
INFO: [ view_end ] --START--
INFO: Run ShowPageTrace Behavior [ RunTime:0.000544s ]
INFO: [ view_end ] --END-- [ RunTime:0.000606s ]

[ 2014-05-21T09:43:43+08:00 ] 127.0.0.1 /jianli/inspect/node.php?s=/Budget/hard
INFO: [ route_check ] --START--
INFO: Run CheckRoute Behavior [ RunTime:0.000663s ]
INFO: [ route_check ] --END-- [ RunTime:0.000757s ]
INFO: [ app_begin ] --START--
INFO: Run ReadHtmlCache Behavior [ RunTime:0.000630s ]
INFO: [ app_begin ] --END-- [ RunTime:0.000709s ]
SQL: SHOW COLUMNS FROM `tb_session` [ RunTime:0.002346s ]
SQL: SELECT * FROM `tb_session` WHERE ( `appid` = 1 ) AND ( `status` = 0 ) AND ( `key` = 'afcfb6561d80538303b19ff4ac9446b4' ) LIMIT 1   [ RunTime:0.000247s ]
SQL: UPDATE `tb_session` SET `expire`=1400643823 WHERE ( `appid` = 1 ) AND ( `status` = 0 ) AND ( `id` = 1 ) [ RunTime:0.000248s ]
SQL: SHOW COLUMNS FROM `tb_user` [ RunTime:0.002332s ]
SQL: SELECT * FROM `tb_user` WHERE ( `appid` = 1 ) AND ( `status` = 0 ) AND ( `id` = 1 ) LIMIT 1   [ RunTime:0.000771s ]
SQL: SHOW COLUMNS FROM `tb_user_info` [ RunTime:0.003108s ]
SQL: SELECT * FROM `tb_user_info` WHERE ( `appid` = 1 ) AND ( `status` = 0 ) AND ( `uid` = 1 ) LIMIT 1   [ RunTime:0.000391s ]
SQL: SHOW COLUMNS FROM `tb_user_budget` [ RunTime:0.002582s ]
SQL: SELECT * FROM `tb_user_budget` WHERE ( `appid` = 1 ) AND ( `status` = 0 ) AND ( `uid` = 1 ) AND ( `name` = 'hard' ) LIMIT 1   [ RunTime:0.000615s ]
SQL: SELECT * FROM `tb_user_budget` WHERE ( `appid` = 1 ) AND ( `status` = 0 ) AND ( `uid` = 1 ) AND ( `pid` = 1 )  [ RunTime:0.000413s ]
INFO: [ view_template ] --START--
INFO: Run LocationTemplate Behavior [ RunTime:0.001907s ]
INFO: [ view_template ] --END-- [ RunTime:0.002039s ]
INFO: [ view_parse ] --START--
NOTIC: [8] Undefined variable: Title C:\AppServ\www\jianli\inspect\Home\Node\Runtime\Cache\a0e7d728121bf0d584a91b635b746109.php 第 8 行.
INFO: Run ParseTemplate Behavior [ RunTime:0.022775s ]
INFO: [ view_parse ] --END-- [ RunTime:0.022870s ]
INFO: [ view_filter ] --START--
INFO: Run ContentReplace Behavior [ RunTime:0.000971s ]
INFO: Run TokenBuild Behavior [ RunTime:0.000689s ]
INFO: Run WriteHtmlCache Behavior [ RunTime:0.000492s ]
INFO: Run ShowRuntime Behavior [ RunTime:0.001537s ]
INFO: [ view_filter ] --END-- [ RunTime:0.003882s ]
INFO: [ view_end ] --START--
INFO: Run ShowPageTrace Behavior [ RunTime:0.001616s ]
INFO: [ view_end ] --END-- [ RunTime:0.001708s ]

[ 2014-05-21T09:43:43+08:00 ] 127.0.0.1 /jianli/inspect/node.php?s=/Budget/calculate
INFO: [ route_check ] --START--
INFO: Run CheckRoute Behavior [ RunTime:0.000842s ]
INFO: [ route_check ] --END-- [ RunTime:0.000996s ]
INFO: [ app_begin ] --START--
INFO: Run ReadHtmlCache Behavior [ RunTime:0.000875s ]
INFO: [ app_begin ] --END-- [ RunTime:0.000992s ]
SQL: SHOW COLUMNS FROM `tb_session` [ RunTime:0.001828s ]
SQL: SELECT * FROM `tb_session` WHERE ( `appid` = 1 ) AND ( `status` = 0 ) AND ( `key` = 'afcfb6561d80538303b19ff4ac9446b4' ) LIMIT 1   [ RunTime:0.000439s ]
SQL: SHOW COLUMNS FROM `tb_user_budget` [ RunTime:0.003020s ]
NOTIC: [8] Undefined variable: msg C:\AppServ\www\jianli\inspect\Home\Node\Lib\Action\BudgetAction.class.php 第 253 行.

[ 2014-05-21T09:46:47+08:00 ] 127.0.0.1 /jianli/inspect/node.php?s=/Budget/calculate
INFO: [ route_check ] --START--
INFO: Run CheckRoute Behavior [ RunTime:0.000402s ]
INFO: [ route_check ] --END-- [ RunTime:0.000554s ]
INFO: [ app_begin ] --START--
INFO: Run ReadHtmlCache Behavior [ RunTime:0.000369s ]
INFO: [ app_begin ] --END-- [ RunTime:0.000474s ]
SQL: SHOW COLUMNS FROM `tb_session` [ RunTime:0.002645s ]
SQL: SELECT * FROM `tb_session` WHERE ( `appid` = 1 ) AND ( `status` = 0 ) AND ( `key` = 'f860407cb254f4cb0b1f46cadb427316' ) LIMIT 1   [ RunTime:0.000255s ]
SQL: UPDATE `tb_session` SET `expire`=1400644007 WHERE ( `appid` = 1 ) AND ( `status` = 0 ) AND ( `id` = 1 ) [ RunTime:0.000154s ]
SQL: SHOW COLUMNS FROM `tb_user` [ RunTime:0.001816s ]
SQL: SELECT * FROM `tb_user` WHERE ( `appid` = 1 ) AND ( `status` = 0 ) AND ( `id` = 1 ) LIMIT 1   [ RunTime:0.000264s ]
SQL: SHOW COLUMNS FROM `tb_user_info` [ RunTime:0.001672s ]
SQL: SELECT * FROM `tb_user_info` WHERE ( `appid` = 1 ) AND ( `status` = 0 ) AND ( `uid` = 1 ) LIMIT 1   [ RunTime:0.000373s ]
SQL: SHOW COLUMNS FROM `tb_user_budget` [ RunTime:0.001724s ]
NOTIC: [8] Undefined variable: msg C:\AppServ\www\jianli\inspect\Home\Node\Lib\Action\BudgetAction.class.php 第 253 行.

[ 2014-05-21T09:54:01+08:00 ] 127.0.0.1 /jianli/inspect/node.php?s=/Budget/calculate
INFO: [ route_check ] --START--
INFO: Run CheckRoute Behavior [ RunTime:0.002118s ]
INFO: [ route_check ] --END-- [ RunTime:0.002511s ]
INFO: [ app_begin ] --START--
INFO: Run ReadHtmlCache Behavior [ RunTime:0.001200s ]
INFO: [ app_begin ] --END-- [ RunTime:0.001358s ]
SQL: SHOW COLUMNS FROM `tb_session` [ RunTime:0.003063s ]
SQL: SELECT * FROM `tb_session` WHERE ( `appid` = 1 ) AND ( `status` = 0 ) AND ( `key` = 'f860407cb254f4cb0b1f46cadb427316' ) LIMIT 1   [ RunTime:0.000550s ]
SQL: UPDATE `tb_session` SET `expire`=1400644441 WHERE ( `appid` = 1 ) AND ( `status` = 0 ) AND ( `id` = 1 ) [ RunTime:0.000167s ]
SQL: SHOW COLUMNS FROM `tb_user` [ RunTime:0.001778s ]
SQL: SELECT * FROM `tb_user` WHERE ( `appid` = 1 ) AND ( `status` = 0 ) AND ( `id` = 1 ) LIMIT 1   [ RunTime:0.000254s ]
SQL: SHOW COLUMNS FROM `tb_user_info` [ RunTime:0.001632s ]
SQL: SELECT * FROM `tb_user_info` WHERE ( `appid` = 1 ) AND ( `status` = 0 ) AND ( `uid` = 1 ) LIMIT 1   [ RunTime:0.000298s ]
SQL: SHOW COLUMNS FROM `tb_user_budget` [ RunTime:0.001520s ]
NOTIC: [8] Undefined variable: msg C:\AppServ\www\jianli\inspect\Home\Node\Lib\Action\BudgetAction.class.php 第 253 行.

[ 2014-05-21T09:54:24+08:00 ] 127.0.0.1 /jianli/inspect/node.php?s=/Budget/hard
INFO: [ route_check ] --START--
INFO: Run CheckRoute Behavior [ RunTime:0.000403s ]
INFO: [ route_check ] --END-- [ RunTime:0.000559s ]
INFO: [ app_begin ] --START--
INFO: Run ReadHtmlCache Behavior [ RunTime:0.000364s ]
INFO: [ app_begin ] --END-- [ RunTime:0.000479s ]
SQL: SHOW COLUMNS FROM `tb_session` [ RunTime:0.002091s ]
SQL: SELECT * FROM `tb_session` WHERE ( `appid` = 1 ) AND ( `status` = 0 ) AND ( `key` = 'f860407cb254f4cb0b1f46cadb427316' ) LIMIT 1   [ RunTime:0.000950s ]
SQL: UPDATE `tb_session` SET `expire`=1400644464 WHERE ( `appid` = 1 ) AND ( `status` = 0 ) AND ( `id` = 1 ) [ RunTime:0.000201s ]
SQL: SHOW COLUMNS FROM `tb_user` [ RunTime:0.002026s ]
SQL: SELECT * FROM `tb_user` WHERE ( `appid` = 1 ) AND ( `status` = 0 ) AND ( `id` = 1 ) LIMIT 1   [ RunTime:0.000471s ]
SQL: SHOW COLUMNS FROM `tb_user_info` [ RunTime:0.001648s ]
SQL: SELECT * FROM `tb_user_info` WHERE ( `appid` = 1 ) AND ( `status` = 0 ) AND ( `uid` = 1 ) LIMIT 1   [ RunTime:0.000292s ]
SQL: SHOW COLUMNS FROM `tb_user_budget` [ RunTime:0.001590s ]
SQL: SELECT * FROM `tb_user_budget` WHERE ( `appid` = 1 ) AND ( `status` = 0 ) AND ( `uid` = 1 ) AND ( `name` = 'hard' ) LIMIT 1   [ RunTime:0.000261s ]
SQL: SELECT * FROM `tb_user_budget` WHERE ( `appid` = 1 ) AND ( `status` = 0 ) AND ( `name` = 'design' ) AND ( `uid` = 1 ) AND ( `pid` = 1 ) LIMIT 1   [ RunTime:0.000222s ]
SQL: UPDATE `tb_user_budget` SET `estimate`=11000 WHERE ( `appid` = 1 ) AND ( `status` = 0 ) AND ( `name` = 'design' ) AND ( `uid` = 1 ) AND ( `pid` = 1 ) [ RunTime:0.000307s ]
SQL: SELECT * FROM `tb_user_budget` WHERE ( `appid` = 1 ) AND ( `status` = 0 ) AND ( `name` = 'artificial' ) AND ( `uid` = 1 ) AND ( `pid` = 1 ) LIMIT 1   [ RunTime:0.000210s ]
SQL: UPDATE `tb_user_budget` SET `estimate`=34000 WHERE ( `appid` = 1 ) AND ( `status` = 0 ) AND ( `name` = 'artificial' ) AND ( `uid` = 1 ) AND ( `pid` = 1 ) [ RunTime:0.000243s ]
SQL: SELECT * FROM `tb_user_budget` WHERE ( `appid` = 1 ) AND ( `status` = 0 ) AND ( `name` = 'material' ) AND ( `uid` = 1 ) AND ( `pid` = 1 ) LIMIT 1   [ RunTime:0.000193s ]
SQL: UPDATE `tb_user_budget` SET `estimate`=115000 WHERE ( `appid` = 1 ) AND ( `status` = 0 ) AND ( `name` = 'material' ) AND ( `uid` = 1 ) AND ( `pid` = 1 ) [ RunTime:0.000213s ]
SQL: UPDATE `tb_user_budget` SET `estimate`=160000 WHERE ( `appid` = 1 ) AND ( `status` = 0 ) AND ( `id` = 1 ) [ RunTime:0.000148s ]
SQL: SELECT sum(estimate) as total FROM `tb_user_budget` WHERE ( `appid` = 1 ) AND ( `status` = 0 ) AND ( `uid` = 1 ) AND ( `pid` = 0 ) LIMIT 1   [ RunTime:0.000175s ]
SQL: UPDATE `tb_user_info` SET `budget`=620000 WHERE ( `appid` = 1 ) AND ( `status` = 0 ) AND ( `uid` = 1 ) [ RunTime:0.000193s ]
INFO: [ view_template ] --START--
INFO: Run LocationTemplate Behavior [ RunTime:0.001116s ]
INFO: [ view_template ] --END-- [ RunTime:0.001175s ]
INFO: [ view_parse ] --START--
NOTIC: [8] Undefined variable: Title C:\AppServ\www\jianli\inspect\Home\Node\Runtime\Cache\a0e7d728121bf0d584a91b635b746109.php 第 8 行.
INFO: Run ParseTemplate Behavior [ RunTime:0.015425s ]
INFO: [ view_parse ] --END-- [ RunTime:0.015497s ]
INFO: [ view_filter ] --START--
INFO: Run ContentReplace Behavior [ RunTime:0.000639s ]
INFO: Run TokenBuild Behavior [ RunTime:0.000602s ]
INFO: Run WriteHtmlCache Behavior [ RunTime:0.000495s ]
INFO: Run ShowRuntime Behavior [ RunTime:0.001633s ]
INFO: [ view_filter ] --END-- [ RunTime:0.003537s ]
INFO: [ view_end ] --START--
INFO: Run ShowPageTrace Behavior [ RunTime:0.001830s ]
INFO: [ view_end ] --END-- [ RunTime:0.001970s ]

[ 2014-05-21T09:54:24+08:00 ] 127.0.0.1 /jianli/inspect/node.php?s=/Budget/calculate
INFO: [ route_check ] --START--
INFO: Run CheckRoute Behavior [ RunTime:0.000604s ]
INFO: [ route_check ] --END-- [ RunTime:0.000705s ]
INFO: [ app_begin ] --START--
INFO: Run ReadHtmlCache Behavior [ RunTime:0.001615s ]
INFO: [ app_begin ] --END-- [ RunTime:0.001702s ]
SQL: SHOW COLUMNS FROM `tb_session` [ RunTime:0.002814s ]
SQL: SELECT * FROM `tb_session` WHERE ( `appid` = 1 ) AND ( `status` = 0 ) AND ( `key` = 'f860407cb254f4cb0b1f46cadb427316' ) LIMIT 1   [ RunTime:0.000648s ]
SQL: SHOW COLUMNS FROM `tb_user_budget` [ RunTime:0.002452s ]
NOTIC: [8] Undefined variable: msg C:\AppServ\www\jianli\inspect\Home\Node\Lib\Action\BudgetAction.class.php 第 253 行.

[ 2014-05-21T09:54:27+08:00 ] 127.0.0.1 /jianli/inspect/node.php?s=/Budget/calculate
INFO: [ route_check ] --START--
INFO: Run CheckRoute Behavior [ RunTime:0.000421s ]
INFO: [ route_check ] --END-- [ RunTime:0.000575s ]
INFO: [ app_begin ] --START--
INFO: Run ReadHtmlCache Behavior [ RunTime:0.000366s ]
INFO: [ app_begin ] --END-- [ RunTime:0.000475s ]
SQL: SHOW COLUMNS FROM `tb_session` [ RunTime:0.003058s ]
SQL: SELECT * FROM `tb_session` WHERE ( `appid` = 1 ) AND ( `status` = 0 ) AND ( `key` = '63a6e951e6a0015a63d7a172e54018b7' ) LIMIT 1   [ RunTime:0.000587s ]
SQL: UPDATE `tb_session` SET `expire`=1400644467 WHERE ( `appid` = 1 ) AND ( `status` = 0 ) AND ( `id` = 1 ) [ RunTime:0.000291s ]
SQL: SHOW COLUMNS FROM `tb_user` [ RunTime:0.003535s ]
SQL: SELECT * FROM `tb_user` WHERE ( `appid` = 1 ) AND ( `status` = 0 ) AND ( `id` = 1 ) LIMIT 1   [ RunTime:0.000567s ]
SQL: SHOW COLUMNS FROM `tb_user_info` [ RunTime:0.003145s ]
SQL: SELECT * FROM `tb_user_info` WHERE ( `appid` = 1 ) AND ( `status` = 0 ) AND ( `uid` = 1 ) LIMIT 1   [ RunTime:0.000592s ]
SQL: SHOW COLUMNS FROM `tb_user_budget` [ RunTime:0.002893s ]
NOTIC: [8] Undefined variable: msg C:\AppServ\www\jianli\inspect\Home\Node\Lib\Action\BudgetAction.class.php 第 253 行.

[ 2014-05-21T09:54:32+08:00 ] 127.0.0.1 /jianli/inspect/node.php?s=/Budget/calculate
INFO: [ route_check ] --START--
INFO: Run CheckRoute Behavior [ RunTime:0.000396s ]
INFO: [ route_check ] --END-- [ RunTime:0.000552s ]
INFO: [ app_begin ] --START--
INFO: Run ReadHtmlCache Behavior [ RunTime:0.000370s ]
INFO: [ app_begin ] --END-- [ RunTime:0.000480s ]
SQL: SHOW COLUMNS FROM `tb_session` [ RunTime:0.003062s ]
SQL: SELECT * FROM `tb_session` WHERE ( `appid` = 1 ) AND ( `status` = 0 ) AND ( `key` = '63a6e951e6a0015a63d7a172e54018b7' ) LIMIT 1   [ RunTime:0.000588s ]
SQL: UPDATE `tb_session` SET `expire`=1400644472 WHERE ( `appid` = 1 ) AND ( `status` = 0 ) AND ( `id` = 1 ) [ RunTime:0.000292s ]
SQL: SHOW COLUMNS FROM `tb_user` [ RunTime:0.003420s ]
SQL: SELECT * FROM `tb_user` WHERE ( `appid` = 1 ) AND ( `status` = 0 ) AND ( `id` = 1 ) LIMIT 1   [ RunTime:0.000569s ]
SQL: SHOW COLUMNS FROM `tb_user_info` [ RunTime:0.003264s ]
SQL: SELECT * FROM `tb_user_info` WHERE ( `appid` = 1 ) AND ( `status` = 0 ) AND ( `uid` = 1 ) LIMIT 1   [ RunTime:0.000622s ]
SQL: SHOW COLUMNS FROM `tb_user_budget` [ RunTime:0.003106s ]
NOTIC: [8] Undefined variable: msg C:\AppServ\www\jianli\inspect\Home\Node\Lib\Action\BudgetAction.class.php 第 253 行.

[ 2014-05-21T09:56:22+08:00 ] 127.0.0.1 /jianli/inspect/node.php?s=/Budget/hard
INFO: [ route_check ] --START--
INFO: Run CheckRoute Behavior [ RunTime:0.001110s ]
INFO: [ route_check ] --END-- [ RunTime:0.001304s ]
INFO: [ app_begin ] --START--
INFO: Run ReadHtmlCache Behavior [ RunTime:0.001090s ]
INFO: [ app_begin ] --END-- [ RunTime:0.001217s ]
SQL: SHOW COLUMNS FROM `tb_session` [ RunTime:0.002441s ]
SQL: SELECT * FROM `tb_session` WHERE ( `appid` = 1 ) AND ( `status` = 0 ) AND ( `key` = '63a6e951e6a0015a63d7a172e54018b7' ) LIMIT 1   [ RunTime:0.000303s ]
SQL: UPDATE `tb_session` SET `expire`=1400644582 WHERE ( `appid` = 1 ) AND ( `status` = 0 ) AND ( `id` = 1 ) [ RunTime:0.000175s ]
SQL: SHOW COLUMNS FROM `tb_user` [ RunTime:0.001814s ]
SQL: SELECT * FROM `tb_user` WHERE ( `appid` = 1 ) AND ( `status` = 0 ) AND ( `id` = 1 ) LIMIT 1   [ RunTime:0.000392s ]
SQL: SHOW COLUMNS FROM `tb_user_info` [ RunTime:0.001686s ]
SQL: SELECT * FROM `tb_user_info` WHERE ( `appid` = 1 ) AND ( `status` = 0 ) AND ( `uid` = 1 ) LIMIT 1   [ RunTime:0.000228s ]
SQL: SHOW COLUMNS FROM `tb_user_budget` [ RunTime:0.001632s ]
SQL: SELECT * FROM `tb_user_budget` WHERE ( `appid` = 1 ) AND ( `status` = 0 ) AND ( `uid` = 1 ) AND ( `name` = 'hard' ) LIMIT 1   [ RunTime:0.000223s ]
SQL: SELECT * FROM `tb_user_budget` WHERE ( `appid` = 1 ) AND ( `status` = 0 ) AND ( `name` = 'design' ) AND ( `uid` = 1 ) AND ( `pid` = 1 ) LIMIT 1   [ RunTime:0.000178s ]
SQL: UPDATE `tb_user_budget` SET `estimate`=14000 WHERE ( `appid` = 1 ) AND ( `status` = 0 ) AND ( `name` = 'design' ) AND ( `uid` = 1 ) AND ( `pid` = 1 ) [ RunTime:0.000229s ]
SQL: SELECT * FROM `tb_user_budget` WHERE ( `appid` = 1 ) AND ( `status` = 0 ) AND ( `name` = 'artificial' ) AND ( `uid` = 1 ) AND ( `pid` = 1 ) LIMIT 1   [ RunTime:0.000161s ]
SQL: UPDATE `tb_user_budget` SET `estimate`=34000 WHERE ( `appid` = 1 ) AND ( `status` = 0 ) AND ( `name` = 'artificial' ) AND ( `uid` = 1 ) AND ( `pid` = 1 ) [ RunTime:0.000203s ]
SQL: SELECT * FROM `tb_user_budget` WHERE ( `appid` = 1 ) AND ( `status` = 0 ) AND ( `name` = 'material' ) AND ( `uid` = 1 ) AND ( `pid` = 1 ) LIMIT 1   [ RunTime:0.000167s ]
SQL: UPDATE `tb_user_budget` SET `estimate`=115000 WHERE ( `appid` = 1 ) AND ( `status` = 0 ) AND ( `name` = 'material' ) AND ( `uid` = 1 ) AND ( `pid` = 1 ) [ RunTime:0.000189s ]
SQL: UPDATE `tb_user_budget` SET `estimate`=163000 WHERE ( `appid` = 1 ) AND ( `status` = 0 ) AND ( `id` = 1 ) [ RunTime:0.000147s ]
SQL: SELECT sum(estimate) as total FROM `tb_user_budget` WHERE ( `appid` = 1 ) AND ( `status` = 0 ) AND ( `uid` = 1 ) AND ( `pid` = 0 ) LIMIT 1   [ RunTime:0.000166s ]
SQL: UPDATE `tb_user_info` SET `budget`=623000 WHERE ( `appid` = 1 ) AND ( `status` = 0 ) AND ( `uid` = 1 ) [ RunTime:0.000148s ]
INFO: [ view_template ] --START--
INFO: Run LocationTemplate Behavior [ RunTime:0.000273s ]
INFO: [ view_template ] --END-- [ RunTime:0.000328s ]
INFO: [ view_parse ] --START--
NOTIC: [8] Undefined variable: Title C:\AppServ\www\jianli\inspect\Home\Node\Runtime\Cache\a0e7d728121bf0d584a91b635b746109.php 第 8 行.
INFO: Run ParseTemplate Behavior [ RunTime:0.012617s ]
INFO: [ view_parse ] --END-- [ RunTime:0.012686s ]
INFO: [ view_filter ] --START--
INFO: Run ContentReplace Behavior [ RunTime:0.000288s ]
INFO: Run TokenBuild Behavior [ RunTime:0.000192s ]
INFO: Run WriteHtmlCache Behavior [ RunTime:0.000144s ]
INFO: Run ShowRuntime Behavior [ RunTime:0.001054s ]
INFO: [ view_filter ] --END-- [ RunTime:0.001821s ]
INFO: [ view_end ] --START--
INFO: Run ShowPageTrace Behavior [ RunTime:0.001212s ]
INFO: [ view_end ] --END-- [ RunTime:0.001288s ]

[ 2014-05-21T09:56:22+08:00 ] 127.0.0.1 /jianli/inspect/node.php?s=/Budget/calculate
INFO: [ route_check ] --START--
INFO: Run CheckRoute Behavior [ RunTime:0.000231s ]
INFO: [ route_check ] --END-- [ RunTime:0.000403s ]
INFO: [ app_begin ] --START--
INFO: Run ReadHtmlCache Behavior [ RunTime:0.000354s ]
INFO: [ app_begin ] --END-- [ RunTime:0.000492s ]
SQL: SHOW COLUMNS FROM `tb_session` [ RunTime:0.001986s ]
SQL: SELECT * FROM `tb_session` WHERE ( `appid` = 1 ) AND ( `status` = 0 ) AND ( `key` = '63a6e951e6a0015a63d7a172e54018b7' ) LIMIT 1   [ RunTime:0.000292s ]
SQL: SHOW COLUMNS FROM `tb_user_budget` [ RunTime:0.002450s ]
NOTIC: [8] Undefined variable: msg C:\AppServ\www\jianli\inspect\Home\Node\Lib\Action\BudgetAction.class.php 第 253 行.

[ 2014-05-21T09:56:36+08:00 ] 127.0.0.1 /jianli/inspect/node.php?s=/Budget/fee
INFO: [ route_check ] --START--
INFO: Run CheckRoute Behavior [ RunTime:0.000416s ]
INFO: [ route_check ] --END-- [ RunTime:0.000563s ]
INFO: [ app_begin ] --START--
INFO: Run ReadHtmlCache Behavior [ RunTime:0.000356s ]
INFO: [ app_begin ] --END-- [ RunTime:0.000483s ]
SQL: SHOW COLUMNS FROM `tb_session` [ RunTime:0.002934s ]
SQL: SELECT * FROM `tb_session` WHERE ( `appid` = 1 ) AND ( `status` = 0 ) AND ( `key` = 'fcf5f0d6958556be61accfe10cb7c46a' ) LIMIT 1   [ RunTime:0.000832s ]
SQL: UPDATE `tb_session` SET `expire`=1400644596 WHERE ( `appid` = 1 ) AND ( `status` = 0 ) AND ( `id` = 1 ) [ RunTime:0.000536s ]
SQL: SHOW COLUMNS FROM `tb_user` [ RunTime:0.004370s ]
SQL: SELECT * FROM `tb_user` WHERE ( `appid` = 1 ) AND ( `status` = 0 ) AND ( `id` = 1 ) LIMIT 1   [ RunTime:0.000533s ]
SQL: SHOW COLUMNS FROM `tb_user_info` [ RunTime:0.002379s ]
SQL: SELECT * FROM `tb_user_info` WHERE ( `appid` = 1 ) AND ( `status` = 0 ) AND ( `uid` = 1 ) LIMIT 1   [ RunTime:0.000700s ]
SQL: SHOW COLUMNS FROM `tb_user_budget` [ RunTime:0.001669s ]
SQL: SELECT * FROM `tb_user_budget` WHERE ( `appid` = 1 ) AND ( `status` = 0 ) AND ( `uid` = 1 ) AND ( `name` = 'hard' ) LIMIT 1   [ RunTime:0.000257s ]
SQL: SELECT * FROM `tb_user_budget` WHERE ( `appid` = 1 ) AND ( `status` = 0 ) AND ( `uid` = 1 ) AND ( `pid` = 1 )  [ RunTime:0.000200s ]
SQL: SELECT * FROM `tb_user_budget` WHERE ( `appid` = 1 ) AND ( `status` = 0 ) AND ( `uid` = 1 ) AND ( `name` = 'soft' ) LIMIT 1   [ RunTime:0.000179s ]
SQL: SELECT * FROM `tb_user_budget` WHERE ( `appid` = 1 ) AND ( `status` = 0 ) AND ( `uid` = 1 ) AND ( `pid` = 2 )  [ RunTime:0.000201s ]
INFO: [ view_template ] --START--
INFO: Run LocationTemplate Behavior [ RunTime:0.001290s ]
INFO: [ view_template ] --END-- [ RunTime:0.001350s ]
INFO: [ view_parse ] --START--
NOTIC: [8] Undefined variable: Title C:\AppServ\www\jianli\inspect\Home\Node\Runtime\Cache\0c936d0808da1dbcb5ee0dface8e50a9.php 第 8 行.
NOTIC: [8] Undefined variable: title C:\AppServ\www\jianli\inspect\Home\Node\Runtime\Cache\0c936d0808da1dbcb5ee0dface8e50a9.php 第 30 行.
INFO: Run ParseTemplate Behavior [ RunTime:0.017017s ]
INFO: [ view_parse ] --END-- [ RunTime:0.017087s ]
INFO: [ view_filter ] --START--
INFO: Run ContentReplace Behavior [ RunTime:0.000651s ]
INFO: Run TokenBuild Behavior [ RunTime:0.000533s ]
INFO: Run WriteHtmlCache Behavior [ RunTime:0.000485s ]
INFO: Run ShowRuntime Behavior [ RunTime:0.001139s ]
INFO: [ view_filter ] --END-- [ RunTime:0.002967s ]
INFO: [ view_end ] --START--
INFO: Run ShowPageTrace Behavior [ RunTime:0.001248s ]
INFO: [ view_end ] --END-- [ RunTime:0.001334s ]

[ 2014-05-21T09:59:54+08:00 ] 127.0.0.1 /jianli/inspect/node.php?s=/Budget/hard
INFO: [ route_check ] --START--
INFO: Run CheckRoute Behavior [ RunTime:0.000418s ]
INFO: [ route_check ] --END-- [ RunTime:0.000584s ]
INFO: [ app_begin ] --START--
INFO: Run ReadHtmlCache Behavior [ RunTime:0.000389s ]
INFO: [ app_begin ] --END-- [ RunTime:0.000512s ]
SQL: SHOW COLUMNS FROM `tb_session` [ RunTime:0.004097s ]
SQL: SELECT * FROM `tb_session` WHERE ( `appid` = 1 ) AND ( `status` = 0 ) AND ( `key` = '7019907b2f5e42cf0471881d9551234d' ) LIMIT 1   [ RunTime:0.000350s ]
SQL: UPDATE `tb_session` SET `expire`=1400644794 WHERE ( `appid` = 1 ) AND ( `status` = 0 ) AND ( `id` = 1 ) [ RunTime:0.000734s ]
SQL: SHOW COLUMNS FROM `tb_user` [ RunTime:0.001964s ]
SQL: SELECT * FROM `tb_user` WHERE ( `appid` = 1 ) AND ( `status` = 0 ) AND ( `id` = 1 ) LIMIT 1   [ RunTime:0.000277s ]
SQL: SHOW COLUMNS FROM `tb_user_info` [ RunTime:0.001796s ]
SQL: SELECT * FROM `tb_user_info` WHERE ( `appid` = 1 ) AND ( `status` = 0 ) AND ( `uid` = 1 ) LIMIT 1   [ RunTime:0.000363s ]
SQL: SHOW COLUMNS FROM `tb_user_budget` [ RunTime:0.001578s ]
SQL: SELECT * FROM `tb_user_budget` WHERE ( `appid` = 1 ) AND ( `status` = 0 ) AND ( `uid` = 1 ) AND ( `name` = 'hard' ) LIMIT 1   [ RunTime:0.000261s ]
SQL: SELECT * FROM `tb_user_budget` WHERE ( `appid` = 1 ) AND ( `status` = 0 ) AND ( `name` = 'design' ) AND ( `uid` = 1 ) AND ( `pid` = 1 ) LIMIT 1   [ RunTime:0.000193s ]
SQL: UPDATE `tb_user_budget` SET `estimate`=12000 WHERE ( `appid` = 1 ) AND ( `status` = 0 ) AND ( `name` = 'design' ) AND ( `uid` = 1 ) AND ( `pid` = 1 ) [ RunTime:0.000237s ]
SQL: SELECT * FROM `tb_user_budget` WHERE ( `appid` = 1 ) AND ( `status` = 0 ) AND ( `name` = 'artificial' ) AND ( `uid` = 1 ) AND ( `pid` = 1 ) LIMIT 1   [ RunTime:0.000180s ]
SQL: UPDATE `tb_user_budget` SET `estimate`=35000 WHERE ( `appid` = 1 ) AND ( `status` = 0 ) AND ( `name` = 'artificial' ) AND ( `uid` = 1 ) AND ( `pid` = 1 ) [ RunTime:0.000206s ]
SQL: SELECT * FROM `tb_user_budget` WHERE ( `appid` = 1 ) AND ( `status` = 0 ) AND ( `name` = 'material' ) AND ( `uid` = 1 ) AND ( `pid` = 1 ) LIMIT 1   [ RunTime:0.000165s ]
SQL: UPDATE `tb_user_budget` SET `estimate`=116000 WHERE ( `appid` = 1 ) AND ( `status` = 0 ) AND ( `name` = 'material' ) AND ( `uid` = 1 ) AND ( `pid` = 1 ) [ RunTime:0.000199s ]
SQL: UPDATE `tb_user_budget` SET `estimate`=163000 WHERE ( `appid` = 1 ) AND ( `status` = 0 ) AND ( `id` = 1 ) [ RunTime:0.000131s ]
SQL: SELECT sum(estimate) as total FROM `tb_user_budget` WHERE ( `appid` = 1 ) AND ( `status` = 0 ) AND ( `uid` = 1 ) AND ( `pid` = 0 ) LIMIT 1   [ RunTime:0.000167s ]
SQL: UPDATE `tb_user_info` SET `budget`=623000 WHERE ( `appid` = 1 ) AND ( `status` = 0 ) AND ( `uid` = 1 ) [ RunTime:0.000128s ]
INFO: [ view_template ] --START--
INFO: Run LocationTemplate Behavior [ RunTime:0.001464s ]
INFO: [ view_template ] --END-- [ RunTime:0.001537s ]
INFO: [ view_parse ] --START--
NOTIC: [8] Undefined variable: Title C:\AppServ\www\jianli\inspect\Home\Node\Runtime\Cache\a0e7d728121bf0d584a91b635b746109.php 第 8 行.
INFO: Run ParseTemplate Behavior [ RunTime:0.017233s ]
INFO: [ view_parse ] --END-- [ RunTime:0.017307s ]
INFO: [ view_filter ] --START--
INFO: Run ContentReplace Behavior [ RunTime:0.001157s ]
INFO: Run TokenBuild Behavior [ RunTime:0.001023s ]
INFO: Run WriteHtmlCache Behavior [ RunTime:0.001013s ]
INFO: Run ShowRuntime Behavior [ RunTime:0.001078s ]
INFO: [ view_filter ] --END-- [ RunTime:0.004432s ]
INFO: [ view_end ] --START--
INFO: Run ShowPageTrace Behavior [ RunTime:0.001276s ]
INFO: [ view_end ] --END-- [ RunTime:0.001355s ]

[ 2014-05-21T09:59:54+08:00 ] 127.0.0.1 /jianli/inspect/node.php?s=/Budget/calculate
INFO: [ route_check ] --START--
INFO: Run CheckRoute Behavior [ RunTime:0.000366s ]
INFO: [ route_check ] --END-- [ RunTime:0.000925s ]
INFO: [ app_begin ] --START--
INFO: Run ReadHtmlCache Behavior [ RunTime:0.000548s ]
INFO: [ app_begin ] --END-- [ RunTime:0.000801s ]
SQL: SHOW COLUMNS FROM `tb_session` [ RunTime:0.001813s ]
SQL: SELECT * FROM `tb_session` WHERE ( `appid` = 1 ) AND ( `status` = 0 ) AND ( `key` = '7019907b2f5e42cf0471881d9551234d' ) LIMIT 1   [ RunTime:0.000172s ]
SQL: UPDATE `tb_session` SET `expire`=1400644794 WHERE ( `appid` = 1 ) AND ( `status` = 0 ) AND ( `id` = 1 ) [ RunTime:0.000171s ]
SQL: SHOW COLUMNS FROM `tb_user` [ RunTime:0.002313s ]
SQL: SELECT * FROM `tb_user` WHERE ( `appid` = 1 ) AND ( `status` = 0 ) AND ( `id` = 1 ) LIMIT 1   [ RunTime:0.000231s ]
SQL: SHOW COLUMNS FROM `tb_user_info` [ RunTime:0.001718s ]
SQL: SELECT * FROM `tb_user_info` WHERE ( `appid` = 1 ) AND ( `status` = 0 ) AND ( `uid` = 1 ) LIMIT 1   [ RunTime:0.000224s ]
SQL: SHOW COLUMNS FROM `tb_user_budget` [ RunTime:0.001913s ]
NOTIC: [8] Undefined variable: msg C:\AppServ\www\jianli\inspect\Home\Node\Lib\Action\BudgetAction.class.php 第 253 行.

[ 2014-05-21T10:42:51+08:00 ] 127.0.0.1 /jianli/inspect/node.php?s=/Budget/calculate
INFO: [ route_check ] --START--
INFO: Run CheckRoute Behavior [ RunTime:0.000603s ]
INFO: [ route_check ] --END-- [ RunTime:0.000702s ]
INFO: [ app_begin ] --START--
INFO: Run ReadHtmlCache Behavior [ RunTime:0.000865s ]
INFO: [ app_begin ] --END-- [ RunTime:0.000974s ]
SQL: SHOW COLUMNS FROM `tb_session` [ RunTime:0.002023s ]
SQL: SELECT * FROM `tb_session` WHERE ( `appid` = 1 ) AND ( `status` = 0 ) AND ( `key` = '1846a6a975a4dcecb97448877468c85f' ) LIMIT 1   [ RunTime:0.000248s ]
SQL: UPDATE `tb_session` SET `expire`=1400647371 WHERE ( `appid` = 1 ) AND ( `status` = 0 ) AND ( `id` = 1 ) [ RunTime:0.000143s ]
SQL: SHOW COLUMNS FROM `tb_user` [ RunTime:0.002884s ]
SQL: SELECT * FROM `tb_user` WHERE ( `appid` = 1 ) AND ( `status` = 0 ) AND ( `id` = 1 ) LIMIT 1   [ RunTime:0.000267s ]
SQL: SHOW COLUMNS FROM `tb_user_info` [ RunTime:0.002224s ]
SQL: SELECT * FROM `tb_user_info` WHERE ( `appid` = 1 ) AND ( `status` = 0 ) AND ( `uid` = 1 ) LIMIT 1   [ RunTime:0.000317s ]
SQL: SHOW COLUMNS FROM `tb_user_budget` [ RunTime:0.002217s ]
NOTIC: [8] Undefined variable: msg C:\AppServ\www\jianli\inspect\Home\Node\Lib\Action\BudgetAction.class.php 第 253 行.

[ 2014-05-21T10:55:34+08:00 ] 127.0.0.1 /jianli/inspect/node.php?s=/Budget/calculate
INFO: [ route_check ] --START--
INFO: Run CheckRoute Behavior [ RunTime:0.000692s ]
INFO: [ route_check ] --END-- [ RunTime:0.000806s ]
INFO: [ app_begin ] --START--
INFO: Run ReadHtmlCache Behavior [ RunTime:0.000673s ]
INFO: [ app_begin ] --END-- [ RunTime:0.000748s ]
SQL: SHOW COLUMNS FROM `tb_session` [ RunTime:0.002186s ]
SQL: SELECT * FROM `tb_session` WHERE ( `appid` = 1 ) AND ( `status` = 0 ) AND ( `key` = '1846a6a975a4dcecb97448877468c85f' ) LIMIT 1   [ RunTime:0.000339s ]
SQL: UPDATE `tb_session` SET `expire`=1400648134 WHERE ( `appid` = 1 ) AND ( `status` = 0 ) AND ( `id` = 1 ) [ RunTime:0.000162s ]
SQL: SHOW COLUMNS FROM `tb_user` [ RunTime:0.003215s ]
SQL: SELECT * FROM `tb_user` WHERE ( `appid` = 1 ) AND ( `status` = 0 ) AND ( `id` = 1 ) LIMIT 1   [ RunTime:0.000352s ]
SQL: SHOW COLUMNS FROM `tb_user_info` [ RunTime:0.002545s ]
SQL: SELECT * FROM `tb_user_info` WHERE ( `appid` = 1 ) AND ( `status` = 0 ) AND ( `uid` = 1 ) LIMIT 1   [ RunTime:0.000295s ]
SQL: SHOW COLUMNS FROM `tb_user_budget` [ RunTime:0.002178s ]
NOTIC: [8] Undefined variable: msg C:\AppServ\www\jianli\inspect\Home\Node\Lib\Action\BudgetAction.class.php 第 253 行.

[ 2014-05-21T10:55:36+08:00 ] 127.0.0.1 /jianli/inspect/node.php?s=/Budget/calculate
INFO: [ route_check ] --START--
INFO: Run CheckRoute Behavior [ RunTime:0.000435s ]
INFO: [ route_check ] --END-- [ RunTime:0.000620s ]
INFO: [ app_begin ] --START--
INFO: Run ReadHtmlCache Behavior [ RunTime:0.000417s ]
INFO: [ app_begin ] --END-- [ RunTime:0.000528s ]
SQL: SHOW COLUMNS FROM `tb_session` [ RunTime:0.003004s ]
SQL: SELECT * FROM `tb_session` WHERE ( `appid` = 1 ) AND ( `status` = 0 ) AND ( `key` = '1846a6a975a4dcecb97448877468c85f' ) LIMIT 1   [ RunTime:0.000573s ]
SQL: UPDATE `tb_session` SET `expire`=1400648136 WHERE ( `appid` = 1 ) AND ( `status` = 0 ) AND ( `id` = 1 ) [ RunTime:0.000291s ]
SQL: SHOW COLUMNS FROM `tb_user` [ RunTime:0.003405s ]
SQL: SELECT * FROM `tb_user` WHERE ( `appid` = 1 ) AND ( `status` = 0 ) AND ( `id` = 1 ) LIMIT 1   [ RunTime:0.000753s ]
SQL: SHOW COLUMNS FROM `tb_user_info` [ RunTime:0.003237s ]
SQL: SELECT * FROM `tb_user_info` WHERE ( `appid` = 1 ) AND ( `status` = 0 ) AND ( `uid` = 1 ) LIMIT 1   [ RunTime:0.000609s ]
SQL: SHOW COLUMNS FROM `tb_user_budget` [ RunTime:0.002933s ]
NOTIC: [8] Undefined variable: msg C:\AppServ\www\jianli\inspect\Home\Node\Lib\Action\BudgetAction.class.php 第 253 行.

[ 2014-05-21T10:55:37+08:00 ] 127.0.0.1 /jianli/inspect/node.php?s=/Budget/calculate
INFO: [ route_check ] --START--
INFO: Run CheckRoute Behavior [ RunTime:0.000433s ]
INFO: [ route_check ] --END-- [ RunTime:0.000602s ]
INFO: [ app_begin ] --START--
INFO: Run ReadHtmlCache Behavior [ RunTime:0.000404s ]
INFO: [ app_begin ] --END-- [ RunTime:0.000513s ]
SQL: SHOW COLUMNS FROM `tb_session` [ RunTime:0.002998s ]
SQL: SELECT * FROM `tb_session` WHERE ( `appid` = 1 ) AND ( `status` = 0 ) AND ( `key` = '1846a6a975a4dcecb97448877468c85f' ) LIMIT 1   [ RunTime:0.000564s ]
SQL: UPDATE `tb_session` SET `expire`=1400648137 WHERE ( `appid` = 1 ) AND ( `status` = 0 ) AND ( `id` = 1 ) [ RunTime:0.000293s ]
SQL: SHOW COLUMNS FROM `tb_user` [ RunTime:0.003449s ]
SQL: SELECT * FROM `tb_user` WHERE ( `appid` = 1 ) AND ( `status` = 0 ) AND ( `id` = 1 ) LIMIT 1   [ RunTime:0.000527s ]
SQL: SHOW COLUMNS FROM `tb_user_info` [ RunTime:0.003042s ]
SQL: SELECT * FROM `tb_user_info` WHERE ( `appid` = 1 ) AND ( `status` = 0 ) AND ( `uid` = 1 ) LIMIT 1   [ RunTime:0.000640s ]
SQL: SHOW COLUMNS FROM `tb_user_budget` [ RunTime:0.003183s ]
NOTIC: [8] Undefined variable: msg C:\AppServ\www\jianli\inspect\Home\Node\Lib\Action\BudgetAction.class.php 第 253 行.

[ 2014-05-21T15:39:47+08:00 ] 127.0.0.1 /jianli/inspect/node.php?s=/Budget/hard
INFO: [ route_check ] --START--
INFO: Run CheckRoute Behavior [ RunTime:0.001156s ]
INFO: [ route_check ] --END-- [ RunTime:0.001302s ]
INFO: [ app_begin ] --START--
INFO: Run ReadHtmlCache Behavior [ RunTime:0.000817s ]
INFO: [ app_begin ] --END-- [ RunTime:0.000933s ]
SQL: SHOW COLUMNS FROM `tb_session` [ RunTime:0.002167s ]
SQL: SELECT * FROM `tb_session` WHERE ( `appid` = 1 ) AND ( `status` = 0 ) AND ( `key` = '1846a6a975a4dcecb97448877468c85f' ) LIMIT 1   [ RunTime:0.000633s ]
SQL: SHOW COLUMNS FROM `tb_user_budget` [ RunTime:0.003138s ]
NOTIC: [8] Trying to get property of non-object C:\AppServ\www\jianli\inspect\Home\Node\Lib\Model\User_budgetModel.class.php 第 27 行.
SQL: SELECT * FROM `tb_user_budget` WHERE ( `appid` = 1 ) AND ( `status` = 0 ) AND ( `uid` = null ) AND ( `name` = 'hard' ) LIMIT 1   [ RunTime:0.000349s ]
NOTIC: [8] Trying to get property of non-object C:\AppServ\www\jianli\inspect\Home\Node\Lib\Model\User_budgetModel.class.php 第 31 行.
NOTIC: [8] Trying to get property of non-object C:\AppServ\www\jianli\inspect\Home\Node\Lib\Model\User_budgetModel.class.php 第 31 行.
NOTIC: [8] Trying to get property of non-object C:\AppServ\www\jianli\inspect\Home\Node\Lib\Model\User_budgetModel.class.php 第 34 行.
SQL: INSERT INTO `tb_user_budget` (`uid`,`name`,`estimate`,`appid`,`createtime`) VALUES (null,'hard',0,1,1400657987) [ RunTime:0.000245s ]
ERR: Column 'uid' cannot be null
 [ SQL语句 ] : INSERT INTO `tb_user_budget` (`uid`,`name`,`estimate`,`appid`,`createtime`) VALUES (null,'hard',0,1,1400657987)
NOTIC: [8] Trying to get property of non-object C:\AppServ\www\jianli\inspect\Home\Node\Lib\Model\User_budgetModel.class.php 第 56 行.
NOTIC: [8] Undefined index:  id C:\AppServ\www\jianli\inspect\Home\Node\Lib\Model\User_budgetModel.class.php 第 57 行.
SQL: SELECT * FROM `tb_user_budget` WHERE ( `appid` = 1 ) AND ( `status` = 0 ) AND ( `name` = 'design' ) AND ( `uid` = null ) AND ( `pid` = null ) LIMIT 1   [ RunTime:0.000229s ]
NOTIC: [8] Trying to get property of non-object C:\AppServ\www\jianli\inspect\Home\Node\Lib\Model\User_budgetModel.class.php 第 63 行.
NOTIC: [8] Undefined index:  id C:\AppServ\www\jianli\inspect\Home\Node\Lib\Model\User_budgetModel.class.php 第 64 行.
SQL: INSERT INTO `tb_user_budget` (`uid`,`pid`,`estimate`,`name`,`appid`,`createtime`) VALUES (null,null,12000,'design',1,1400657987) [ RunTime:0.000118s ]
ERR: Column 'uid' cannot be null
 [ SQL语句 ] : INSERT INTO `tb_user_budget` (`uid`,`pid`,`estimate`,`name`,`appid`,`createtime`) VALUES (null,null,12000,'design',1,1400657987)
NOTIC: [8] Trying to get property of non-object C:\AppServ\www\jianli\inspect\Home\Node\Lib\Model\User_budgetModel.class.php 第 56 行.
NOTIC: [8] Undefined index:  id C:\AppServ\www\jianli\inspect\Home\Node\Lib\Model\User_budgetModel.class.php 第 57 行.
SQL: SELECT * FROM `tb_user_budget` WHERE ( `appid` = 1 ) AND ( `status` = 0 ) AND ( `name` = 'artificial' ) AND ( `uid` = null ) AND ( `pid` = null ) LIMIT 1   [ RunTime:0.000170s ]
NOTIC: [8] Trying to get property of non-object C:\AppServ\www\jianli\inspect\Home\Node\Lib\Model\User_budgetModel.class.php 第 63 行.
NOTIC: [8] Undefined index:  id C:\AppServ\www\jianli\inspect\Home\Node\Lib\Model\User_budgetModel.class.php 第 64 行.
SQL: INSERT INTO `tb_user_budget` (`uid`,`pid`,`estimate`,`name`,`appid`,`createtime`) VALUES (null,null,35000,'artificial',1,1400657987) [ RunTime:0.000113s ]
ERR: Column 'uid' cannot be null
 [ SQL语句 ] : INSERT INTO `tb_user_budget` (`uid`,`pid`,`estimate`,`name`,`appid`,`createtime`) VALUES (null,null,35000,'artificial',1,1400657987)
NOTIC: [8] Trying to get property of non-object C:\AppServ\www\jianli\inspect\Home\Node\Lib\Model\User_budgetModel.class.php 第 56 行.
NOTIC: [8] Undefined index:  id C:\AppServ\www\jianli\inspect\Home\Node\Lib\Model\User_budgetModel.class.php 第 57 行.
SQL: SELECT * FROM `tb_user_budget` WHERE ( `appid` = 1 ) AND ( `status` = 0 ) AND ( `name` = 'material' ) AND ( `uid` = null ) AND ( `pid` = null ) LIMIT 1   [ RunTime:0.000164s ]
NOTIC: [8] Trying to get property of non-object C:\AppServ\www\jianli\inspect\Home\Node\Lib\Model\User_budgetModel.class.php 第 63 行.
NOTIC: [8] Undefined index:  id C:\AppServ\www\jianli\inspect\Home\Node\Lib\Model\User_budgetModel.class.php 第 64 行.
SQL: INSERT INTO `tb_user_budget` (`uid`,`pid`,`estimate`,`name`,`appid`,`createtime`) VALUES (null,null,116000,'material',1,1400657987) [ RunTime:0.000112s ]
ERR: Column 'uid' cannot be null
 [ SQL语句 ] : INSERT INTO `tb_user_budget` (`uid`,`pid`,`estimate`,`name`,`appid`,`createtime`) VALUES (null,null,116000,'material',1,1400657987)
NOTIC: [8] Undefined index:  id C:\AppServ\www\jianli\inspect\Home\Node\Lib\Action\BudgetAction.class.php 第 124 行.
SQL: UPDATE `tb_user_budget` SET `estimate`=163000 WHERE ( `appid` = 1 ) AND ( `status` = 0 ) AND ( `id` = null ) [ RunTime:0.000115s ]
NOTIC: [8] Trying to get property of non-object C:\AppServ\www\jianli\inspect\Home\Node\Lib\Action\BudgetAction.class.php 第 127 行.
SQL: SELECT sum(estimate) as total FROM `tb_user_budget` WHERE ( `appid` = 1 ) AND ( `status` = 0 ) AND ( `uid` = null ) AND ( `pid` = 0 ) LIMIT 1   [ RunTime:0.000182s ]
SQL: SHOW COLUMNS FROM `tb_user_info` [ RunTime:0.002795s ]
NOTIC: [8] Trying to get property of non-object C:\AppServ\www\jianli\inspect\Home\Node\Lib\Action\BudgetAction.class.php 第 128 行.
SQL: UPDATE `tb_user_info` SET `budget`=null WHERE ( `appid` = 1 ) AND ( `status` = 0 ) AND ( `uid` = null ) [ RunTime:0.000541s ]
NOTIC: [8] Trying to get property of non-object C:\AppServ\www\jianli\inspect\Home\Node\Lib\Action\BudgetAction.class.php 第 141 行.
NOTIC: [8] Trying to get property of non-object C:\AppServ\www\jianli\inspect\Home\Node\Lib\Action\BudgetAction.class.php 第 141 行.
NOTIC: [2] Invalid argument supplied for foreach() C:\AppServ\www\jianli\inspect\Home\Node\Lib\Action\BudgetAction.class.php 第 146 行.
NOTIC: [8] Trying to get property of non-object C:\AppServ\www\jianli\inspect\Home\Node\Lib\Action\BudgetAction.class.php 第 155 行.
NOTIC: [8] Trying to get property of non-object C:\AppServ\www\jianli\inspect\Home\Node\Lib\Action\BudgetAction.class.php 第 155 行.
INFO: [ view_template ] --START--
INFO: Run LocationTemplate Behavior [ RunTime:0.001080s ]
INFO: [ view_template ] --END-- [ RunTime:0.001141s ]
INFO: [ view_parse ] --START--
NOTIC: [8] Undefined variable: Title C:\AppServ\www\jianli\inspect\Home\Node\Runtime\Cache\a0e7d728121bf0d584a91b635b746109.php 第 8 行.
INFO: Run ParseTemplate Behavior [ RunTime:0.025135s ]
INFO: [ view_parse ] --END-- [ RunTime:0.025206s ]
INFO: [ view_filter ] --START--
INFO: Run ContentReplace Behavior [ RunTime:0.001225s ]
INFO: Run TokenBuild Behavior [ RunTime:0.001419s ]
INFO: Run WriteHtmlCache Behavior [ RunTime:0.001015s ]
INFO: Run ShowRuntime Behavior [ RunTime:0.001046s ]
INFO: [ view_filter ] --END-- [ RunTime:0.004890s ]
INFO: [ view_end ] --START--
INFO: Run ShowPageTrace Behavior [ RunTime:0.001229s ]
INFO: [ view_end ] --END-- [ RunTime:0.001315s ]

[ 2014-05-21T17:44:39+08:00 ] 127.0.0.1 /jianli/inspect/node.php?s=/Budget/fee
INFO: [ route_check ] --START--
INFO: Run CheckRoute Behavior [ RunTime:0.000985s ]
INFO: [ route_check ] --END-- [ RunTime:0.001097s ]
INFO: [ app_begin ] --START--
INFO: Run ReadHtmlCache Behavior [ RunTime:0.000570s ]
INFO: [ app_begin ] --END-- [ RunTime:0.000648s ]
SQL: SHOW COLUMNS FROM `tb_session` [ RunTime:0.002749s ]
SQL: SELECT * FROM `tb_session` WHERE ( `appid` = 1 ) AND ( `status` = 0 ) AND ( `key` = 'd50f6af8af6064d1fab30235201df1fb' ) LIMIT 1   [ RunTime:0.000275s ]
SQL: UPDATE `tb_session` SET `expire`=1400672679 WHERE ( `appid` = 1 ) AND ( `status` = 0 ) AND ( `id` = 1 ) [ RunTime:0.000327s ]
SQL: SHOW COLUMNS FROM `tb_user` [ RunTime:0.003887s ]
SQL: SELECT * FROM `tb_user` WHERE ( `appid` = 1 ) AND ( `status` = 0 ) AND ( `id` = 1 ) LIMIT 1   [ RunTime:0.000578s ]
SQL: SHOW COLUMNS FROM `tb_user_info` [ RunTime:0.002715s ]
SQL: SELECT * FROM `tb_user_info` WHERE ( `appid` = 1 ) AND ( `status` = 0 ) AND ( `uid` = 1 ) LIMIT 1   [ RunTime:0.000278s ]
SQL: SHOW COLUMNS FROM `tb_user_budget` [ RunTime:0.002698s ]
SQL: SELECT * FROM `tb_user_budget` WHERE ( `appid` = 1 ) AND ( `status` = 0 ) AND ( `uid` = 1 ) AND ( `name` = 'hard' ) LIMIT 1   [ RunTime:0.000468s ]
SQL: SELECT * FROM `tb_user_budget` WHERE ( `appid` = 1 ) AND ( `status` = 0 ) AND ( `uid` = 1 ) AND ( `pid` = 1 )  [ RunTime:0.000241s ]
SQL: SELECT * FROM `tb_user_budget` WHERE ( `appid` = 1 ) AND ( `status` = 0 ) AND ( `uid` = 1 ) AND ( `name` = 'soft' ) LIMIT 1   [ RunTime:0.000244s ]
SQL: SELECT * FROM `tb_user_budget` WHERE ( `appid` = 1 ) AND ( `status` = 0 ) AND ( `uid` = 1 ) AND ( `pid` = 2 )  [ RunTime:0.000333s ]
INFO: [ view_template ] --START--
INFO: Run LocationTemplate Behavior [ RunTime:0.001124s ]
INFO: [ view_template ] --END-- [ RunTime:0.001186s ]
INFO: [ view_parse ] --START--
INFO: Run ParseTemplate Behavior [ RunTime:0.021322s ]
INFO: [ view_parse ] --END-- [ RunTime:0.021409s ]
INFO: [ view_filter ] --START--
INFO: Run ContentReplace Behavior [ RunTime:0.000718s ]
INFO: Run TokenBuild Behavior [ RunTime:0.000577s ]
INFO: Run WriteHtmlCache Behavior [ RunTime:0.000774s ]
INFO: Run ShowRuntime Behavior [ RunTime:0.001709s ]
INFO: [ view_filter ] --END-- [ RunTime:0.003985s ]
INFO: [ view_end ] --START--
INFO: Run ShowPageTrace Behavior [ RunTime:0.002118s ]
INFO: [ view_end ] --END-- [ RunTime:0.002251s ]

