[ 2014-05-08T10:32:33+08:00 ] 127.0.0.1 /jianli/inspect/node.php?s=/Budget/detail
INFO: [ route_check ] --START--
INFO: Run CheckRoute Behavior [ RunTime:0.013721s ]
INFO: [ route_check ] --END-- [ RunTime:0.013902s ]
INFO: [ app_begin ] --START--
INFO: Run ReadHtmlCache Behavior [ RunTime:0.005249s ]
INFO: [ app_begin ] --END-- [ RunTime:0.005378s ]
NOTIC: [8] Undefined variable: data C:\AppServ\www\jianli\inspect\Home\Node\Lib\Action\BaseAction.class.php 第 19 行.
SQL: SHOW COLUMNS FROM `tb_session` [ RunTime:0.003931s ]
NOTIC: [8] Undefined index:  company C:\AppServ\www\jianli\inspect\Home\Node\Lib\Model\BaseModel.class.php 第 34 行.
NOTIC: [8] Undefined index:  SN_KEY C:\AppServ\www\jianli\inspect\Home\Node\Lib\Model\SessionModel.class.php 第 14 行.
SQL: SHOW COLUMNS FROM `tb_budget` [ RunTime:0.004352s ]
ERR: Table 'jianliht.tb_budget' doesn't exist
 [ SQL语句 ] : SHOW COLUMNS FROM `tb_budget`
NOTIC: [8] Undefined index:  company C:\AppServ\www\jianli\inspect\Home\Node\Lib\Model\BaseModel.class.php 第 34 行.
INFO: [ view_template ] --START--
INFO: Run LocationTemplate Behavior [ RunTime:0.010945s ]
INFO: [ view_template ] --END-- [ RunTime:0.011096s ]
INFO: [ view_parse ] --START--
NOTIC: [8] Undefined variable: Title C:\AppServ\www\jianli\inspect\Home\Node\Runtime\Cache\d5bea7df03d5baadbbc7153ffcbec79f.php 第 8 行.
INFO: Run ParseTemplate Behavior [ RunTime:0.072185s ]
INFO: [ view_parse ] --END-- [ RunTime:0.072330s ]
INFO: [ view_filter ] --START--
INFO: Run ContentReplace Behavior [ RunTime:0.026623s ]
INFO: Run TokenBuild Behavior [ RunTime:0.016037s ]
INFO: Run WriteHtmlCache Behavior [ RunTime:0.010254s ]
INFO: Run ShowRuntime Behavior [ RunTime:0.013256s ]
INFO: [ view_filter ] --END-- [ RunTime:0.066587s ]
INFO: [ view_end ] --START--
INFO: Run ShowPageTrace Behavior [ RunTime:0.016448s ]
INFO: [ view_end ] --END-- [ RunTime:0.016591s ]

[ 2014-05-08T10:32:34+08:00 ] 127.0.0.1 /jianli/inspect/node.php?s=/Budget/calculate
INFO: [ route_check ] --START--
INFO: Run CheckRoute Behavior [ RunTime:0.000360s ]
INFO: [ route_check ] --END-- [ RunTime:0.000492s ]
INFO: [ app_begin ] --START--
INFO: Run ReadHtmlCache Behavior [ RunTime:0.000319s ]
INFO: [ app_begin ] --END-- [ RunTime:0.000419s ]
SQL: SHOW COLUMNS FROM `tb_session` [ RunTime:0.004497s ]
NOTIC: [8] Undefined index:  company C:\AppServ\www\jianli\inspect\Home\Node\Lib\Model\BaseModel.class.php 第 34 行.
NOTIC: [8] Undefined index:  SN_KEY C:\AppServ\www\jianli\inspect\Home\Node\Lib\Model\SessionModel.class.php 第 14 行.
SQL: SHOW COLUMNS FROM `tb_budget` [ RunTime:0.004569s ]
ERR: Table 'jianliht.tb_budget' doesn't exist
 [ SQL语句 ] : SHOW COLUMNS FROM `tb_budget`
NOTIC: [8] Undefined index:  company C:\AppServ\www\jianli\inspect\Home\Node\Lib\Model\BaseModel.class.php 第 34 行.
NOTIC: [8] Undefined variable: msg C:\AppServ\www\jianli\inspect\Home\Node\Lib\Action\BudgetAction.class.php 第 102 行.

[ 2014-05-08T16:06:20+08:00 ] 127.0.0.1 /jianli/inspect/node.php?s=/Budget/calculate
INFO: [ route_check ] --START--
INFO: Run CheckRoute Behavior [ RunTime:0.001053s ]
INFO: [ route_check ] --END-- [ RunTime:0.001219s ]
INFO: [ app_begin ] --START--
INFO: Run ReadHtmlCache Behavior [ RunTime:0.001037s ]
INFO: [ app_begin ] --END-- [ RunTime:0.001165s ]
SQL: SHOW COLUMNS FROM `tb_session` [ RunTime:0.002099s ]
NOTIC: [8] Undefined index:  company C:\AppServ\www\jianli\inspect\Home\Node\Lib\Model\BaseModel.class.php 第 34 行.
NOTIC: [8] Undefined index:  SN_KEY C:\AppServ\www\jianli\inspect\Home\Node\Lib\Model\SessionModel.class.php 第 14 行.
SQL: SHOW COLUMNS FROM `tb_budget` [ RunTime:0.002180s ]
ERR: Table 'jianliht.tb_budget' doesn't exist
 [ SQL语句 ] : SHOW COLUMNS FROM `tb_budget`
NOTIC: [8] Undefined index:  company C:\AppServ\www\jianli\inspect\Home\Node\Lib\Model\BaseModel.class.php 第 34 行.
NOTIC: [8] Undefined variable: msg C:\AppServ\www\jianli\inspect\Home\Node\Lib\Action\BudgetAction.class.php 第 102 行.

[ 2014-05-08T16:11:08+08:00 ] 127.0.0.1 /jianli/inspect/node.php?s=/Budget/soft
INFO: [ route_check ] --START--
INFO: Run CheckRoute Behavior [ RunTime:0.000541s ]
INFO: [ route_check ] --END-- [ RunTime:0.000630s ]
INFO: [ app_begin ] --START--
INFO: Run ReadHtmlCache Behavior [ RunTime:0.000516s ]
INFO: [ app_begin ] --END-- [ RunTime:0.000584s ]
SQL: SHOW COLUMNS FROM `tb_session` [ RunTime:0.002069s ]
NOTIC: [8] Undefined index:  company C:\AppServ\www\jianli\inspect\Home\Node\Lib\Model\BaseModel.class.php 第 34 行.
NOTIC: [8] Undefined index:  SN_KEY C:\AppServ\www\jianli\inspect\Home\Node\Lib\Model\SessionModel.class.php 第 14 行.
SQL: SHOW COLUMNS FROM `tb_budget` [ RunTime:0.003138s ]
ERR: Table 'jianliht.tb_budget' doesn't exist
 [ SQL语句 ] : SHOW COLUMNS FROM `tb_budget`
NOTIC: [8] Undefined index:  company C:\AppServ\www\jianli\inspect\Home\Node\Lib\Model\BaseModel.class.php 第 34 行.
INFO: [ view_template ] --START--
INFO: Run LocationTemplate Behavior [ RunTime:0.001339s ]
INFO: [ view_template ] --END-- [ RunTime:0.001435s ]
INFO: [ view_parse ] --START--
NOTIC: [8] Undefined variable: Title C:\AppServ\www\jianli\inspect\Home\Node\Runtime\Cache\4b716ac687b1835a880c4989d2c535ee.php 第 8 行.
INFO: Run ParseTemplate Behavior [ RunTime:0.069097s ]
INFO: [ view_parse ] --END-- [ RunTime:0.069188s ]
INFO: [ view_filter ] --START--
INFO: Run ContentReplace Behavior [ RunTime:0.000654s ]
INFO: Run TokenBuild Behavior [ RunTime:0.000757s ]
INFO: Run WriteHtmlCache Behavior [ RunTime:0.000570s ]
INFO: Run ShowRuntime Behavior [ RunTime:0.000537s ]
INFO: [ view_filter ] --END-- [ RunTime:0.002708s ]
INFO: [ view_end ] --START--
INFO: Run ShowPageTrace Behavior [ RunTime:0.000618s ]
INFO: [ view_end ] --END-- [ RunTime:0.000691s ]

[ 2014-05-08T16:11:08+08:00 ] 127.0.0.1 /jianli/inspect/node.php?s=/Budget/calculate
INFO: [ route_check ] --START--
INFO: Run CheckRoute Behavior [ RunTime:0.000944s ]
INFO: [ route_check ] --END-- [ RunTime:0.001089s ]
INFO: [ app_begin ] --START--
INFO: Run ReadHtmlCache Behavior [ RunTime:0.000822s ]
INFO: [ app_begin ] --END-- [ RunTime:0.000924s ]
SQL: SHOW COLUMNS FROM `tb_session` [ RunTime:0.002569s ]
NOTIC: [8] Undefined index:  company C:\AppServ\www\jianli\inspect\Home\Node\Lib\Model\BaseModel.class.php 第 34 行.
NOTIC: [8] Undefined index:  SN_KEY C:\AppServ\www\jianli\inspect\Home\Node\Lib\Model\SessionModel.class.php 第 14 行.
SQL: SHOW COLUMNS FROM `tb_budget` [ RunTime:0.002360s ]
ERR: Table 'jianliht.tb_budget' doesn't exist
 [ SQL语句 ] : SHOW COLUMNS FROM `tb_budget`
NOTIC: [8] Undefined index:  company C:\AppServ\www\jianli\inspect\Home\Node\Lib\Model\BaseModel.class.php 第 34 行.
NOTIC: [8] Undefined variable: msg C:\AppServ\www\jianli\inspect\Home\Node\Lib\Action\BudgetAction.class.php 第 102 行.

[ 2014-05-08T16:25:58+08:00 ] 127.0.0.1 /jianli/inspect/node.php?s=/Budget/soft
INFO: [ route_check ] --START--
INFO: Run CheckRoute Behavior [ RunTime:0.000620s ]
INFO: [ route_check ] --END-- [ RunTime:0.000732s ]
INFO: [ app_begin ] --START--
INFO: Run ReadHtmlCache Behavior [ RunTime:0.001000s ]
INFO: [ app_begin ] --END-- [ RunTime:0.001173s ]
SQL: SHOW COLUMNS FROM `tb_session` [ RunTime:0.002031s ]
NOTIC: [8] Undefined index:  company C:\AppServ\www\jianli\inspect\Home\Node\Lib\Model\BaseModel.class.php 第 34 行.
NOTIC: [8] Undefined index:  SN_KEY C:\AppServ\www\jianli\inspect\Home\Node\Lib\Model\SessionModel.class.php 第 14 行.
SQL: SHOW COLUMNS FROM `tb_budget` [ RunTime:0.002468s ]
ERR: Table 'jianliht.tb_budget' doesn't exist
 [ SQL语句 ] : SHOW COLUMNS FROM `tb_budget`
NOTIC: [8] Undefined index:  company C:\AppServ\www\jianli\inspect\Home\Node\Lib\Model\BaseModel.class.php 第 34 行.
INFO: [ view_template ] --START--
INFO: Run LocationTemplate Behavior [ RunTime:0.001036s ]
INFO: [ view_template ] --END-- [ RunTime:0.001109s ]
INFO: [ view_parse ] --START--
NOTIC: [8] Undefined variable: Title C:\AppServ\www\jianli\inspect\Home\Node\Runtime\Cache\4b716ac687b1835a880c4989d2c535ee.php 第 8 行.
INFO: Run ParseTemplate Behavior [ RunTime:0.009836s ]
INFO: [ view_parse ] --END-- [ RunTime:0.009920s ]
INFO: [ view_filter ] --START--
INFO: Run ContentReplace Behavior [ RunTime:0.000608s ]
INFO: Run TokenBuild Behavior [ RunTime:0.000513s ]
INFO: Run WriteHtmlCache Behavior [ RunTime:0.000448s ]
INFO: Run ShowRuntime Behavior [ RunTime:0.001160s ]
INFO: [ view_filter ] --END-- [ RunTime:0.002882s ]
INFO: [ view_end ] --START--
INFO: Run ShowPageTrace Behavior [ RunTime:0.001883s ]
INFO: [ view_end ] --END-- [ RunTime:0.002006s ]

[ 2014-05-08T16:25:58+08:00 ] 127.0.0.1 /jianli/inspect/node.php?s=/Budget/calculate
INFO: [ route_check ] --START--
INFO: Run CheckRoute Behavior [ RunTime:0.000392s ]
INFO: [ route_check ] --END-- [ RunTime:0.000538s ]
INFO: [ app_begin ] --START--
INFO: Run ReadHtmlCache Behavior [ RunTime:0.000362s ]
INFO: [ app_begin ] --END-- [ RunTime:0.000496s ]
SQL: SHOW COLUMNS FROM `tb_session` [ RunTime:0.003059s ]
NOTIC: [8] Undefined index:  company C:\AppServ\www\jianli\inspect\Home\Node\Lib\Model\BaseModel.class.php 第 34 行.
NOTIC: [8] Undefined index:  SN_KEY C:\AppServ\www\jianli\inspect\Home\Node\Lib\Model\SessionModel.class.php 第 14 行.
SQL: SHOW COLUMNS FROM `tb_budget` [ RunTime:0.003511s ]
ERR: Table 'jianliht.tb_budget' doesn't exist
 [ SQL语句 ] : SHOW COLUMNS FROM `tb_budget`
NOTIC: [8] Undefined index:  company C:\AppServ\www\jianli\inspect\Home\Node\Lib\Model\BaseModel.class.php 第 34 行.
NOTIC: [8] Undefined variable: msg C:\AppServ\www\jianli\inspect\Home\Node\Lib\Action\BudgetAction.class.php 第 102 行.

[ 2014-05-08T16:58:48+08:00 ] 127.0.0.1 /jianli/inspect/node.php?s=/Budget/soft
INFO: [ route_check ] --START--
INFO: Run CheckRoute Behavior [ RunTime:0.000865s ]
INFO: [ route_check ] --END-- [ RunTime:0.000987s ]
INFO: [ app_begin ] --START--
INFO: Run ReadHtmlCache Behavior [ RunTime:0.000699s ]
INFO: [ app_begin ] --END-- [ RunTime:0.000803s ]
SQL: SHOW COLUMNS FROM `tb_session` [ RunTime:0.003224s ]
NOTIC: [8] Undefined index:  company C:\AppServ\www\jianli\inspect\Home\Node\Lib\Model\BaseModel.class.php 第 34 行.
NOTIC: [8] Undefined index:  SN_KEY C:\AppServ\www\jianli\inspect\Home\Node\Lib\Model\SessionModel.class.php 第 14 行.
SQL: SHOW COLUMNS FROM `tb_budget` [ RunTime:0.003683s ]
ERR: Table 'jianliht.tb_budget' doesn't exist
 [ SQL语句 ] : SHOW COLUMNS FROM `tb_budget`
NOTIC: [8] Undefined index:  company C:\AppServ\www\jianli\inspect\Home\Node\Lib\Model\BaseModel.class.php 第 34 行.
INFO: [ view_template ] --START--
INFO: Run LocationTemplate Behavior [ RunTime:0.001437s ]
INFO: [ view_template ] --END-- [ RunTime:0.001556s ]
INFO: [ view_parse ] --START--
NOTIC: [8] Undefined variable: Title C:\AppServ\www\jianli\inspect\Home\Node\Runtime\Cache\4b716ac687b1835a880c4989d2c535ee.php 第 8 行.
NOTIC: [8] Undefined variable: acreage C:\AppServ\www\jianli\inspect\Home\Node\Runtime\Cache\4b716ac687b1835a880c4989d2c535ee.php 第 49 行.
NOTIC: [8] Undefined variable: hard_budget C:\AppServ\www\jianli\inspect\Home\Node\Runtime\Cache\4b716ac687b1835a880c4989d2c535ee.php 第 50 行.
NOTIC: [8] Undefined variable: hard_budget C:\AppServ\www\jianli\inspect\Home\Node\Runtime\Cache\4b716ac687b1835a880c4989d2c535ee.php 第 59 行.
NOTIC: [8] Undefined variable: hard_budget C:\AppServ\www\jianli\inspect\Home\Node\Runtime\Cache\4b716ac687b1835a880c4989d2c535ee.php 第 59 行.
NOTIC: [8] Undefined variable: hard_budget C:\AppServ\www\jianli\inspect\Home\Node\Runtime\Cache\4b716ac687b1835a880c4989d2c535ee.php 第 59 行.
NOTIC: [8] Undefined variable: hard_budget C:\AppServ\www\jianli\inspect\Home\Node\Runtime\Cache\4b716ac687b1835a880c4989d2c535ee.php 第 59 行.
NOTIC: [8] Undefined variable: hard_budget C:\AppServ\www\jianli\inspect\Home\Node\Runtime\Cache\4b716ac687b1835a880c4989d2c535ee.php 第 59 行.
NOTIC: [8] Undefined variable: hard_budget C:\AppServ\www\jianli\inspect\Home\Node\Runtime\Cache\4b716ac687b1835a880c4989d2c535ee.php 第 59 行.
INFO: Run ParseTemplate Behavior [ RunTime:0.017191s ]
INFO: [ view_parse ] --END-- [ RunTime:0.017280s ]
INFO: [ view_filter ] --START--
INFO: Run ContentReplace Behavior [ RunTime:0.000656s ]
INFO: Run TokenBuild Behavior [ RunTime:0.000515s ]
INFO: Run WriteHtmlCache Behavior [ RunTime:0.000454s ]
INFO: Run ShowRuntime Behavior [ RunTime:0.000686s ]
INFO: [ view_filter ] --END-- [ RunTime:0.002488s ]
INFO: [ view_end ] --START--
INFO: Run ShowPageTrace Behavior [ RunTime:0.000703s ]
INFO: [ view_end ] --END-- [ RunTime:0.000780s ]

[ 2014-05-08T16:59:15+08:00 ] 127.0.0.1 /jianli/inspect/node.php?s=/Budget/soft
INFO: [ route_check ] --START--
INFO: Run CheckRoute Behavior [ RunTime:0.000412s ]
INFO: [ route_check ] --END-- [ RunTime:0.000560s ]
INFO: [ app_begin ] --START--
INFO: Run ReadHtmlCache Behavior [ RunTime:0.000418s ]
INFO: [ app_begin ] --END-- [ RunTime:0.000571s ]
SQL: SHOW COLUMNS FROM `tb_session` [ RunTime:0.003828s ]
NOTIC: [8] Undefined index:  company C:\AppServ\www\jianli\inspect\Home\Node\Lib\Model\BaseModel.class.php 第 34 行.
NOTIC: [8] Undefined index:  SN_KEY C:\AppServ\www\jianli\inspect\Home\Node\Lib\Model\SessionModel.class.php 第 14 行.
SQL: SHOW COLUMNS FROM `tb_budget` [ RunTime:0.002392s ]
ERR: Table 'jianliht.tb_budget' doesn't exist
 [ SQL语句 ] : SHOW COLUMNS FROM `tb_budget`
NOTIC: [8] Undefined index:  company C:\AppServ\www\jianli\inspect\Home\Node\Lib\Model\BaseModel.class.php 第 34 行.
INFO: [ view_template ] --START--
INFO: Run LocationTemplate Behavior [ RunTime:0.000997s ]
INFO: [ view_template ] --END-- [ RunTime:0.001059s ]
INFO: [ view_parse ] --START--
NOTIC: [8] Undefined variable: Title C:\AppServ\www\jianli\inspect\Home\Node\Runtime\Cache\4b716ac687b1835a880c4989d2c535ee.php 第 8 行.
NOTIC: [8] Undefined variable: acreage C:\AppServ\www\jianli\inspect\Home\Node\Runtime\Cache\4b716ac687b1835a880c4989d2c535ee.php 第 49 行.
NOTIC: [8] Undefined variable: hard_budget C:\AppServ\www\jianli\inspect\Home\Node\Runtime\Cache\4b716ac687b1835a880c4989d2c535ee.php 第 50 行.
NOTIC: [8] Undefined variable: hard_budget C:\AppServ\www\jianli\inspect\Home\Node\Runtime\Cache\4b716ac687b1835a880c4989d2c535ee.php 第 59 行.
NOTIC: [8] Undefined variable: hard_budget C:\AppServ\www\jianli\inspect\Home\Node\Runtime\Cache\4b716ac687b1835a880c4989d2c535ee.php 第 59 行.
NOTIC: [8] Undefined variable: hard_budget C:\AppServ\www\jianli\inspect\Home\Node\Runtime\Cache\4b716ac687b1835a880c4989d2c535ee.php 第 59 行.
NOTIC: [8] Undefined variable: hard_budget C:\AppServ\www\jianli\inspect\Home\Node\Runtime\Cache\4b716ac687b1835a880c4989d2c535ee.php 第 59 行.
NOTIC: [8] Undefined variable: hard_budget C:\AppServ\www\jianli\inspect\Home\Node\Runtime\Cache\4b716ac687b1835a880c4989d2c535ee.php 第 59 行.
NOTIC: [8] Undefined variable: hard_budget C:\AppServ\www\jianli\inspect\Home\Node\Runtime\Cache\4b716ac687b1835a880c4989d2c535ee.php 第 59 行.
INFO: Run ParseTemplate Behavior [ RunTime:0.014281s ]
INFO: [ view_parse ] --END-- [ RunTime:0.014352s ]
INFO: [ view_filter ] --START--
INFO: Run ContentReplace Behavior [ RunTime:0.000629s ]
INFO: Run TokenBuild Behavior [ RunTime:0.000489s ]
INFO: Run WriteHtmlCache Behavior [ RunTime:0.000597s ]
INFO: Run ShowRuntime Behavior [ RunTime:0.000540s ]
INFO: [ view_filter ] --END-- [ RunTime:0.002416s ]
INFO: [ view_end ] --START--
INFO: Run ShowPageTrace Behavior [ RunTime:0.000700s ]
INFO: [ view_end ] --END-- [ RunTime:0.000793s ]

[ 2014-05-08T17:01:56+08:00 ] 127.0.0.1 /jianli/inspect/node.php?s=/Budget/soft
INFO: [ route_check ] --START--
INFO: Run CheckRoute Behavior [ RunTime:0.000604s ]
INFO: [ route_check ] --END-- [ RunTime:0.000704s ]
INFO: [ app_begin ] --START--
INFO: Run ReadHtmlCache Behavior [ RunTime:0.001100s ]
INFO: [ app_begin ] --END-- [ RunTime:0.001224s ]
SQL: SHOW COLUMNS FROM `tb_session` [ RunTime:0.002339s ]
NOTIC: [8] Undefined index:  company C:\AppServ\www\jianli\inspect\Home\Node\Lib\Model\BaseModel.class.php 第 34 行.
NOTIC: [8] Undefined index:  SN_KEY C:\AppServ\www\jianli\inspect\Home\Node\Lib\Model\SessionModel.class.php 第 14 行.
SQL: SHOW COLUMNS FROM `tb_budget` [ RunTime:0.002257s ]
ERR: Table 'jianliht.tb_budget' doesn't exist
 [ SQL语句 ] : SHOW COLUMNS FROM `tb_budget`
NOTIC: [8] Undefined index:  company C:\AppServ\www\jianli\inspect\Home\Node\Lib\Model\BaseModel.class.php 第 34 行.
INFO: [ view_template ] --START--
INFO: Run LocationTemplate Behavior [ RunTime:0.001128s ]
INFO: [ view_template ] --END-- [ RunTime:0.001204s ]
INFO: [ view_parse ] --START--
NOTIC: [8] Undefined variable: Title C:\AppServ\www\jianli\inspect\Home\Node\Runtime\Cache\4b716ac687b1835a880c4989d2c535ee.php 第 8 行.
NOTIC: [8] Undefined variable: acreage C:\AppServ\www\jianli\inspect\Home\Node\Runtime\Cache\4b716ac687b1835a880c4989d2c535ee.php 第 49 行.
NOTIC: [8] Undefined index:  total C:\AppServ\www\jianli\inspect\Home\Node\Runtime\Cache\4b716ac687b1835a880c4989d2c535ee.php 第 50 行.
INFO: Run ParseTemplate Behavior [ RunTime:0.014732s ]
INFO: [ view_parse ] --END-- [ RunTime:0.014807s ]
INFO: [ view_filter ] --START--
INFO: Run ContentReplace Behavior [ RunTime:0.000635s ]
INFO: Run TokenBuild Behavior [ RunTime:0.000496s ]
INFO: Run WriteHtmlCache Behavior [ RunTime:0.000445s ]
INFO: Run ShowRuntime Behavior [ RunTime:0.000505s ]
INFO: [ view_filter ] --END-- [ RunTime:0.002230s ]
INFO: [ view_end ] --START--
INFO: Run ShowPageTrace Behavior [ RunTime:0.000509s ]
INFO: [ view_end ] --END-- [ RunTime:0.000572s ]

[ 2014-05-08T17:05:08+08:00 ] 127.0.0.1 /jianli/inspect/node.php?s=/Budget/soft
INFO: [ route_check ] --START--
INFO: Run CheckRoute Behavior [ RunTime:0.000657s ]
INFO: [ route_check ] --END-- [ RunTime:0.000760s ]
INFO: [ app_begin ] --START--
INFO: Run ReadHtmlCache Behavior [ RunTime:0.000523s ]
INFO: [ app_begin ] --END-- [ RunTime:0.000628s ]
SQL: SHOW COLUMNS FROM `tb_session` [ RunTime:0.001948s ]
NOTIC: [8] Undefined index:  company C:\AppServ\www\jianli\inspect\Home\Node\Lib\Model\BaseModel.class.php 第 34 行.
NOTIC: [8] Undefined index:  SN_KEY C:\AppServ\www\jianli\inspect\Home\Node\Lib\Model\SessionModel.class.php 第 14 行.
SQL: SHOW COLUMNS FROM `tb_budget` [ RunTime:0.002413s ]
ERR: Table 'jianliht.tb_budget' doesn't exist
 [ SQL语句 ] : SHOW COLUMNS FROM `tb_budget`
NOTIC: [8] Undefined index:  company C:\AppServ\www\jianli\inspect\Home\Node\Lib\Model\BaseModel.class.php 第 34 行.
INFO: [ view_template ] --START--
INFO: Run LocationTemplate Behavior [ RunTime:0.001474s ]
INFO: [ view_template ] --END-- [ RunTime:0.001582s ]
INFO: [ view_parse ] --START--
NOTIC: [8] Undefined variable: Title C:\AppServ\www\jianli\inspect\Home\Node\Runtime\Cache\4b716ac687b1835a880c4989d2c535ee.php 第 8 行.
NOTIC: [8] Undefined variable: acreage C:\AppServ\www\jianli\inspect\Home\Node\Runtime\Cache\4b716ac687b1835a880c4989d2c535ee.php 第 46 行.
NOTIC: [8] Undefined index:  total C:\AppServ\www\jianli\inspect\Home\Node\Runtime\Cache\4b716ac687b1835a880c4989d2c535ee.php 第 47 行.
INFO: Run ParseTemplate Behavior [ RunTime:0.013496s ]
INFO: [ view_parse ] --END-- [ RunTime:0.013596s ]
INFO: [ view_filter ] --START--
INFO: Run ContentReplace Behavior [ RunTime:0.000839s ]
INFO: Run TokenBuild Behavior [ RunTime:0.000795s ]
INFO: Run WriteHtmlCache Behavior [ RunTime:0.000710s ]
INFO: Run ShowRuntime Behavior [ RunTime:0.000790s ]
INFO: [ view_filter ] --END-- [ RunTime:0.003402s ]
INFO: [ view_end ] --START--
INFO: Run ShowPageTrace Behavior [ RunTime:0.000838s ]
INFO: [ view_end ] --END-- [ RunTime:0.000955s ]

[ 2014-05-08T17:08:30+08:00 ] 127.0.0.1 /jianli/inspect/node.php?s=/Budget/soft
INFO: [ route_check ] --START--
INFO: Run CheckRoute Behavior [ RunTime:0.000668s ]
INFO: [ route_check ] --END-- [ RunTime:0.000774s ]
INFO: [ app_begin ] --START--
INFO: Run ReadHtmlCache Behavior [ RunTime:0.000629s ]
INFO: [ app_begin ] --END-- [ RunTime:0.000710s ]
SQL: SHOW COLUMNS FROM `tb_session` [ RunTime:0.002182s ]
NOTIC: [8] Undefined index:  company C:\AppServ\www\jianli\inspect\Home\Node\Lib\Model\BaseModel.class.php 第 34 行.
NOTIC: [8] Undefined index:  SN_KEY C:\AppServ\www\jianli\inspect\Home\Node\Lib\Model\SessionModel.class.php 第 14 行.
SQL: SHOW COLUMNS FROM `tb_budget` [ RunTime:0.002451s ]
ERR: Table 'jianliht.tb_budget' doesn't exist
 [ SQL语句 ] : SHOW COLUMNS FROM `tb_budget`
NOTIC: [8] Undefined index:  company C:\AppServ\www\jianli\inspect\Home\Node\Lib\Model\BaseModel.class.php 第 34 行.
INFO: [ view_template ] --START--
INFO: Run LocationTemplate Behavior [ RunTime:0.001227s ]
INFO: [ view_template ] --END-- [ RunTime:0.001294s ]
INFO: [ view_parse ] --START--
NOTIC: [8] Undefined variable: Title C:\AppServ\www\jianli\inspect\Home\Node\Runtime\Cache\4b716ac687b1835a880c4989d2c535ee.php 第 8 行.
NOTIC: [8] Undefined variable: acreage C:\AppServ\www\jianli\inspect\Home\Node\Runtime\Cache\4b716ac687b1835a880c4989d2c535ee.php 第 46 行.
NOTIC: [8] Undefined index:  total C:\AppServ\www\jianli\inspect\Home\Node\Runtime\Cache\4b716ac687b1835a880c4989d2c535ee.php 第 47 行.
INFO: Run ParseTemplate Behavior [ RunTime:0.015223s ]
INFO: [ view_parse ] --END-- [ RunTime:0.015291s ]
INFO: [ view_filter ] --START--
INFO: Run ContentReplace Behavior [ RunTime:0.000638s ]
INFO: Run TokenBuild Behavior [ RunTime:0.000490s ]
INFO: Run WriteHtmlCache Behavior [ RunTime:0.000448s ]
INFO: Run ShowRuntime Behavior [ RunTime:0.000498s ]
INFO: [ view_filter ] --END-- [ RunTime:0.002222s ]
INFO: [ view_end ] --START--
INFO: Run ShowPageTrace Behavior [ RunTime:0.000543s ]
INFO: [ view_end ] --END-- [ RunTime:0.000635s ]

[ 2014-05-08T17:09:01+08:00 ] 127.0.0.1 /jianli/inspect/node.php?s=/Budget/soft
INFO: [ route_check ] --START--
INFO: Run CheckRoute Behavior [ RunTime:0.000630s ]
INFO: [ route_check ] --END-- [ RunTime:0.000732s ]
INFO: [ app_begin ] --START--
INFO: Run ReadHtmlCache Behavior [ RunTime:0.000606s ]
INFO: [ app_begin ] --END-- [ RunTime:0.000686s ]
SQL: SHOW COLUMNS FROM `tb_session` [ RunTime:0.002097s ]
NOTIC: [8] Undefined index:  company C:\AppServ\www\jianli\inspect\Home\Node\Lib\Model\BaseModel.class.php 第 34 行.
NOTIC: [8] Undefined index:  SN_KEY C:\AppServ\www\jianli\inspect\Home\Node\Lib\Model\SessionModel.class.php 第 14 行.
SQL: SHOW COLUMNS FROM `tb_budget` [ RunTime:0.002459s ]
ERR: Table 'jianliht.tb_budget' doesn't exist
 [ SQL语句 ] : SHOW COLUMNS FROM `tb_budget`
NOTIC: [8] Undefined index:  company C:\AppServ\www\jianli\inspect\Home\Node\Lib\Model\BaseModel.class.php 第 34 行.
INFO: [ view_template ] --START--
INFO: Run LocationTemplate Behavior [ RunTime:0.001210s ]
INFO: [ view_template ] --END-- [ RunTime:0.001288s ]
INFO: [ view_parse ] --START--
NOTIC: [8] Undefined variable: Title C:\AppServ\www\jianli\inspect\Home\Node\Runtime\Cache\4b716ac687b1835a880c4989d2c535ee.php 第 8 行.
NOTIC: [8] Undefined variable: acreage C:\AppServ\www\jianli\inspect\Home\Node\Runtime\Cache\4b716ac687b1835a880c4989d2c535ee.php 第 46 行.
NOTIC: [8] Undefined index:  total C:\AppServ\www\jianli\inspect\Home\Node\Runtime\Cache\4b716ac687b1835a880c4989d2c535ee.php 第 47 行.
INFO: Run ParseTemplate Behavior [ RunTime:0.012065s ]
INFO: [ view_parse ] --END-- [ RunTime:0.012139s ]
INFO: [ view_filter ] --START--
INFO: Run ContentReplace Behavior [ RunTime:0.000622s ]
INFO: Run TokenBuild Behavior [ RunTime:0.000495s ]
INFO: Run WriteHtmlCache Behavior [ RunTime:0.000448s ]
INFO: Run ShowRuntime Behavior [ RunTime:0.000506s ]
INFO: [ view_filter ] --END-- [ RunTime:0.002219s ]
INFO: [ view_end ] --START--
INFO: Run ShowPageTrace Behavior [ RunTime:0.000529s ]
INFO: [ view_end ] --END-- [ RunTime:0.000592s ]

[ 2014-05-08T17:09:24+08:00 ] 127.0.0.1 /jianli/inspect/node.php?s=/Budget/soft
INFO: [ route_check ] --START--
INFO: Run CheckRoute Behavior [ RunTime:0.000390s ]
INFO: [ route_check ] --END-- [ RunTime:0.000536s ]
INFO: [ app_begin ] --START--
INFO: Run ReadHtmlCache Behavior [ RunTime:0.000358s ]
INFO: [ app_begin ] --END-- [ RunTime:0.000483s ]
SQL: SHOW COLUMNS FROM `tb_session` [ RunTime:0.004607s ]
NOTIC: [8] Undefined index:  company C:\AppServ\www\jianli\inspect\Home\Node\Lib\Model\BaseModel.class.php 第 34 行.
NOTIC: [8] Undefined index:  SN_KEY C:\AppServ\www\jianli\inspect\Home\Node\Lib\Model\SessionModel.class.php 第 14 行.
SQL: SHOW COLUMNS FROM `tb_budget` [ RunTime:0.003057s ]
ERR: Table 'jianliht.tb_budget' doesn't exist
 [ SQL语句 ] : SHOW COLUMNS FROM `tb_budget`
NOTIC: [8] Undefined index:  company C:\AppServ\www\jianli\inspect\Home\Node\Lib\Model\BaseModel.class.php 第 34 行.
INFO: [ view_template ] --START--
INFO: Run LocationTemplate Behavior [ RunTime:0.000262s ]
INFO: [ view_template ] --END-- [ RunTime:0.000320s ]
INFO: [ view_parse ] --START--
NOTIC: [8] Undefined variable: Title C:\AppServ\www\jianli\inspect\Home\Node\Runtime\Cache\4b716ac687b1835a880c4989d2c535ee.php 第 8 行.
NOTIC: [8] Undefined variable: acreage C:\AppServ\www\jianli\inspect\Home\Node\Runtime\Cache\4b716ac687b1835a880c4989d2c535ee.php 第 46 行.
NOTIC: [8] Undefined index:  total C:\AppServ\www\jianli\inspect\Home\Node\Runtime\Cache\4b716ac687b1835a880c4989d2c535ee.php 第 47 行.
INFO: Run ParseTemplate Behavior [ RunTime:0.008452s ]
INFO: [ view_parse ] --END-- [ RunTime:0.008526s ]
INFO: [ view_filter ] --START--
INFO: Run ContentReplace Behavior [ RunTime:0.000308s ]
INFO: Run TokenBuild Behavior [ RunTime:0.000178s ]
INFO: Run WriteHtmlCache Behavior [ RunTime:0.000141s ]
INFO: Run ShowRuntime Behavior [ RunTime:0.000189s ]
INFO: [ view_filter ] --END-- [ RunTime:0.000959s ]
INFO: [ view_end ] --START--
INFO: Run ShowPageTrace Behavior [ RunTime:0.000178s ]
INFO: [ view_end ] --END-- [ RunTime:0.000232s ]

[ 2014-05-08T17:13:35+08:00 ] 127.0.0.1 /jianli/inspect/node.php?s=/Budget/soft
INFO: [ route_check ] --START--
INFO: Run CheckRoute Behavior [ RunTime:0.003718s ]
INFO: [ route_check ] --END-- [ RunTime:0.003893s ]
INFO: [ app_begin ] --START--
INFO: Run ReadHtmlCache Behavior [ RunTime:0.000592s ]
INFO: [ app_begin ] --END-- [ RunTime:0.000666s ]
SQL: SHOW COLUMNS FROM `tb_session` [ RunTime:0.001784s ]
NOTIC: [8] Undefined index:  company C:\AppServ\www\jianli\inspect\Home\Node\Lib\Model\BaseModel.class.php 第 34 行.
NOTIC: [8] Undefined index:  SN_KEY C:\AppServ\www\jianli\inspect\Home\Node\Lib\Model\SessionModel.class.php 第 14 行.
SQL: SHOW COLUMNS FROM `tb_budget` [ RunTime:0.002052s ]
ERR: Table 'jianliht.tb_budget' doesn't exist
 [ SQL语句 ] : SHOW COLUMNS FROM `tb_budget`
NOTIC: [8] Undefined index:  company C:\AppServ\www\jianli\inspect\Home\Node\Lib\Model\BaseModel.class.php 第 34 行.
INFO: [ view_template ] --START--
INFO: Run LocationTemplate Behavior [ RunTime:0.000989s ]
INFO: [ view_template ] --END-- [ RunTime:0.001063s ]
INFO: [ view_parse ] --START--
NOTIC: [8] Undefined variable: Title C:\AppServ\www\jianli\inspect\Home\Node\Runtime\Cache\4b716ac687b1835a880c4989d2c535ee.php 第 8 行.
NOTIC: [8] Undefined variable: acreage C:\AppServ\www\jianli\inspect\Home\Node\Runtime\Cache\4b716ac687b1835a880c4989d2c535ee.php 第 46 行.
NOTIC: [8] Undefined index:  total C:\AppServ\www\jianli\inspect\Home\Node\Runtime\Cache\4b716ac687b1835a880c4989d2c535ee.php 第 47 行.
INFO: Run ParseTemplate Behavior [ RunTime:0.010345s ]
INFO: [ view_parse ] --END-- [ RunTime:0.010411s ]
INFO: [ view_filter ] --START--
INFO: Run ContentReplace Behavior [ RunTime:0.000700s ]
INFO: Run TokenBuild Behavior [ RunTime:0.000825s ]
INFO: Run WriteHtmlCache Behavior [ RunTime:0.000731s ]
INFO: Run ShowRuntime Behavior [ RunTime:0.000702s ]
INFO: [ view_filter ] --END-- [ RunTime:0.003165s ]
INFO: [ view_end ] --START--
INFO: Run ShowPageTrace Behavior [ RunTime:0.000798s ]
INFO: [ view_end ] --END-- [ RunTime:0.000892s ]

[ 2014-05-08T17:14:08+08:00 ] 127.0.0.1 /jianli/inspect/node.php?s=/Budget/soft
INFO: [ route_check ] --START--
INFO: Run CheckRoute Behavior [ RunTime:0.000401s ]
INFO: [ route_check ] --END-- [ RunTime:0.000539s ]
INFO: [ app_begin ] --START--
INFO: Run ReadHtmlCache Behavior [ RunTime:0.000384s ]
INFO: [ app_begin ] --END-- [ RunTime:0.000505s ]
SQL: SHOW COLUMNS FROM `tb_session` [ RunTime:0.003499s ]
NOTIC: [8] Undefined index:  company C:\AppServ\www\jianli\inspect\Home\Node\Lib\Model\BaseModel.class.php 第 34 行.
NOTIC: [8] Undefined index:  SN_KEY C:\AppServ\www\jianli\inspect\Home\Node\Lib\Model\SessionModel.class.php 第 14 行.
SQL: SHOW COLUMNS FROM `tb_budget` [ RunTime:0.004914s ]
ERR: Table 'jianliht.tb_budget' doesn't exist
 [ SQL语句 ] : SHOW COLUMNS FROM `tb_budget`
NOTIC: [8] Undefined index:  company C:\AppServ\www\jianli\inspect\Home\Node\Lib\Model\BaseModel.class.php 第 34 行.
INFO: [ view_template ] --START--
INFO: Run LocationTemplate Behavior [ RunTime:0.000721s ]
INFO: [ view_template ] --END-- [ RunTime:0.000845s ]
INFO: [ view_parse ] --START--
NOTIC: [8] Undefined variable: Title C:\AppServ\www\jianli\inspect\Home\Node\Runtime\Cache\4b716ac687b1835a880c4989d2c535ee.php 第 8 行.
NOTIC: [8] Undefined variable: acreage C:\AppServ\www\jianli\inspect\Home\Node\Runtime\Cache\4b716ac687b1835a880c4989d2c535ee.php 第 46 行.
NOTIC: [8] Undefined index:  total C:\AppServ\www\jianli\inspect\Home\Node\Runtime\Cache\4b716ac687b1835a880c4989d2c535ee.php 第 47 行.
INFO: Run ParseTemplate Behavior [ RunTime:0.009202s ]
INFO: [ view_parse ] --END-- [ RunTime:0.009302s ]
INFO: [ view_filter ] --START--
INFO: Run ContentReplace Behavior [ RunTime:0.000312s ]
INFO: Run TokenBuild Behavior [ RunTime:0.000180s ]
INFO: Run WriteHtmlCache Behavior [ RunTime:0.000140s ]
INFO: Run ShowRuntime Behavior [ RunTime:0.000194s ]
INFO: [ view_filter ] --END-- [ RunTime:0.000968s ]
INFO: [ view_end ] --START--
INFO: Run ShowPageTrace Behavior [ RunTime:0.000180s ]
INFO: [ view_end ] --END-- [ RunTime:0.000234s ]

[ 2014-05-08T17:14:16+08:00 ] 127.0.0.1 /jianli/inspect/node.php?s=/Budget/soft
INFO: [ route_check ] --START--
INFO: Run CheckRoute Behavior [ RunTime:0.000441s ]
INFO: [ route_check ] --END-- [ RunTime:0.000612s ]
INFO: [ app_begin ] --START--
INFO: Run ReadHtmlCache Behavior [ RunTime:0.000367s ]
INFO: [ app_begin ] --END-- [ RunTime:0.000493s ]
SQL: SHOW COLUMNS FROM `tb_session` [ RunTime:0.003209s ]
NOTIC: [8] Undefined index:  company C:\AppServ\www\jianli\inspect\Home\Node\Lib\Model\BaseModel.class.php 第 34 行.
NOTIC: [8] Undefined index:  SN_KEY C:\AppServ\www\jianli\inspect\Home\Node\Lib\Model\SessionModel.class.php 第 14 行.
SQL: SHOW COLUMNS FROM `tb_budget` [ RunTime:0.004201s ]
ERR: Table 'jianliht.tb_budget' doesn't exist
 [ SQL语句 ] : SHOW COLUMNS FROM `tb_budget`
NOTIC: [8] Undefined index:  company C:\AppServ\www\jianli\inspect\Home\Node\Lib\Model\BaseModel.class.php 第 34 行.
INFO: [ view_template ] --START--
INFO: Run LocationTemplate Behavior [ RunTime:0.001850s ]
INFO: [ view_template ] --END-- [ RunTime:0.001944s ]
INFO: [ view_parse ] --START--
NOTIC: [8] Undefined variable: Title C:\AppServ\www\jianli\inspect\Home\Node\Runtime\Cache\4b716ac687b1835a880c4989d2c535ee.php 第 8 行.
NOTIC: [8] Undefined variable: acreage C:\AppServ\www\jianli\inspect\Home\Node\Runtime\Cache\4b716ac687b1835a880c4989d2c535ee.php 第 46 行.
NOTIC: [8] Undefined index:  total C:\AppServ\www\jianli\inspect\Home\Node\Runtime\Cache\4b716ac687b1835a880c4989d2c535ee.php 第 47 行.
INFO: Run ParseTemplate Behavior [ RunTime:0.010274s ]
INFO: [ view_parse ] --END-- [ RunTime:0.010344s ]
INFO: [ view_filter ] --START--
INFO: Run ContentReplace Behavior [ RunTime:0.000623s ]
INFO: Run TokenBuild Behavior [ RunTime:0.000497s ]
INFO: Run WriteHtmlCache Behavior [ RunTime:0.000450s ]
INFO: Run ShowRuntime Behavior [ RunTime:0.000499s ]
INFO: [ view_filter ] --END-- [ RunTime:0.002216s ]
INFO: [ view_end ] --START--
INFO: Run ShowPageTrace Behavior [ RunTime:0.000509s ]
INFO: [ view_end ] --END-- [ RunTime:0.000573s ]

[ 2014-05-08T17:15:44+08:00 ] 127.0.0.1 /jianli/inspect/node.php?s=/Budget/soft
INFO: [ route_check ] --START--
INFO: Run CheckRoute Behavior [ RunTime:0.000506s ]
INFO: [ route_check ] --END-- [ RunTime:0.000588s ]
INFO: [ app_begin ] --START--
INFO: Run ReadHtmlCache Behavior [ RunTime:0.000477s ]
INFO: [ app_begin ] --END-- [ RunTime:0.000541s ]
SQL: SHOW COLUMNS FROM `tb_session` [ RunTime:0.001725s ]
NOTIC: [8] Undefined index:  company C:\AppServ\www\jianli\inspect\Home\Node\Lib\Model\BaseModel.class.php 第 34 行.
NOTIC: [8] Undefined index:  SN_KEY C:\AppServ\www\jianli\inspect\Home\Node\Lib\Model\SessionModel.class.php 第 14 行.
SQL: SHOW COLUMNS FROM `tb_budget` [ RunTime:0.001977s ]
ERR: Table 'jianliht.tb_budget' doesn't exist
 [ SQL语句 ] : SHOW COLUMNS FROM `tb_budget`
NOTIC: [8] Undefined index:  company C:\AppServ\www\jianli\inspect\Home\Node\Lib\Model\BaseModel.class.php 第 34 行.
INFO: [ view_template ] --START--
INFO: Run LocationTemplate Behavior [ RunTime:0.000969s ]
INFO: [ view_template ] --END-- [ RunTime:0.001030s ]
INFO: [ view_parse ] --START--
NOTIC: [8] Undefined variable: Title C:\AppServ\www\jianli\inspect\Home\Node\Runtime\Cache\4b716ac687b1835a880c4989d2c535ee.php 第 8 行.
NOTIC: [8] Undefined variable: acreage C:\AppServ\www\jianli\inspect\Home\Node\Runtime\Cache\4b716ac687b1835a880c4989d2c535ee.php 第 46 行.
NOTIC: [8] Undefined index:  total C:\AppServ\www\jianli\inspect\Home\Node\Runtime\Cache\4b716ac687b1835a880c4989d2c535ee.php 第 47 行.
INFO: Run ParseTemplate Behavior [ RunTime:0.014832s ]
INFO: [ view_parse ] --END-- [ RunTime:0.014900s ]
INFO: [ view_filter ] --START--
INFO: Run ContentReplace Behavior [ RunTime:0.000622s ]
INFO: Run TokenBuild Behavior [ RunTime:0.000513s ]
INFO: Run WriteHtmlCache Behavior [ RunTime:0.000447s ]
INFO: Run ShowRuntime Behavior [ RunTime:0.000514s ]
INFO: [ view_filter ] --END-- [ RunTime:0.002245s ]
INFO: [ view_end ] --START--
INFO: Run ShowPageTrace Behavior [ RunTime:0.000554s ]
INFO: [ view_end ] --END-- [ RunTime:0.000619s ]

[ 2014-05-08T17:34:37+08:00 ] 127.0.0.1 /jianli/inspect/node.php?s=/Budget/soft
INFO: [ route_check ] --START--
INFO: Run CheckRoute Behavior [ RunTime:0.000660s ]
INFO: [ route_check ] --END-- [ RunTime:0.000760s ]
INFO: [ app_begin ] --START--
INFO: Run ReadHtmlCache Behavior [ RunTime:0.000597s ]
INFO: [ app_begin ] --END-- [ RunTime:0.000676s ]
SQL: SHOW COLUMNS FROM `tb_session` [ RunTime:0.002488s ]
NOTIC: [8] Undefined index:  company C:\AppServ\www\jianli\inspect\Home\Node\Lib\Model\BaseModel.class.php 第 34 行.
NOTIC: [8] Undefined index:  SN_KEY C:\AppServ\www\jianli\inspect\Home\Node\Lib\Model\SessionModel.class.php 第 14 行.
SQL: SHOW COLUMNS FROM `tb_budget` [ RunTime:0.002463s ]
ERR: Table 'jianliht.tb_budget' doesn't exist
 [ SQL语句 ] : SHOW COLUMNS FROM `tb_budget`
NOTIC: [8] Undefined index:  company C:\AppServ\www\jianli\inspect\Home\Node\Lib\Model\BaseModel.class.php 第 34 行.
INFO: [ view_template ] --START--
INFO: Run LocationTemplate Behavior [ RunTime:0.001203s ]
INFO: [ view_template ] --END-- [ RunTime:0.001292s ]
INFO: [ view_parse ] --START--
NOTIC: [8] Undefined variable: Title C:\AppServ\www\jianli\inspect\Home\Node\Runtime\Cache\4b716ac687b1835a880c4989d2c535ee.php 第 8 行.
NOTIC: [8] Undefined variable: acreage C:\AppServ\www\jianli\inspect\Home\Node\Runtime\Cache\4b716ac687b1835a880c4989d2c535ee.php 第 46 行.
NOTIC: [8] Undefined index:  total C:\AppServ\www\jianli\inspect\Home\Node\Runtime\Cache\4b716ac687b1835a880c4989d2c535ee.php 第 47 行.
INFO: Run ParseTemplate Behavior [ RunTime:0.017261s ]
INFO: [ view_parse ] --END-- [ RunTime:0.017336s ]
INFO: [ view_filter ] --START--
INFO: Run ContentReplace Behavior [ RunTime:0.000656s ]
INFO: Run TokenBuild Behavior [ RunTime:0.000501s ]
INFO: Run WriteHtmlCache Behavior [ RunTime:0.000458s ]
INFO: Run ShowRuntime Behavior [ RunTime:0.000540s ]
INFO: [ view_filter ] --END-- [ RunTime:0.002313s ]
INFO: [ view_end ] --START--
INFO: Run ShowPageTrace Behavior [ RunTime:0.000526s ]
INFO: [ view_end ] --END-- [ RunTime:0.000590s ]

[ 2014-05-08T17:34:53+08:00 ] 127.0.0.1 /jianli/inspect/node.php?s=/Budget/detail
INFO: [ route_check ] --START--
INFO: Run CheckRoute Behavior [ RunTime:0.000967s ]
INFO: [ route_check ] --END-- [ RunTime:0.001108s ]
INFO: [ app_begin ] --START--
INFO: Run ReadHtmlCache Behavior [ RunTime:0.000889s ]
INFO: [ app_begin ] --END-- [ RunTime:0.001004s ]
SQL: SHOW COLUMNS FROM `tb_session` [ RunTime:0.002808s ]
NOTIC: [8] Undefined index:  company C:\AppServ\www\jianli\inspect\Home\Node\Lib\Model\BaseModel.class.php 第 34 行.
NOTIC: [8] Undefined index:  SN_KEY C:\AppServ\www\jianli\inspect\Home\Node\Lib\Model\SessionModel.class.php 第 14 行.
SQL: SHOW COLUMNS FROM `tb_budget` [ RunTime:0.002049s ]
ERR: Table 'jianliht.tb_budget' doesn't exist
 [ SQL语句 ] : SHOW COLUMNS FROM `tb_budget`
NOTIC: [8] Undefined index:  company C:\AppServ\www\jianli\inspect\Home\Node\Lib\Model\BaseModel.class.php 第 34 行.
INFO: [ view_template ] --START--
INFO: Run LocationTemplate Behavior [ RunTime:0.001270s ]
INFO: [ view_template ] --END-- [ RunTime:0.001338s ]
INFO: [ view_parse ] --START--
NOTIC: [8] Undefined variable: Title C:\AppServ\www\jianli\inspect\Home\Node\Runtime\Cache\d5bea7df03d5baadbbc7153ffcbec79f.php 第 8 行.
INFO: Run ParseTemplate Behavior [ RunTime:0.010054s ]
INFO: [ view_parse ] --END-- [ RunTime:0.010127s ]
INFO: [ view_filter ] --START--
INFO: Run ContentReplace Behavior [ RunTime:0.000631s ]
INFO: Run TokenBuild Behavior [ RunTime:0.000486s ]
INFO: Run WriteHtmlCache Behavior [ RunTime:0.000452s ]
INFO: Run ShowRuntime Behavior [ RunTime:0.000491s ]
INFO: [ view_filter ] --END-- [ RunTime:0.002210s ]
INFO: [ view_end ] --START--
INFO: Run ShowPageTrace Behavior [ RunTime:0.000529s ]
INFO: [ view_end ] --END-- [ RunTime:0.000594s ]

[ 2014-05-08T17:34:53+08:00 ] 127.0.0.1 /jianli/inspect/node.php?s=/Budget/calculate
INFO: [ route_check ] --START--
INFO: Run CheckRoute Behavior [ RunTime:0.000426s ]
INFO: [ route_check ] --END-- [ RunTime:0.000602s ]
INFO: [ app_begin ] --START--
INFO: Run ReadHtmlCache Behavior [ RunTime:0.000308s ]
INFO: [ app_begin ] --END-- [ RunTime:0.000415s ]
SQL: SHOW COLUMNS FROM `tb_session` [ RunTime:0.002480s ]
NOTIC: [8] Undefined index:  company C:\AppServ\www\jianli\inspect\Home\Node\Lib\Model\BaseModel.class.php 第 34 行.
NOTIC: [8] Undefined index:  SN_KEY C:\AppServ\www\jianli\inspect\Home\Node\Lib\Model\SessionModel.class.php 第 14 行.
SQL: SHOW COLUMNS FROM `tb_budget` [ RunTime:0.004635s ]
ERR: Table 'jianliht.tb_budget' doesn't exist
 [ SQL语句 ] : SHOW COLUMNS FROM `tb_budget`
NOTIC: [8] Undefined index:  company C:\AppServ\www\jianli\inspect\Home\Node\Lib\Model\BaseModel.class.php 第 34 行.
NOTIC: [8] Undefined variable: msg C:\AppServ\www\jianli\inspect\Home\Node\Lib\Action\BudgetAction.class.php 第 116 行.

[ 2014-05-08T17:35:54+08:00 ] 127.0.0.1 /jianli/inspect/node.php?s=/Budget/calculate
INFO: [ route_check ] --START--
INFO: Run CheckRoute Behavior [ RunTime:0.000379s ]
INFO: [ route_check ] --END-- [ RunTime:0.000523s ]
INFO: [ app_begin ] --START--
INFO: Run ReadHtmlCache Behavior [ RunTime:0.000353s ]
INFO: [ app_begin ] --END-- [ RunTime:0.000468s ]
SQL: SHOW COLUMNS FROM `tb_session` [ RunTime:0.002613s ]
NOTIC: [8] Undefined index:  company C:\AppServ\www\jianli\inspect\Home\Node\Lib\Model\BaseModel.class.php 第 34 行.
NOTIC: [8] Undefined index:  SN_KEY C:\AppServ\www\jianli\inspect\Home\Node\Lib\Model\SessionModel.class.php 第 14 行.
SQL: SHOW COLUMNS FROM `tb_budget` [ RunTime:0.002054s ]
ERR: Table 'jianliht.tb_budget' doesn't exist
 [ SQL语句 ] : SHOW COLUMNS FROM `tb_budget`
NOTIC: [8] Undefined index:  company C:\AppServ\www\jianli\inspect\Home\Node\Lib\Model\BaseModel.class.php 第 34 行.
NOTIC: [8] Undefined variable: msg C:\AppServ\www\jianli\inspect\Home\Node\Lib\Action\BudgetAction.class.php 第 116 行.

