[ 2014-05-06T09:41:06+08:00 ] 127.0.0.1 /jianli/inspect/node.php?s=/Budget/detail
INFO: [ route_check ] --START--
INFO: Run CheckRoute Behavior [ RunTime:0.008450s ]
INFO: [ route_check ] --END-- [ RunTime:0.008546s ]
INFO: [ app_begin ] --START--
INFO: Run ReadHtmlCache Behavior [ RunTime:0.006519s ]
INFO: [ app_begin ] --END-- [ RunTime:0.006595s ]
NOTIC: [8] Undefined variable: data C:\AppServ\www\jianli\inspect\Home\Node\Lib\Action\BaseAction.class.php 第 19 行.
SQL: SHOW COLUMNS FROM `tb_session` [ RunTime:0.002238s ]
NOTIC: [8] Undefined index:  company C:\AppServ\www\jianli\inspect\Home\Node\Lib\Model\BaseModel.class.php 第 34 行.
NOTIC: [8] Undefined index:  SN_KEY C:\AppServ\www\jianli\inspect\Home\Node\Lib\Model\SessionModel.class.php 第 14 行.
SQL: SHOW COLUMNS FROM `tb_budget` [ RunTime:0.002304s ]
ERR: Table 'jianliht.tb_budget' doesn't exist
 [ SQL语句 ] : SHOW COLUMNS FROM `tb_budget`
NOTIC: [8] Undefined index:  company C:\AppServ\www\jianli\inspect\Home\Node\Lib\Model\BaseModel.class.php 第 34 行.
INFO: [ view_template ] --START--
INFO: Run LocationTemplate Behavior [ RunTime:0.012730s ]
INFO: [ view_template ] --END-- [ RunTime:0.012811s ]
INFO: [ view_parse ] --START--
NOTIC: [8] Undefined variable: Title C:\AppServ\www\jianli\inspect\Home\Node\Runtime\Cache\d5bea7df03d5baadbbc7153ffcbec79f.php 第 8 行.
INFO: Run ParseTemplate Behavior [ RunTime:0.072084s ]
INFO: [ view_parse ] --END-- [ RunTime:0.072205s ]
INFO: [ view_filter ] --START--
INFO: Run ContentReplace Behavior [ RunTime:0.020567s ]
INFO: Run TokenBuild Behavior [ RunTime:0.013869s ]
INFO: Run WriteHtmlCache Behavior [ RunTime:0.002529s ]
INFO: Run ShowRuntime Behavior [ RunTime:0.004738s ]
INFO: [ view_filter ] --END-- [ RunTime:0.041982s ]
INFO: [ view_end ] --START--
INFO: Run ShowPageTrace Behavior [ RunTime:0.012555s ]
INFO: [ view_end ] --END-- [ RunTime:0.012630s ]

