[ 2014-05-14T10:37:43+08:00 ] ERR: (ThinkException) 非法操作:detail
[ 2014-05-14T10:38:26+08:00 ] 127.0.0.1 /jianli/inspect/node.php?s=/Budget/soft
INFO: [ route_check ] --START--
INFO: Run CheckRoute Behavior [ RunTime:0.000676s ]
INFO: [ route_check ] --END-- [ RunTime:0.000778s ]
INFO: [ app_begin ] --START--
INFO: Run ReadHtmlCache Behavior [ RunTime:0.000531s ]
INFO: [ app_begin ] --END-- [ RunTime:0.000608s ]
SQL: SHOW COLUMNS FROM `tb_session` [ RunTime:0.001955s ]
NOTIC: [8] Undefined index:  company C:\AppServ\www\jianli\inspect\Home\Node\Lib\Model\BaseModel.class.php 第 34 行.
SQL: SELECT * FROM `tb_session` WHERE ( `appid` = 1 ) AND ( `status` = 0 ) AND ( `key` = 'c7c9cb13607ed5fdec55306e0823bc5e' ) LIMIT 1   [ RunTime:0.000234s ]
SQL: UPDATE `tb_session` SET `expire`=1400042306 WHERE ( `appid` = 1 ) AND ( `status` = 0 ) AND ( `id` = 1 ) [ RunTime:0.000147s ]
SQL: SHOW COLUMNS FROM `tb_user` [ RunTime:0.002058s ]
NOTIC: [8] Undefined index:  company C:\AppServ\www\jianli\inspect\Home\Node\Lib\Model\BaseModel.class.php 第 34 行.
SQL: SELECT * FROM `tb_user` WHERE ( `appid` = 1 ) AND ( `status` = 0 ) AND ( `id` = 1 ) LIMIT 1   [ RunTime:0.000366s ]
SQL: SHOW COLUMNS FROM `tb_budget` [ RunTime:0.003316s ]
ERR: Table 'jianliht.tb_budget' doesn't exist
 [ SQL语句 ] : SHOW COLUMNS FROM `tb_budget`
NOTIC: [8] Undefined index:  company C:\AppServ\www\jianli\inspect\Home\Node\Lib\Model\BaseModel.class.php 第 34 行.
INFO: [ view_template ] --START--
INFO: Run LocationTemplate Behavior [ RunTime:0.033648s ]
INFO: [ view_template ] --END-- [ RunTime:0.033730s ]
INFO: [ view_parse ] --START--
NOTIC: [8] Undefined variable: Title C:\AppServ\www\jianli\inspect\Home\Node\Runtime\Cache\4b716ac687b1835a880c4989d2c535ee.php 第 8 行.
INFO: Run ParseTemplate Behavior [ RunTime:0.184599s ]
INFO: [ view_parse ] --END-- [ RunTime:0.184670s ]
INFO: [ view_filter ] --START--
INFO: Run ContentReplace Behavior [ RunTime:0.014672s ]
INFO: Run TokenBuild Behavior [ RunTime:0.015960s ]
INFO: Run WriteHtmlCache Behavior [ RunTime:0.010659s ]
INFO: Run ShowRuntime Behavior [ RunTime:0.005151s ]
INFO: [ view_filter ] --END-- [ RunTime:0.046773s ]
INFO: [ view_end ] --START--
INFO: Run ShowPageTrace Behavior [ RunTime:0.012145s ]
INFO: [ view_end ] --END-- [ RunTime:0.012283s ]

[ 2014-05-14T10:38:27+08:00 ] 127.0.0.1 /jianli/inspect/node.php?s=/Budget/softCalculate
INFO: [ route_check ] --START--
INFO: Run CheckRoute Behavior [ RunTime:0.000639s ]
INFO: [ route_check ] --END-- [ RunTime:0.000746s ]
INFO: [ app_begin ] --START--
INFO: Run ReadHtmlCache Behavior [ RunTime:0.000575s ]
INFO: [ app_begin ] --END-- [ RunTime:0.000655s ]
SQL: SHOW COLUMNS FROM `tb_session` [ RunTime:0.004227s ]
NOTIC: [8] Undefined index:  company C:\AppServ\www\jianli\inspect\Home\Node\Lib\Model\BaseModel.class.php 第 34 行.
SQL: SELECT * FROM `tb_session` WHERE ( `appid` = 1 ) AND ( `status` = 0 ) AND ( `key` = 'c7c9cb13607ed5fdec55306e0823bc5e' ) LIMIT 1   [ RunTime:0.001188s ]
SQL: SHOW COLUMNS FROM `tb_budget` [ RunTime:0.006253s ]
ERR: Table 'jianliht.tb_budget' doesn't exist
 [ SQL语句 ] : SHOW COLUMNS FROM `tb_budget`
NOTIC: [8] Undefined index:  company C:\AppServ\www\jianli\inspect\Home\Node\Lib\Model\BaseModel.class.php 第 34 行.

[ 2014-05-14T10:43:41+08:00 ] 127.0.0.1 /jianli/inspect/node.php?s=/Budget/soft
INFO: [ route_check ] --START--
INFO: Run CheckRoute Behavior [ RunTime:0.000720s ]
INFO: [ route_check ] --END-- [ RunTime:0.000818s ]
INFO: [ app_begin ] --START--
INFO: Run ReadHtmlCache Behavior [ RunTime:0.000615s ]
INFO: [ app_begin ] --END-- [ RunTime:0.000696s ]
SQL: SHOW COLUMNS FROM `tb_session` [ RunTime:0.002153s ]
NOTIC: [8] Undefined index:  company C:\AppServ\www\jianli\inspect\Home\Node\Lib\Model\BaseModel.class.php 第 34 行.
SQL: SELECT * FROM `tb_session` WHERE ( `appid` = 1 ) AND ( `status` = 0 ) AND ( `key` = 'df7aa5820736846f595b523c64be1f09' ) LIMIT 1   [ RunTime:0.000590s ]
SQL: SHOW COLUMNS FROM `tb_budget` [ RunTime:0.002648s ]
ERR: Table 'jianliht.tb_budget' doesn't exist
 [ SQL语句 ] : SHOW COLUMNS FROM `tb_budget`
NOTIC: [8] Undefined index:  company C:\AppServ\www\jianli\inspect\Home\Node\Lib\Model\BaseModel.class.php 第 34 行.
INFO: [ view_template ] --START--
INFO: Run LocationTemplate Behavior [ RunTime:0.001002s ]
INFO: [ view_template ] --END-- [ RunTime:0.001064s ]
INFO: [ view_parse ] --START--
NOTIC: [8] Undefined variable: Title C:\AppServ\www\jianli\inspect\Home\Node\Runtime\Cache\4b716ac687b1835a880c4989d2c535ee.php 第 8 行.
INFO: Run ParseTemplate Behavior [ RunTime:0.018814s ]
INFO: [ view_parse ] --END-- [ RunTime:0.018887s ]
INFO: [ view_filter ] --START--
INFO: Run ContentReplace Behavior [ RunTime:0.000657s ]
INFO: Run TokenBuild Behavior [ RunTime:0.000513s ]
INFO: Run WriteHtmlCache Behavior [ RunTime:0.000937s ]
INFO: Run ShowRuntime Behavior [ RunTime:0.000983s ]
INFO: [ view_filter ] --END-- [ RunTime:0.003239s ]
INFO: [ view_end ] --START--
INFO: Run ShowPageTrace Behavior [ RunTime:0.001941s ]
INFO: [ view_end ] --END-- [ RunTime:0.002037s ]

[ 2014-05-14T10:43:41+08:00 ] 127.0.0.1 /jianli/inspect/node.php?s=/Budget/softCalculate
INFO: [ route_check ] --START--
INFO: Run CheckRoute Behavior [ RunTime:0.000555s ]
INFO: [ route_check ] --END-- [ RunTime:0.000647s ]
INFO: [ app_begin ] --START--
INFO: Run ReadHtmlCache Behavior [ RunTime:0.000515s ]
INFO: [ app_begin ] --END-- [ RunTime:0.000573s ]
SQL: SHOW COLUMNS FROM `tb_session` [ RunTime:0.003801s ]
NOTIC: [8] Undefined index:  company C:\AppServ\www\jianli\inspect\Home\Node\Lib\Model\BaseModel.class.php 第 34 行.
SQL: SELECT * FROM `tb_session` WHERE ( `appid` = 1 ) AND ( `status` = 0 ) AND ( `key` = 'df7aa5820736846f595b523c64be1f09' ) LIMIT 1   [ RunTime:0.000307s ]
SQL: SHOW COLUMNS FROM `tb_budget` [ RunTime:0.004474s ]
ERR: Table 'jianliht.tb_budget' doesn't exist
 [ SQL语句 ] : SHOW COLUMNS FROM `tb_budget`
NOTIC: [8] Undefined index:  company C:\AppServ\www\jianli\inspect\Home\Node\Lib\Model\BaseModel.class.php 第 34 行.

[ 2014-05-14T10:43:54+08:00 ] 127.0.0.1 /jianli/inspect/node.php?s=/Budget/soft
INFO: [ route_check ] --START--
INFO: Run CheckRoute Behavior [ RunTime:0.000542s ]
INFO: [ route_check ] --END-- [ RunTime:0.000626s ]
INFO: [ app_begin ] --START--
INFO: Run ReadHtmlCache Behavior [ RunTime:0.000603s ]
INFO: [ app_begin ] --END-- [ RunTime:0.000676s ]
SQL: SHOW COLUMNS FROM `tb_session` [ RunTime:0.001891s ]
NOTIC: [8] Undefined index:  company C:\AppServ\www\jianli\inspect\Home\Node\Lib\Model\BaseModel.class.php 第 34 行.
SQL: SELECT * FROM `tb_session` WHERE ( `appid` = 1 ) AND ( `status` = 0 ) AND ( `key` = '819923b6f3b5fc4c03567fcb2d7bdf52' ) LIMIT 1   [ RunTime:0.000370s ]
SQL: UPDATE `tb_session` SET `expire`=1400042634 WHERE ( `appid` = 1 ) AND ( `status` = 0 ) AND ( `id` = 1 ) [ RunTime:0.000168s ]
SQL: SHOW COLUMNS FROM `tb_user` [ RunTime:0.002314s ]
NOTIC: [8] Undefined index:  company C:\AppServ\www\jianli\inspect\Home\Node\Lib\Model\BaseModel.class.php 第 34 行.
SQL: SELECT * FROM `tb_user` WHERE ( `appid` = 1 ) AND ( `status` = 0 ) AND ( `id` = 1 ) LIMIT 1   [ RunTime:0.000299s ]
SQL: SHOW COLUMNS FROM `tb_budget` [ RunTime:0.002275s ]
ERR: Table 'jianliht.tb_budget' doesn't exist
 [ SQL语句 ] : SHOW COLUMNS FROM `tb_budget`
NOTIC: [8] Undefined index:  company C:\AppServ\www\jianli\inspect\Home\Node\Lib\Model\BaseModel.class.php 第 34 行.
INFO: [ view_template ] --START--
INFO: Run LocationTemplate Behavior [ RunTime:0.001072s ]
INFO: [ view_template ] --END-- [ RunTime:0.001135s ]
INFO: [ view_parse ] --START--
NOTIC: [8] Undefined variable: Title C:\AppServ\www\jianli\inspect\Home\Node\Runtime\Cache\4b716ac687b1835a880c4989d2c535ee.php 第 8 行.
INFO: Run ParseTemplate Behavior [ RunTime:0.018312s ]
INFO: [ view_parse ] --END-- [ RunTime:0.018381s ]
INFO: [ view_filter ] --START--
INFO: Run ContentReplace Behavior [ RunTime:0.000659s ]
INFO: Run TokenBuild Behavior [ RunTime:0.000512s ]
INFO: Run WriteHtmlCache Behavior [ RunTime:0.000467s ]
INFO: Run ShowRuntime Behavior [ RunTime:0.000985s ]
INFO: [ view_filter ] --END-- [ RunTime:0.002770s ]
INFO: [ view_end ] --START--
INFO: Run ShowPageTrace Behavior [ RunTime:0.001360s ]
INFO: [ view_end ] --END-- [ RunTime:0.001431s ]

[ 2014-05-14T10:43:54+08:00 ] 127.0.0.1 /jianli/inspect/node.php?s=/Budget/softCalculate
INFO: [ route_check ] --START--
INFO: Run CheckRoute Behavior [ RunTime:0.000388s ]
INFO: [ route_check ] --END-- [ RunTime:0.000556s ]
INFO: [ app_begin ] --START--
INFO: Run ReadHtmlCache Behavior [ RunTime:0.000370s ]
INFO: [ app_begin ] --END-- [ RunTime:0.000476s ]
SQL: SHOW COLUMNS FROM `tb_session` [ RunTime:0.003577s ]
NOTIC: [8] Undefined index:  company C:\AppServ\www\jianli\inspect\Home\Node\Lib\Model\BaseModel.class.php 第 34 行.
SQL: SELECT * FROM `tb_session` WHERE ( `appid` = 1 ) AND ( `status` = 0 ) AND ( `key` = '9b7d4591fc183b763b75cb4ad4450eb5' ) LIMIT 1   [ RunTime:0.001107s ]
SQL: UPDATE `tb_session` SET `expire`=1400042634 WHERE ( `appid` = 1 ) AND ( `status` = 0 ) AND ( `id` = 1 ) [ RunTime:0.000292s ]
SQL: SHOW COLUMNS FROM `tb_user` [ RunTime:0.003023s ]
NOTIC: [8] Undefined index:  company C:\AppServ\www\jianli\inspect\Home\Node\Lib\Model\BaseModel.class.php 第 34 行.
SQL: SELECT * FROM `tb_user` WHERE ( `appid` = 1 ) AND ( `status` = 0 ) AND ( `id` = 1 ) LIMIT 1   [ RunTime:0.001329s ]
SQL: SHOW COLUMNS FROM `tb_budget` [ RunTime:0.004290s ]
ERR: Table 'jianliht.tb_budget' doesn't exist
 [ SQL语句 ] : SHOW COLUMNS FROM `tb_budget`
NOTIC: [8] Undefined index:  company C:\AppServ\www\jianli\inspect\Home\Node\Lib\Model\BaseModel.class.php 第 34 行.

[ 2014-05-14T10:44:31+08:00 ] 127.0.0.1 /jianli/inspect/node.php?s=/Budget/soft
INFO: [ route_check ] --START--
INFO: Run CheckRoute Behavior [ RunTime:0.000194s ]
INFO: [ route_check ] --END-- [ RunTime:0.000273s ]
INFO: [ app_begin ] --START--
INFO: Run ReadHtmlCache Behavior [ RunTime:0.000175s ]
INFO: [ app_begin ] --END-- [ RunTime:0.000236s ]
SQL: SHOW COLUMNS FROM `tb_session` [ RunTime:0.001958s ]
NOTIC: [8] Undefined index:  company C:\AppServ\www\jianli\inspect\Home\Node\Lib\Model\BaseModel.class.php 第 34 行.
SQL: SELECT * FROM `tb_session` WHERE ( `appid` = 1 ) AND ( `status` = 0 ) AND ( `key` = '9234b9dd16857c31f9a0b93c1c60cd01' ) LIMIT 1   [ RunTime:0.000384s ]
SQL: SHOW COLUMNS FROM `tb_budget` [ RunTime:0.002241s ]
ERR: Table 'jianliht.tb_budget' doesn't exist
 [ SQL语句 ] : SHOW COLUMNS FROM `tb_budget`
NOTIC: [8] Undefined index:  company C:\AppServ\www\jianli\inspect\Home\Node\Lib\Model\BaseModel.class.php 第 34 行.
INFO: [ view_template ] --START--
INFO: Run LocationTemplate Behavior [ RunTime:0.000243s ]
INFO: [ view_template ] --END-- [ RunTime:0.000301s ]
INFO: [ view_parse ] --START--
NOTIC: [8] Undefined variable: Title C:\AppServ\www\jianli\inspect\Home\Node\Runtime\Cache\4b716ac687b1835a880c4989d2c535ee.php 第 8 行.
INFO: Run ParseTemplate Behavior [ RunTime:0.011310s ]
INFO: [ view_parse ] --END-- [ RunTime:0.011381s ]
INFO: [ view_filter ] --START--
INFO: Run ContentReplace Behavior [ RunTime:0.000318s ]
INFO: Run TokenBuild Behavior [ RunTime:0.000180s ]
INFO: Run WriteHtmlCache Behavior [ RunTime:0.000339s ]
INFO: Run ShowRuntime Behavior [ RunTime:0.000837s ]
INFO: [ view_filter ] --END-- [ RunTime:0.001818s ]
INFO: [ view_end ] --START--
INFO: Run ShowPageTrace Behavior [ RunTime:0.001836s ]
INFO: [ view_end ] --END-- [ RunTime:0.001928s ]

[ 2014-05-14T10:44:31+08:00 ] 127.0.0.1 /jianli/inspect/node.php?s=/Budget/softCalculate
INFO: [ route_check ] --START--
INFO: Run CheckRoute Behavior [ RunTime:0.000775s ]
INFO: [ route_check ] --END-- [ RunTime:0.001004s ]
INFO: [ app_begin ] --START--
INFO: Run ReadHtmlCache Behavior [ RunTime:0.000226s ]
INFO: [ app_begin ] --END-- [ RunTime:0.000300s ]
SQL: SHOW COLUMNS FROM `tb_session` [ RunTime:0.003401s ]
NOTIC: [8] Undefined index:  company C:\AppServ\www\jianli\inspect\Home\Node\Lib\Model\BaseModel.class.php 第 34 行.
SQL: SELECT * FROM `tb_session` WHERE ( `appid` = 1 ) AND ( `status` = 0 ) AND ( `key` = '9234b9dd16857c31f9a0b93c1c60cd01' ) LIMIT 1   [ RunTime:0.002001s ]
SQL: SHOW COLUMNS FROM `tb_budget` [ RunTime:0.003868s ]
ERR: Table 'jianliht.tb_budget' doesn't exist
 [ SQL语句 ] : SHOW COLUMNS FROM `tb_budget`
NOTIC: [8] Undefined index:  company C:\AppServ\www\jianli\inspect\Home\Node\Lib\Model\BaseModel.class.php 第 34 行.

[ 2014-05-14T10:49:22+08:00 ] 127.0.0.1 /jianli/inspect/node.php?s=/Budget/soft
INFO: [ route_check ] --START--
INFO: Run CheckRoute Behavior [ RunTime:0.001082s ]
INFO: [ route_check ] --END-- [ RunTime:0.001239s ]
INFO: [ app_begin ] --START--
INFO: Run ReadHtmlCache Behavior [ RunTime:0.001053s ]
INFO: [ app_begin ] --END-- [ RunTime:0.001187s ]
SQL: SHOW COLUMNS FROM `tb_session` [ RunTime:0.002056s ]
NOTIC: [8] Undefined index:  company C:\AppServ\www\jianli\inspect\Home\Node\Lib\Model\BaseModel.class.php 第 34 行.
SQL: SELECT * FROM `tb_session` WHERE ( `appid` = 1 ) AND ( `status` = 0 ) AND ( `key` = '9234b9dd16857c31f9a0b93c1c60cd01' ) LIMIT 1   [ RunTime:0.000361s ]
SQL: SHOW COLUMNS FROM `tb_budget` [ RunTime:0.002170s ]
ERR: Table 'jianliht.tb_budget' doesn't exist
 [ SQL语句 ] : SHOW COLUMNS FROM `tb_budget`
NOTIC: [8] Undefined index:  company C:\AppServ\www\jianli\inspect\Home\Node\Lib\Model\BaseModel.class.php 第 34 行.
INFO: [ view_template ] --START--
INFO: Run LocationTemplate Behavior [ RunTime:0.000999s ]
INFO: [ view_template ] --END-- [ RunTime:0.001058s ]
INFO: [ view_parse ] --START--
NOTIC: [8] Undefined variable: Title C:\AppServ\www\jianli\inspect\Home\Node\Runtime\Cache\4b716ac687b1835a880c4989d2c535ee.php 第 8 行.
INFO: Run ParseTemplate Behavior [ RunTime:0.014343s ]
INFO: [ view_parse ] --END-- [ RunTime:0.014412s ]
INFO: [ view_filter ] --START--
INFO: Run ContentReplace Behavior [ RunTime:0.000665s ]
INFO: Run TokenBuild Behavior [ RunTime:0.000511s ]
INFO: Run WriteHtmlCache Behavior [ RunTime:0.000480s ]
INFO: Run ShowRuntime Behavior [ RunTime:0.000522s ]
INFO: [ view_filter ] --END-- [ RunTime:0.002330s ]
INFO: [ view_end ] --START--
INFO: Run ShowPageTrace Behavior [ RunTime:0.001571s ]
INFO: [ view_end ] --END-- [ RunTime:0.001666s ]

[ 2014-05-14T10:49:22+08:00 ] 127.0.0.1 /jianli/inspect/node.php?s=/Budget/softCalculate
INFO: [ route_check ] --START--
INFO: Run CheckRoute Behavior [ RunTime:0.001035s ]
INFO: [ route_check ] --END-- [ RunTime:0.001182s ]
INFO: [ app_begin ] --START--
INFO: Run ReadHtmlCache Behavior [ RunTime:0.000958s ]
INFO: [ app_begin ] --END-- [ RunTime:0.001126s ]
SQL: SHOW COLUMNS FROM `tb_session` [ RunTime:0.003162s ]
NOTIC: [8] Undefined index:  company C:\AppServ\www\jianli\inspect\Home\Node\Lib\Model\BaseModel.class.php 第 34 行.
SQL: SELECT * FROM `tb_session` WHERE ( `appid` = 1 ) AND ( `status` = 0 ) AND ( `key` = '9234b9dd16857c31f9a0b93c1c60cd01' ) LIMIT 1   [ RunTime:0.000431s ]
SQL: SHOW COLUMNS FROM `tb_budget` [ RunTime:0.005114s ]
ERR: Table 'jianliht.tb_budget' doesn't exist
 [ SQL语句 ] : SHOW COLUMNS FROM `tb_budget`
NOTIC: [8] Undefined index:  company C:\AppServ\www\jianli\inspect\Home\Node\Lib\Model\BaseModel.class.php 第 34 行.

[ 2014-05-14T10:49:50+08:00 ] 127.0.0.1 /jianli/inspect/node.php?s=/Budget/child/type/electric
INFO: [ route_check ] --START--
INFO: Run CheckRoute Behavior [ RunTime:0.000398s ]
INFO: [ route_check ] --END-- [ RunTime:0.000543s ]
INFO: [ app_begin ] --START--
INFO: Run ReadHtmlCache Behavior [ RunTime:0.000369s ]
INFO: [ app_begin ] --END-- [ RunTime:0.000497s ]
SQL: SHOW COLUMNS FROM `tb_session` [ RunTime:0.002707s ]
NOTIC: [8] Undefined index:  company C:\AppServ\www\jianli\inspect\Home\Node\Lib\Model\BaseModel.class.php 第 34 行.
SQL: SELECT * FROM `tb_session` WHERE ( `appid` = 1 ) AND ( `status` = 0 ) AND ( `key` = '9234b9dd16857c31f9a0b93c1c60cd01' ) LIMIT 1   [ RunTime:0.000270s ]
SQL: SHOW COLUMNS FROM `tb_budget` [ RunTime:0.002371s ]
ERR: Table 'jianliht.tb_budget' doesn't exist
 [ SQL语句 ] : SHOW COLUMNS FROM `tb_budget`
NOTIC: [8] Undefined index:  company C:\AppServ\www\jianli\inspect\Home\Node\Lib\Model\BaseModel.class.php 第 34 行.
INFO: [ view_template ] --START--
INFO: Run LocationTemplate Behavior [ RunTime:0.001088s ]
INFO: [ view_template ] --END-- [ RunTime:0.001152s ]
INFO: [ view_parse ] --START--
NOTIC: [8] Undefined variable: Title C:\AppServ\www\jianli\inspect\Home\Node\Runtime\Cache\66ff0ea53cd9bf5d2cc0aefdb1ee5205.php 第 8 行.
NOTIC: [8] Undefined index:  elec1 C:\AppServ\www\jianli\inspect\Home\Node\Runtime\Cache\66ff0ea53cd9bf5d2cc0aefdb1ee5205.php 第 58 行.
NOTIC: [8] Undefined index:  elec2 C:\AppServ\www\jianli\inspect\Home\Node\Runtime\Cache\66ff0ea53cd9bf5d2cc0aefdb1ee5205.php 第 58 行.
NOTIC: [8] Undefined index:  elec3 C:\AppServ\www\jianli\inspect\Home\Node\Runtime\Cache\66ff0ea53cd9bf5d2cc0aefdb1ee5205.php 第 58 行.
INFO: Run ParseTemplate Behavior [ RunTime:0.019469s ]
INFO: [ view_parse ] --END-- [ RunTime:0.019541s ]
INFO: [ view_filter ] --START--
INFO: Run ContentReplace Behavior [ RunTime:0.000654s ]
INFO: Run TokenBuild Behavior [ RunTime:0.000554s ]
INFO: Run WriteHtmlCache Behavior [ RunTime:0.000498s ]
INFO: Run ShowRuntime Behavior [ RunTime:0.000661s ]
INFO: [ view_filter ] --END-- [ RunTime:0.002533s ]
INFO: [ view_end ] --START--
INFO: Run ShowPageTrace Behavior [ RunTime:0.000878s ]
INFO: [ view_end ] --END-- [ RunTime:0.000951s ]

[ 2014-05-14T10:49:58+08:00 ] 127.0.0.1 /jianli/inspect/node.php?s=/Budget/childCalculate/type/electric
INFO: [ route_check ] --START--
INFO: Run CheckRoute Behavior [ RunTime:0.000403s ]
INFO: [ route_check ] --END-- [ RunTime:0.000562s ]
INFO: [ app_begin ] --START--
INFO: Run ReadHtmlCache Behavior [ RunTime:0.000359s ]
INFO: [ app_begin ] --END-- [ RunTime:0.000475s ]
SQL: SHOW COLUMNS FROM `tb_session` [ RunTime:0.003784s ]
NOTIC: [8] Undefined index:  company C:\AppServ\www\jianli\inspect\Home\Node\Lib\Model\BaseModel.class.php 第 34 行.
SQL: SELECT * FROM `tb_session` WHERE ( `appid` = 1 ) AND ( `status` = 0 ) AND ( `key` = '9234b9dd16857c31f9a0b93c1c60cd01' ) LIMIT 1   [ RunTime:0.000942s ]
SQL: SHOW COLUMNS FROM `tb_budget` [ RunTime:0.004598s ]
ERR: Table 'jianliht.tb_budget' doesn't exist
 [ SQL语句 ] : SHOW COLUMNS FROM `tb_budget`
NOTIC: [8] Undefined index:  company C:\AppServ\www\jianli\inspect\Home\Node\Lib\Model\BaseModel.class.php 第 34 行.
NOTIC: [8] Undefined variable: msg C:\AppServ\www\jianli\inspect\Home\Node\Lib\Action\BudgetAction.class.php 第 165 行.

[ 2014-05-14T11:19:09+08:00 ] 127.0.0.1 /jianli/inspect/node.php?s=/Budget/child/type/electric
INFO: [ route_check ] --START--
INFO: Run CheckRoute Behavior [ RunTime:0.001089s ]
INFO: [ route_check ] --END-- [ RunTime:0.001243s ]
INFO: [ app_begin ] --START--
INFO: Run ReadHtmlCache Behavior [ RunTime:0.002177s ]
INFO: [ app_begin ] --END-- [ RunTime:0.002597s ]
SQL: SHOW COLUMNS FROM `tb_session` [ RunTime:0.001973s ]
NOTIC: [8] Undefined index:  company C:\AppServ\www\jianli\inspect\Home\Node\Lib\Model\BaseModel.class.php 第 34 行.
SQL: SELECT * FROM `tb_session` WHERE ( `appid` = 1 ) AND ( `status` = 0 ) AND ( `key` = '9234b9dd16857c31f9a0b93c1c60cd01' ) LIMIT 1   [ RunTime:0.000399s ]
SQL: SHOW COLUMNS FROM `tb_budget` [ RunTime:0.002173s ]
ERR: Table 'jianliht.tb_budget' doesn't exist
 [ SQL语句 ] : SHOW COLUMNS FROM `tb_budget`
NOTIC: [8] Undefined index:  company C:\AppServ\www\jianli\inspect\Home\Node\Lib\Model\BaseModel.class.php 第 34 行.
INFO: [ view_template ] --START--
INFO: Run LocationTemplate Behavior [ RunTime:0.001002s ]
INFO: [ view_template ] --END-- [ RunTime:0.001063s ]
INFO: [ view_parse ] --START--
NOTIC: [8] Undefined variable: Title C:\AppServ\www\jianli\inspect\Home\Node\Runtime\Cache\66ff0ea53cd9bf5d2cc0aefdb1ee5205.php 第 8 行.
NOTIC: [8] Undefined index:  elec1 C:\AppServ\www\jianli\inspect\Home\Node\Runtime\Cache\66ff0ea53cd9bf5d2cc0aefdb1ee5205.php 第 58 行.
NOTIC: [8] Undefined index:  elec2 C:\AppServ\www\jianli\inspect\Home\Node\Runtime\Cache\66ff0ea53cd9bf5d2cc0aefdb1ee5205.php 第 58 行.
NOTIC: [8] Undefined index:  elec3 C:\AppServ\www\jianli\inspect\Home\Node\Runtime\Cache\66ff0ea53cd9bf5d2cc0aefdb1ee5205.php 第 58 行.
INFO: Run ParseTemplate Behavior [ RunTime:0.014572s ]
INFO: [ view_parse ] --END-- [ RunTime:0.014640s ]
INFO: [ view_filter ] --START--
INFO: Run ContentReplace Behavior [ RunTime:0.000617s ]
INFO: Run TokenBuild Behavior [ RunTime:0.000508s ]
INFO: Run WriteHtmlCache Behavior [ RunTime:0.000475s ]
INFO: Run ShowRuntime Behavior [ RunTime:0.000516s ]
INFO: [ view_filter ] --END-- [ RunTime:0.002264s ]
INFO: [ view_end ] --START--
INFO: Run ShowPageTrace Behavior [ RunTime:0.000711s ]
INFO: [ view_end ] --END-- [ RunTime:0.001375s ]

[ 2014-05-14T11:26:58+08:00 ] 127.0.0.1 /jianli/inspect/node.php?s=/Budget/child/type/electric
INFO: [ route_check ] --START--
INFO: Run CheckRoute Behavior [ RunTime:0.001093s ]
INFO: [ route_check ] --END-- [ RunTime:0.001247s ]
INFO: [ app_begin ] --START--
INFO: Run ReadHtmlCache Behavior [ RunTime:0.001146s ]
INFO: [ app_begin ] --END-- [ RunTime:0.001287s ]
SQL: SHOW COLUMNS FROM `tb_user` [ RunTime:0.002228s ]
NOTIC: [8] Undefined index:  company C:\AppServ\www\jianli\inspect\Home\Node\Lib\Model\BaseModel.class.php 第 34 行.
SQL: SELECT * FROM `tb_user` WHERE ( `appid` = 1 ) AND ( `status` = 0 ) AND ( `id` = 1 ) LIMIT 1   [ RunTime:0.000399s ]
SQL: SHOW COLUMNS FROM `tb_budget` [ RunTime:0.002306s ]
ERR: Table 'jianliht.tb_budget' doesn't exist
 [ SQL语句 ] : SHOW COLUMNS FROM `tb_budget`
NOTIC: [8] Undefined index:  company C:\AppServ\www\jianli\inspect\Home\Node\Lib\Model\BaseModel.class.php 第 34 行.
INFO: [ view_template ] --START--
INFO: Run LocationTemplate Behavior [ RunTime:0.001668s ]
INFO: [ view_template ] --END-- [ RunTime:0.001726s ]
INFO: [ view_parse ] --START--
NOTIC: [8] Undefined variable: Title C:\AppServ\www\jianli\inspect\Home\Node\Runtime\Cache\66ff0ea53cd9bf5d2cc0aefdb1ee5205.php 第 8 行.
NOTIC: [8] Undefined index:  elec1 C:\AppServ\www\jianli\inspect\Home\Node\Runtime\Cache\66ff0ea53cd9bf5d2cc0aefdb1ee5205.php 第 58 行.
NOTIC: [8] Undefined index:  elec2 C:\AppServ\www\jianli\inspect\Home\Node\Runtime\Cache\66ff0ea53cd9bf5d2cc0aefdb1ee5205.php 第 58 行.
NOTIC: [8] Undefined index:  elec3 C:\AppServ\www\jianli\inspect\Home\Node\Runtime\Cache\66ff0ea53cd9bf5d2cc0aefdb1ee5205.php 第 58 行.
INFO: Run ParseTemplate Behavior [ RunTime:0.020819s ]
INFO: [ view_parse ] --END-- [ RunTime:0.020894s ]
INFO: [ view_filter ] --START--
INFO: Run ContentReplace Behavior [ RunTime:0.001174s ]
INFO: Run TokenBuild Behavior [ RunTime:0.000989s ]
INFO: Run WriteHtmlCache Behavior [ RunTime:0.000924s ]
INFO: Run ShowRuntime Behavior [ RunTime:0.000968s ]
INFO: [ view_filter ] --END-- [ RunTime:0.004227s ]
INFO: [ view_end ] --START--
INFO: Run ShowPageTrace Behavior [ RunTime:0.000984s ]
INFO: [ view_end ] --END-- [ RunTime:0.001049s ]

[ 2014-05-14T11:27:31+08:00 ] 127.0.0.1 /jianli/inspect/node.php?s=/Budget/child/type/electric
INFO: [ route_check ] --START--
INFO: Run CheckRoute Behavior [ RunTime:0.002359s ]
INFO: [ route_check ] --END-- [ RunTime:0.002663s ]
INFO: [ app_begin ] --START--
INFO: Run ReadHtmlCache Behavior [ RunTime:0.001093s ]
INFO: [ app_begin ] --END-- [ RunTime:0.001275s ]
SQL: SHOW COLUMNS FROM `tb_session` [ RunTime:0.002079s ]
NOTIC: [8] Undefined index:  company C:\AppServ\www\jianli\inspect\Home\Node\Lib\Model\BaseModel.class.php 第 34 行.
SQL: SELECT * FROM `tb_session` WHERE ( `appid` = 1 ) AND ( `status` = 0 ) AND ( `key` = '9234b9dd16857c31f9a0b93c1c60cd01' ) LIMIT 1   [ RunTime:0.000480s ]
SQL: SHOW COLUMNS FROM `tb_budget` [ RunTime:0.002316s ]
ERR: Table 'jianliht.tb_budget' doesn't exist
 [ SQL语句 ] : SHOW COLUMNS FROM `tb_budget`
NOTIC: [8] Undefined index:  company C:\AppServ\www\jianli\inspect\Home\Node\Lib\Model\BaseModel.class.php 第 34 行.
INFO: [ view_template ] --START--
INFO: Run LocationTemplate Behavior [ RunTime:0.000998s ]
INFO: [ view_template ] --END-- [ RunTime:0.001057s ]
INFO: [ view_parse ] --START--
NOTIC: [8] Undefined variable: Title C:\AppServ\www\jianli\inspect\Home\Node\Runtime\Cache\66ff0ea53cd9bf5d2cc0aefdb1ee5205.php 第 8 行.
NOTIC: [8] Undefined index:  elec1 C:\AppServ\www\jianli\inspect\Home\Node\Runtime\Cache\66ff0ea53cd9bf5d2cc0aefdb1ee5205.php 第 58 行.
NOTIC: [8] Undefined index:  elec2 C:\AppServ\www\jianli\inspect\Home\Node\Runtime\Cache\66ff0ea53cd9bf5d2cc0aefdb1ee5205.php 第 58 行.
NOTIC: [8] Undefined index:  elec3 C:\AppServ\www\jianli\inspect\Home\Node\Runtime\Cache\66ff0ea53cd9bf5d2cc0aefdb1ee5205.php 第 58 行.
INFO: Run ParseTemplate Behavior [ RunTime:0.014342s ]
INFO: [ view_parse ] --END-- [ RunTime:0.014412s ]
INFO: [ view_filter ] --START--
INFO: Run ContentReplace Behavior [ RunTime:0.000620s ]
INFO: Run TokenBuild Behavior [ RunTime:0.000504s ]
INFO: Run WriteHtmlCache Behavior [ RunTime:0.000944s ]
INFO: Run ShowRuntime Behavior [ RunTime:0.000979s ]
INFO: [ view_filter ] --END-- [ RunTime:0.003195s ]
INFO: [ view_end ] --START--
INFO: Run ShowPageTrace Behavior [ RunTime:0.001542s ]
INFO: [ view_end ] --END-- [ RunTime:0.001635s ]

[ 2014-05-14T11:27:44+08:00 ] ERR: (ThinkException) 非法操作:detail
[ 2014-05-14T11:27:48+08:00 ] 127.0.0.1 /jianli/inspect/node.php?s=/Budget/soft
INFO: [ route_check ] --START--
INFO: Run CheckRoute Behavior [ RunTime:0.000402s ]
INFO: [ route_check ] --END-- [ RunTime:0.000755s ]
INFO: [ app_begin ] --START--
INFO: Run ReadHtmlCache Behavior [ RunTime:0.000465s ]
INFO: [ app_begin ] --END-- [ RunTime:0.000597s ]
SQL: SHOW COLUMNS FROM `tb_session` [ RunTime:0.004226s ]
NOTIC: [8] Undefined index:  company C:\AppServ\www\jianli\inspect\Home\Node\Lib\Model\BaseModel.class.php 第 34 行.
SQL: SELECT * FROM `tb_session` WHERE ( `appid` = 1 ) AND ( `status` = 0 ) AND ( `key` = '307fb2665c62134ca2b5d9ed1c1f3221' ) LIMIT 1   [ RunTime:0.000454s ]
SQL: UPDATE `tb_session` SET `expire`=1400045268 WHERE ( `appid` = 1 ) AND ( `status` = 0 ) AND ( `id` = 1 ) [ RunTime:0.000307s ]
SQL: SHOW COLUMNS FROM `tb_user` [ RunTime:0.003148s ]
NOTIC: [8] Undefined index:  company C:\AppServ\www\jianli\inspect\Home\Node\Lib\Model\BaseModel.class.php 第 34 行.
SQL: SELECT * FROM `tb_user` WHERE ( `appid` = 1 ) AND ( `status` = 0 ) AND ( `id` = 1 ) LIMIT 1   [ RunTime:0.000387s ]
SQL: SHOW COLUMNS FROM `tb_budget` [ RunTime:0.002222s ]
ERR: Table 'jianliht.tb_budget' doesn't exist
 [ SQL语句 ] : SHOW COLUMNS FROM `tb_budget`
NOTIC: [8] Undefined index:  company C:\AppServ\www\jianli\inspect\Home\Node\Lib\Model\BaseModel.class.php 第 34 行.
INFO: [ view_template ] --START--
INFO: Run LocationTemplate Behavior [ RunTime:0.001049s ]
INFO: [ view_template ] --END-- [ RunTime:0.001109s ]
INFO: [ view_parse ] --START--
NOTIC: [8] Undefined variable: Title C:\AppServ\www\jianli\inspect\Home\Node\Runtime\Cache\4b716ac687b1835a880c4989d2c535ee.php 第 8 行.
INFO: Run ParseTemplate Behavior [ RunTime:0.014825s ]
INFO: [ view_parse ] --END-- [ RunTime:0.014894s ]
INFO: [ view_filter ] --START--
INFO: Run ContentReplace Behavior [ RunTime:0.000678s ]
INFO: Run TokenBuild Behavior [ RunTime:0.000528s ]
INFO: Run WriteHtmlCache Behavior [ RunTime:0.000483s ]
INFO: Run ShowRuntime Behavior [ RunTime:0.000548s ]
INFO: [ view_filter ] --END-- [ RunTime:0.002443s ]
INFO: [ view_end ] --START--
INFO: Run ShowPageTrace Behavior [ RunTime:0.001071s ]
INFO: [ view_end ] --END-- [ RunTime:0.001150s ]

[ 2014-05-14T11:27:48+08:00 ] 127.0.0.1 /jianli/inspect/node.php?s=/Budget/softCalculate
INFO: [ route_check ] --START--
INFO: Run CheckRoute Behavior [ RunTime:0.000236s ]
INFO: [ route_check ] --END-- [ RunTime:0.000355s ]
INFO: [ app_begin ] --START--
INFO: Run ReadHtmlCache Behavior [ RunTime:0.000189s ]
INFO: [ app_begin ] --END-- [ RunTime:0.000243s ]
SQL: SHOW COLUMNS FROM `tb_session` [ RunTime:0.006503s ]
NOTIC: [8] Undefined index:  company C:\AppServ\www\jianli\inspect\Home\Node\Lib\Model\BaseModel.class.php 第 34 行.
SQL: SELECT * FROM `tb_session` WHERE ( `appid` = 1 ) AND ( `status` = 0 ) AND ( `key` = '307fb2665c62134ca2b5d9ed1c1f3221' ) LIMIT 1   [ RunTime:0.000676s ]
SQL: SHOW COLUMNS FROM `tb_budget` [ RunTime:0.005173s ]
ERR: Table 'jianliht.tb_budget' doesn't exist
 [ SQL语句 ] : SHOW COLUMNS FROM `tb_budget`
NOTIC: [8] Undefined index:  company C:\AppServ\www\jianli\inspect\Home\Node\Lib\Model\BaseModel.class.php 第 34 行.

[ 2014-05-14T11:29:14+08:00 ] 127.0.0.1 /jianli/inspect/node.php?s=/Budget/soft
INFO: [ route_check ] --START--
INFO: Run CheckRoute Behavior [ RunTime:0.000390s ]
INFO: [ route_check ] --END-- [ RunTime:0.000579s ]
INFO: [ app_begin ] --START--
INFO: Run ReadHtmlCache Behavior [ RunTime:0.000484s ]
INFO: [ app_begin ] --END-- [ RunTime:0.000665s ]
SQL: SHOW COLUMNS FROM `tb_session` [ RunTime:0.001884s ]
NOTIC: [8] Undefined index:  company C:\AppServ\www\jianli\inspect\Home\Node\Lib\Model\BaseModel.class.php 第 34 行.
SQL: SELECT * FROM `tb_session` WHERE ( `appid` = 1 ) AND ( `status` = 0 ) AND ( `key` = 'bafe866359c43b30527d1ee5915b2146' ) LIMIT 1   [ RunTime:0.000408s ]
SQL: UPDATE `tb_session` SET `expire`=1400045354 WHERE ( `appid` = 1 ) AND ( `status` = 0 ) AND ( `id` = 1 ) [ RunTime:0.000190s ]
SQL: SHOW COLUMNS FROM `tb_user` [ RunTime:0.002410s ]
NOTIC: [8] Undefined index:  company C:\AppServ\www\jianli\inspect\Home\Node\Lib\Model\BaseModel.class.php 第 34 行.
SQL: SELECT * FROM `tb_user` WHERE ( `appid` = 1 ) AND ( `status` = 0 ) AND ( `id` = 1 ) LIMIT 1   [ RunTime:0.000425s ]
SQL: SHOW COLUMNS FROM `tb_budget` [ RunTime:0.002294s ]
ERR: Table 'jianliht.tb_budget' doesn't exist
 [ SQL语句 ] : SHOW COLUMNS FROM `tb_budget`
NOTIC: [8] Undefined index:  company C:\AppServ\www\jianli\inspect\Home\Node\Lib\Model\BaseModel.class.php 第 34 行.
INFO: [ view_template ] --START--
INFO: Run LocationTemplate Behavior [ RunTime:0.000705s ]
INFO: [ view_template ] --END-- [ RunTime:0.000763s ]
INFO: [ view_parse ] --START--
NOTIC: [8] Undefined variable: Title C:\AppServ\www\jianli\inspect\Home\Node\Runtime\Cache\4b716ac687b1835a880c4989d2c535ee.php 第 8 行.
INFO: Run ParseTemplate Behavior [ RunTime:0.012909s ]
INFO: [ view_parse ] --END-- [ RunTime:0.012979s ]
INFO: [ view_filter ] --START--
INFO: Run ContentReplace Behavior [ RunTime:0.000324s ]
INFO: Run TokenBuild Behavior [ RunTime:0.000357s ]
INFO: Run WriteHtmlCache Behavior [ RunTime:0.000935s ]
INFO: Run ShowRuntime Behavior [ RunTime:0.000987s ]
INFO: [ view_filter ] --END-- [ RunTime:0.002751s ]
INFO: [ view_end ] --START--
INFO: Run ShowPageTrace Behavior [ RunTime:0.001651s ]
INFO: [ view_end ] --END-- [ RunTime:0.001737s ]

[ 2014-05-14T11:29:14+08:00 ] 127.0.0.1 /jianli/inspect/node.php?s=/Budget/softCalculate
INFO: [ route_check ] --START--
INFO: Run CheckRoute Behavior [ RunTime:0.000208s ]
INFO: [ route_check ] --END-- [ RunTime:0.000300s ]
INFO: [ app_begin ] --START--
INFO: Run ReadHtmlCache Behavior [ RunTime:0.000218s ]
INFO: [ app_begin ] --END-- [ RunTime:0.000285s ]
SQL: SHOW COLUMNS FROM `tb_session` [ RunTime:0.002456s ]
NOTIC: [8] Undefined index:  company C:\AppServ\www\jianli\inspect\Home\Node\Lib\Model\BaseModel.class.php 第 34 行.
SQL: SELECT * FROM `tb_session` WHERE ( `appid` = 1 ) AND ( `status` = 0 ) AND ( `key` = 'bafe866359c43b30527d1ee5915b2146' ) LIMIT 1   [ RunTime:0.001050s ]
SQL: SHOW COLUMNS FROM `tb_budget` [ RunTime:0.004699s ]
ERR: Table 'jianliht.tb_budget' doesn't exist
 [ SQL语句 ] : SHOW COLUMNS FROM `tb_budget`
NOTIC: [8] Undefined index:  company C:\AppServ\www\jianli\inspect\Home\Node\Lib\Model\BaseModel.class.php 第 34 行.

[ 2014-05-14T11:55:22+08:00 ] 127.0.0.1 /jianli/inspect/node.php?s=/Budget/soft
INFO: [ route_check ] --START--
INFO: Run CheckRoute Behavior [ RunTime:0.001230s ]
INFO: [ route_check ] --END-- [ RunTime:0.001449s ]
INFO: [ app_begin ] --START--
INFO: Run ReadHtmlCache Behavior [ RunTime:0.001507s ]
INFO: [ app_begin ] --END-- [ RunTime:0.001657s ]
SQL: SHOW COLUMNS FROM `tb_session` [ RunTime:0.002041s ]
SQL: SELECT * FROM `tb_session` WHERE ( `appid` = 1 ) AND ( `status` = 0 ) AND ( `key` = '3e90ade768822f36666f5b49dfe695f1' ) LIMIT 1   [ RunTime:0.000372s ]
SQL: UPDATE `tb_session` SET `expire`=1400046922 WHERE ( `appid` = 1 ) AND ( `status` = 0 ) AND ( `id` = 1 ) [ RunTime:0.000148s ]
SQL: SHOW COLUMNS FROM `tb_user` [ RunTime:0.001982s ]
SQL: SELECT * FROM `tb_user` WHERE ( `appid` = 1 ) AND ( `status` = 0 ) AND ( `id` = 1 ) LIMIT 1   [ RunTime:0.000409s ]
SQL: SHOW COLUMNS FROM `tb_user_info` [ RunTime:0.001801s ]
SQL: SELECT * FROM `tb_user_info` WHERE ( `appid` = 1 ) AND ( `status` = 0 ) AND ( `uid` = 1 ) LIMIT 1   [ RunTime:0.000458s ]
SQL: SHOW COLUMNS FROM `tb_user_budget` [ RunTime:0.001946s ]
INFO: [ view_template ] --START--
INFO: Run LocationTemplate Behavior [ RunTime:0.001456s ]
INFO: [ view_template ] --END-- [ RunTime:0.001541s ]
INFO: [ view_parse ] --START--
NOTIC: [8] Undefined variable: Title C:\AppServ\www\jianli\inspect\Home\Node\Runtime\Cache\4b716ac687b1835a880c4989d2c535ee.php 第 8 行.
INFO: Run ParseTemplate Behavior [ RunTime:0.014470s ]
INFO: [ view_parse ] --END-- [ RunTime:0.014540s ]
INFO: [ view_filter ] --START--
INFO: Run ContentReplace Behavior [ RunTime:0.000651s ]
INFO: Run TokenBuild Behavior [ RunTime:0.000778s ]
INFO: Run WriteHtmlCache Behavior [ RunTime:0.000483s ]
INFO: Run ShowRuntime Behavior [ RunTime:0.000525s ]
INFO: [ view_filter ] --END-- [ RunTime:0.002593s ]
NOTIC: [2] Cannot modify header information - headers already sent by (output started at C:\AppServ\www\jianli\inspect\Home\Node\Lib\Action\BaseAction.class.php:38) C:\AppServ\www\jianli\inspect\ThinkPHP\Lib\Core\View.class.php 第 88 行.
NOTIC: [2] Cannot modify header information - headers already sent by (output started at C:\AppServ\www\jianli\inspect\Home\Node\Lib\Action\BaseAction.class.php:38) C:\AppServ\www\jianli\inspect\ThinkPHP\Lib\Core\View.class.php 第 89 行.
NOTIC: [2] Cannot modify header information - headers already sent by (output started at C:\AppServ\www\jianli\inspect\Home\Node\Lib\Action\BaseAction.class.php:38) C:\AppServ\www\jianli\inspect\ThinkPHP\Lib\Core\View.class.php 第 90 行.
INFO: [ view_end ] --START--
INFO: Run ShowPageTrace Behavior [ RunTime:0.000787s ]
INFO: [ view_end ] --END-- [ RunTime:0.000876s ]

[ 2014-05-14T11:55:22+08:00 ] 127.0.0.1 /jianli/inspect/node.php?s=/Budget/softCalculate
INFO: [ route_check ] --START--
INFO: Run CheckRoute Behavior [ RunTime:0.000479s ]
INFO: [ route_check ] --END-- [ RunTime:0.000652s ]
INFO: [ app_begin ] --START--
INFO: Run ReadHtmlCache Behavior [ RunTime:0.000314s ]
INFO: [ app_begin ] --END-- [ RunTime:0.000402s ]
SQL: SHOW COLUMNS FROM `tb_session` [ RunTime:0.004152s ]
SQL: SELECT * FROM `tb_session` WHERE ( `appid` = 1 ) AND ( `status` = 0 ) AND ( `key` = '3e90ade768822f36666f5b49dfe695f1' ) LIMIT 1   [ RunTime:0.001945s ]
SQL: SHOW COLUMNS FROM `tb_user_budget` [ RunTime:0.003013s ]

[ 2014-05-14T11:55:25+08:00 ] 127.0.0.1 /jianli/inspect/node.php?s=/Budget/soft
INFO: [ route_check ] --START--
INFO: Run CheckRoute Behavior [ RunTime:0.000412s ]
INFO: [ route_check ] --END-- [ RunTime:0.000569s ]
INFO: [ app_begin ] --START--
INFO: Run ReadHtmlCache Behavior [ RunTime:0.000372s ]
INFO: [ app_begin ] --END-- [ RunTime:0.000511s ]
SQL: SHOW COLUMNS FROM `tb_session` [ RunTime:0.004635s ]
SQL: SELECT * FROM `tb_session` WHERE ( `appid` = 1 ) AND ( `status` = 0 ) AND ( `key` = '78c36486917fd5a5f0f3330ce872dd67' ) LIMIT 1   [ RunTime:0.000941s ]
SQL: UPDATE `tb_session` SET `expire`=1400046925 WHERE ( `appid` = 1 ) AND ( `status` = 0 ) AND ( `id` = 1 ) [ RunTime:0.000536s ]
SQL: SHOW COLUMNS FROM `tb_user` [ RunTime:0.005161s ]
SQL: SELECT * FROM `tb_user` WHERE ( `appid` = 1 ) AND ( `status` = 0 ) AND ( `id` = 1 ) LIMIT 1   [ RunTime:0.000504s ]
SQL: SHOW COLUMNS FROM `tb_user_info` [ RunTime:0.002810s ]
SQL: SELECT * FROM `tb_user_info` WHERE ( `appid` = 1 ) AND ( `status` = 0 ) AND ( `uid` = 1 ) LIMIT 1   [ RunTime:0.000355s ]
SQL: SHOW COLUMNS FROM `tb_user_budget` [ RunTime:0.002706s ]
INFO: [ view_template ] --START--
INFO: Run LocationTemplate Behavior [ RunTime:0.001803s ]
INFO: [ view_template ] --END-- [ RunTime:0.001917s ]
INFO: [ view_parse ] --START--
NOTIC: [8] Undefined variable: Title C:\AppServ\www\jianli\inspect\Home\Node\Runtime\Cache\4b716ac687b1835a880c4989d2c535ee.php 第 8 行.
INFO: Run ParseTemplate Behavior [ RunTime:0.019969s ]
INFO: [ view_parse ] --END-- [ RunTime:0.020062s ]
INFO: [ view_filter ] --START--
INFO: Run ContentReplace Behavior [ RunTime:0.001534s ]
INFO: Run TokenBuild Behavior [ RunTime:0.001034s ]
INFO: Run WriteHtmlCache Behavior [ RunTime:0.000974s ]
INFO: Run ShowRuntime Behavior [ RunTime:0.001020s ]
INFO: [ view_filter ] --END-- [ RunTime:0.004751s ]
NOTIC: [2] Cannot modify header information - headers already sent by (output started at C:\AppServ\www\jianli\inspect\Home\Node\Lib\Action\BaseAction.class.php:38) C:\AppServ\www\jianli\inspect\ThinkPHP\Lib\Core\View.class.php 第 88 行.
NOTIC: [2] Cannot modify header information - headers already sent by (output started at C:\AppServ\www\jianli\inspect\Home\Node\Lib\Action\BaseAction.class.php:38) C:\AppServ\www\jianli\inspect\ThinkPHP\Lib\Core\View.class.php 第 89 行.
NOTIC: [2] Cannot modify header information - headers already sent by (output started at C:\AppServ\www\jianli\inspect\Home\Node\Lib\Action\BaseAction.class.php:38) C:\AppServ\www\jianli\inspect\ThinkPHP\Lib\Core\View.class.php 第 90 行.
INFO: [ view_end ] --START--
INFO: Run ShowPageTrace Behavior [ RunTime:0.001254s ]
INFO: [ view_end ] --END-- [ RunTime:0.001327s ]

[ 2014-05-14T12:40:34+08:00 ] 127.0.0.1 /jianli/inspect/node.php?s=/Budget/soft
INFO: [ route_check ] --START--
INFO: Run CheckRoute Behavior [ RunTime:0.001107s ]
INFO: [ route_check ] --END-- [ RunTime:0.001259s ]
INFO: [ app_begin ] --START--
INFO: Run ReadHtmlCache Behavior [ RunTime:0.001134s ]
INFO: [ app_begin ] --END-- [ RunTime:0.001284s ]
SQL: SHOW COLUMNS FROM `tb_session` [ RunTime:0.002224s ]
SQL: SELECT * FROM `tb_session` WHERE ( `appid` = 1 ) AND ( `status` = 0 ) AND ( `key` = '78c36486917fd5a5f0f3330ce872dd67' ) LIMIT 1   [ RunTime:0.000432s ]
SQL: UPDATE `tb_session` SET `expire`=1400049634 WHERE ( `appid` = 1 ) AND ( `status` = 0 ) AND ( `id` = 1 ) [ RunTime:0.000175s ]
SQL: SHOW COLUMNS FROM `tb_user` [ RunTime:0.002987s ]
SQL: SELECT * FROM `tb_user` WHERE ( `appid` = 1 ) AND ( `status` = 0 ) AND ( `id` = 1 ) LIMIT 1   [ RunTime:0.000420s ]
SQL: SHOW COLUMNS FROM `tb_user_info` [ RunTime:0.002502s ]
SQL: SELECT * FROM `tb_user_info` WHERE ( `appid` = 1 ) AND ( `status` = 0 ) AND ( `uid` = 1 ) LIMIT 1   [ RunTime:0.000489s ]
SQL: SHOW COLUMNS FROM `tb_user_budget` [ RunTime:0.002732s ]
INFO: [ view_template ] --START--
INFO: Run LocationTemplate Behavior [ RunTime:0.001056s ]
INFO: [ view_template ] --END-- [ RunTime:0.001116s ]
INFO: [ view_parse ] --START--
NOTIC: [8] Undefined variable: Title C:\AppServ\www\jianli\inspect\Home\Node\Runtime\Cache\4b716ac687b1835a880c4989d2c535ee.php 第 8 行.
INFO: Run ParseTemplate Behavior [ RunTime:0.013909s ]
INFO: [ view_parse ] --END-- [ RunTime:0.013978s ]
INFO: [ view_filter ] --START--
INFO: Run ContentReplace Behavior [ RunTime:0.001218s ]
INFO: Run TokenBuild Behavior [ RunTime:0.000519s ]
INFO: Run WriteHtmlCache Behavior [ RunTime:0.000923s ]
INFO: Run ShowRuntime Behavior [ RunTime:0.000982s ]
INFO: [ view_filter ] --END-- [ RunTime:0.003803s ]
NOTIC: [2] Cannot modify header information - headers already sent by (output started at C:\AppServ\www\jianli\inspect\Home\Node\Lib\Action\BaseAction.class.php:38) C:\AppServ\www\jianli\inspect\ThinkPHP\Lib\Core\View.class.php 第 88 行.
NOTIC: [2] Cannot modify header information - headers already sent by (output started at C:\AppServ\www\jianli\inspect\Home\Node\Lib\Action\BaseAction.class.php:38) C:\AppServ\www\jianli\inspect\ThinkPHP\Lib\Core\View.class.php 第 89 行.
NOTIC: [2] Cannot modify header information - headers already sent by (output started at C:\AppServ\www\jianli\inspect\Home\Node\Lib\Action\BaseAction.class.php:38) C:\AppServ\www\jianli\inspect\ThinkPHP\Lib\Core\View.class.php 第 90 行.
INFO: [ view_end ] --START--
INFO: Run ShowPageTrace Behavior [ RunTime:0.001434s ]
INFO: [ view_end ] --END-- [ RunTime:0.001516s ]

[ 2014-05-14T12:40:34+08:00 ] 127.0.0.1 /jianli/inspect/node.php?s=/Budget/softCalculate
INFO: [ route_check ] --START--
INFO: Run CheckRoute Behavior [ RunTime:0.000224s ]
INFO: [ route_check ] --END-- [ RunTime:0.000323s ]
INFO: [ app_begin ] --START--
INFO: Run ReadHtmlCache Behavior [ RunTime:0.000181s ]
INFO: [ app_begin ] --END-- [ RunTime:0.000234s ]
SQL: SHOW COLUMNS FROM `tb_session` [ RunTime:0.006280s ]
SQL: SELECT * FROM `tb_session` WHERE ( `appid` = 1 ) AND ( `status` = 0 ) AND ( `key` = '78c36486917fd5a5f0f3330ce872dd67' ) LIMIT 1   [ RunTime:0.000799s ]
SQL: UPDATE `tb_session` SET `expire`=1400049634 WHERE ( `appid` = 1 ) AND ( `status` = 0 ) AND ( `id` = 1 ) [ RunTime:0.002950s ]
SQL: SHOW COLUMNS FROM `tb_user` [ RunTime:0.005143s ]
SQL: SELECT * FROM `tb_user` WHERE ( `appid` = 1 ) AND ( `status` = 0 ) AND ( `id` = 1 ) LIMIT 1   [ RunTime:0.000504s ]
SQL: SHOW COLUMNS FROM `tb_user_info` [ RunTime:0.003372s ]
SQL: SELECT * FROM `tb_user_info` WHERE ( `appid` = 1 ) AND ( `status` = 0 ) AND ( `uid` = 1 ) LIMIT 1   [ RunTime:0.000497s ]
SQL: SHOW COLUMNS FROM `tb_user_budget` [ RunTime:0.003768s ]

[ 2014-05-14T12:40:50+08:00 ] 127.0.0.1 /jianli/inspect/node.php?s=/Budget/soft
INFO: [ route_check ] --START--
INFO: Run CheckRoute Behavior [ RunTime:0.001276s ]
INFO: [ route_check ] --END-- [ RunTime:0.001431s ]
INFO: [ app_begin ] --START--
INFO: Run ReadHtmlCache Behavior [ RunTime:0.001061s ]
INFO: [ app_begin ] --END-- [ RunTime:0.001212s ]
SQL: SHOW COLUMNS FROM `tb_session` [ RunTime:0.001975s ]
SQL: SELECT * FROM `tb_session` WHERE ( `appid` = 1 ) AND ( `status` = 0 ) AND ( `key` = 'a5289968171627a6ff3222cbc75df039' ) LIMIT 1   [ RunTime:0.000455s ]
SQL: UPDATE `tb_session` SET `expire`=1400049650 WHERE ( `appid` = 1 ) AND ( `status` = 0 ) AND ( `id` = 1 ) [ RunTime:0.000164s ]
SQL: SHOW COLUMNS FROM `tb_user` [ RunTime:0.002015s ]
SQL: SELECT * FROM `tb_user` WHERE ( `appid` = 1 ) AND ( `status` = 0 ) AND ( `id` = 1 ) LIMIT 1   [ RunTime:0.000363s ]
SQL: SHOW COLUMNS FROM `tb_user_info` [ RunTime:0.001810s ]
SQL: SELECT * FROM `tb_user_info` WHERE ( `appid` = 1 ) AND ( `status` = 0 ) AND ( `uid` = 1 ) LIMIT 1   [ RunTime:0.000513s ]
SQL: SHOW COLUMNS FROM `tb_user_budget` [ RunTime:0.001887s ]
INFO: [ view_template ] --START--
INFO: Run LocationTemplate Behavior [ RunTime:0.001649s ]
INFO: [ view_template ] --END-- [ RunTime:0.001710s ]
INFO: [ view_parse ] --START--
NOTIC: [8] Undefined variable: Title C:\AppServ\www\jianli\inspect\Home\Node\Runtime\Cache\4b716ac687b1835a880c4989d2c535ee.php 第 8 行.
INFO: Run ParseTemplate Behavior [ RunTime:0.016335s ]
INFO: [ view_parse ] --END-- [ RunTime:0.016405s ]
INFO: [ view_filter ] --START--
INFO: Run ContentReplace Behavior [ RunTime:0.001113s ]
INFO: Run TokenBuild Behavior [ RunTime:0.000963s ]
INFO: Run WriteHtmlCache Behavior [ RunTime:0.000926s ]
INFO: Run ShowRuntime Behavior [ RunTime:0.000978s ]
INFO: [ view_filter ] --END-- [ RunTime:0.004130s ]
INFO: [ view_end ] --START--
INFO: Run ShowPageTrace Behavior [ RunTime:0.000999s ]
INFO: [ view_end ] --END-- [ RunTime:0.001068s ]

[ 2014-05-14T12:40:50+08:00 ] 127.0.0.1 /jianli/inspect/node.php?s=/Budget/softCalculate
INFO: [ route_check ] --START--
INFO: Run CheckRoute Behavior [ RunTime:0.000496s ]
INFO: [ route_check ] --END-- [ RunTime:0.000676s ]
INFO: [ app_begin ] --START--
INFO: Run ReadHtmlCache Behavior [ RunTime:0.000191s ]
INFO: [ app_begin ] --END-- [ RunTime:0.000244s ]
SQL: SHOW COLUMNS FROM `tb_session` [ RunTime:0.007545s ]
SQL: SELECT * FROM `tb_session` WHERE ( `appid` = 1 ) AND ( `status` = 0 ) AND ( `key` = 'a5289968171627a6ff3222cbc75df039' ) LIMIT 1   [ RunTime:0.001437s ]
SQL: SHOW COLUMNS FROM `tb_user_budget` [ RunTime:0.003048s ]

[ 2014-05-14T12:46:03+08:00 ] 127.0.0.1 /jianli/inspect/node.php?s=/Budget/softCalculate
INFO: [ route_check ] --START--
INFO: Run CheckRoute Behavior [ RunTime:0.000741s ]
INFO: [ route_check ] --END-- [ RunTime:0.000931s ]
INFO: [ app_begin ] --START--
INFO: Run ReadHtmlCache Behavior [ RunTime:0.000952s ]
INFO: [ app_begin ] --END-- [ RunTime:0.001188s ]
SQL: SHOW COLUMNS FROM `tb_session` [ RunTime:0.003045s ]
SQL: SELECT * FROM `tb_session` WHERE ( `appid` = 1 ) AND ( `status` = 0 ) AND ( `key` = 'c54235a1a2d04f93fa8467b8c7dc8911' ) LIMIT 1   [ RunTime:0.000934s ]
SQL: SHOW COLUMNS FROM `tb_user_budget` [ RunTime:0.002248s ]

