[ 2014-05-19T09:48:53+08:00 ] 127.0.0.1 /jianli/inspect/node.php?s=/Budget/soft
INFO: [ route_check ] --START--
INFO: Run CheckRoute Behavior [ RunTime:0.053110s ]
INFO: [ route_check ] --END-- [ RunTime:0.053238s ]
INFO: [ app_begin ] --START--
INFO: Run ReadHtmlCache Behavior [ RunTime:0.000644s ]
INFO: [ app_begin ] --END-- [ RunTime:0.000712s ]
SQL: SHOW COLUMNS FROM `tb_session` [ RunTime:0.001634s ]
SQL: SELECT * FROM `tb_session` WHERE ( `appid` = 1 ) AND ( `status` = 0 ) AND ( `key` = 'a2483a1a896e55c7f3a5f65a3485f9ce' ) LIMIT 1   [ RunTime:0.000256s ]
SQL: UPDATE `tb_session` SET `expire`=1400471333 WHERE ( `appid` = 1 ) AND ( `status` = 0 ) AND ( `id` = 1 ) [ RunTime:0.000253s ]
SQL: SHOW COLUMNS FROM `tb_user` [ RunTime:0.001874s ]
SQL: SELECT * FROM `tb_user` WHERE ( `appid` = 1 ) AND ( `status` = 0 ) AND ( `id` = 1 ) LIMIT 1   [ RunTime:0.000215s ]
SQL: SHOW COLUMNS FROM `tb_user_info` [ RunTime:0.002379s ]
SQL: SELECT * FROM `tb_user_info` WHERE ( `appid` = 1 ) AND ( `status` = 0 ) AND ( `uid` = 1 ) LIMIT 1   [ RunTime:0.000292s ]
SQL: SHOW COLUMNS FROM `tb_user_budget` [ RunTime:0.002524s ]
SQL: SELECT * FROM `tb_user_budget` WHERE ( `appid` = 1 ) AND ( `status` = 0 ) AND ( `uid` = 1 ) AND ( `name` = 'soft' ) LIMIT 1   [ RunTime:0.000529s ]
SQL: SELECT * FROM `tb_user_budget` WHERE ( `appid` = 1 ) AND ( `status` = 0 ) AND ( `uid` = 1 ) AND ( `pid` = 2 )  [ RunTime:0.000306s ]
INFO: [ view_template ] --START--
INFO: Run LocationTemplate Behavior [ RunTime:0.001096s ]
INFO: [ view_template ] --END-- [ RunTime:0.001170s ]
INFO: [ view_parse ] --START--
NOTIC: [8] Undefined variable: Title C:\AppServ\www\jianli\inspect\Home\Node\Runtime\Cache\4b716ac687b1835a880c4989d2c535ee.php 第 8 行.
INFO: Run ParseTemplate Behavior [ RunTime:0.020738s ]
INFO: [ view_parse ] --END-- [ RunTime:0.020821s ]
INFO: [ view_filter ] --START--
INFO: Run ContentReplace Behavior [ RunTime:0.001005s ]
INFO: Run TokenBuild Behavior [ RunTime:0.000584s ]
INFO: Run WriteHtmlCache Behavior [ RunTime:0.000470s ]
INFO: Run ShowRuntime Behavior [ RunTime:0.000606s ]
INFO: [ view_filter ] --END-- [ RunTime:0.002849s ]
INFO: [ view_end ] --START--
INFO: Run ShowPageTrace Behavior [ RunTime:0.000646s ]
INFO: [ view_end ] --END-- [ RunTime:0.000718s ]

[ 2014-05-19T09:48:53+08:00 ] 127.0.0.1 /jianli/inspect/node.php?s=/Budget/softCalculate
INFO: [ route_check ] --START--
INFO: Run CheckRoute Behavior [ RunTime:0.000615s ]
INFO: [ route_check ] --END-- [ RunTime:0.000775s ]
INFO: [ app_begin ] --START--
INFO: Run ReadHtmlCache Behavior [ RunTime:0.000783s ]
INFO: [ app_begin ] --END-- [ RunTime:0.000870s ]
SQL: SHOW COLUMNS FROM `tb_session` [ RunTime:0.005431s ]
SQL: SELECT * FROM `tb_session` WHERE ( `appid` = 1 ) AND ( `status` = 0 ) AND ( `key` = 'a2483a1a896e55c7f3a5f65a3485f9ce' ) LIMIT 1   [ RunTime:0.001498s ]
SQL: SHOW COLUMNS FROM `tb_user_budget` [ RunTime:0.002777s ]
NOTIC: [8] Undefined variable: msg C:\AppServ\www\jianli\inspect\Home\Node\Lib\Action\BudgetAction.class.php 第 253 行.

[ 2014-05-19T09:48:58+08:00 ] 127.0.0.1 /jianli/inspect/node.php?s=/Budget/fee
INFO: [ route_check ] --START--
INFO: Run CheckRoute Behavior [ RunTime:0.000428s ]
INFO: [ route_check ] --END-- [ RunTime:0.000581s ]
INFO: [ app_begin ] --START--
INFO: Run ReadHtmlCache Behavior [ RunTime:0.000379s ]
INFO: [ app_begin ] --END-- [ RunTime:0.000510s ]
SQL: SHOW COLUMNS FROM `tb_session` [ RunTime:0.002983s ]
SQL: SELECT * FROM `tb_session` WHERE ( `appid` = 1 ) AND ( `status` = 0 ) AND ( `key` = '734f95769a2bdf808693276859ec210c' ) LIMIT 1   [ RunTime:0.000533s ]
SQL: UPDATE `tb_session` SET `expire`=1400471338 WHERE ( `appid` = 1 ) AND ( `status` = 0 ) AND ( `id` = 1 ) [ RunTime:0.000304s ]
SQL: SHOW COLUMNS FROM `tb_user` [ RunTime:0.003630s ]
SQL: SELECT * FROM `tb_user` WHERE ( `appid` = 1 ) AND ( `status` = 0 ) AND ( `id` = 1 ) LIMIT 1   [ RunTime:0.000294s ]
SQL: SHOW COLUMNS FROM `tb_user_info` [ RunTime:0.001521s ]
SQL: SELECT * FROM `tb_user_info` WHERE ( `appid` = 1 ) AND ( `status` = 0 ) AND ( `uid` = 1 ) LIMIT 1   [ RunTime:0.000243s ]
SQL: SHOW COLUMNS FROM `tb_user_budget` [ RunTime:0.001435s ]
SQL: SELECT * FROM `tb_user_budget` WHERE ( `appid` = 1 ) AND ( `status` = 0 ) AND ( `uid` = 1 ) AND ( `name` = 'hard' ) LIMIT 1   [ RunTime:0.000231s ]
SQL: SELECT * FROM `tb_user_budget` WHERE ( `appid` = 1 ) AND ( `status` = 0 ) AND ( `uid` = 1 ) AND ( `pid` = 1 )  [ RunTime:0.000171s ]
SQL: SELECT * FROM `tb_user_budget` WHERE ( `appid` = 1 ) AND ( `status` = 0 ) AND ( `uid` = 1 ) AND ( `name` = 'soft' ) LIMIT 1   [ RunTime:0.000158s ]
SQL: SELECT * FROM `tb_user_budget` WHERE ( `appid` = 1 ) AND ( `status` = 0 ) AND ( `uid` = 1 ) AND ( `pid` = 2 )  [ RunTime:0.000171s ]
INFO: [ view_template ] --START--
INFO: Run LocationTemplate Behavior [ RunTime:0.000875s ]
INFO: [ view_template ] --END-- [ RunTime:0.000933s ]
INFO: [ view_parse ] --START--
NOTIC: [8] Undefined variable: Title C:\AppServ\www\jianli\inspect\Home\Node\Runtime\Cache\0c936d0808da1dbcb5ee0dface8e50a9.php 第 8 行.
NOTIC: [8] Undefined variable: title C:\AppServ\www\jianli\inspect\Home\Node\Runtime\Cache\0c936d0808da1dbcb5ee0dface8e50a9.php 第 30 行.
INFO: Run ParseTemplate Behavior [ RunTime:0.012949s ]
INFO: [ view_parse ] --END-- [ RunTime:0.013024s ]
INFO: [ view_filter ] --START--
INFO: Run ContentReplace Behavior [ RunTime:0.000287s ]
INFO: Run TokenBuild Behavior [ RunTime:0.000178s ]
INFO: Run WriteHtmlCache Behavior [ RunTime:0.000147s ]
INFO: Run ShowRuntime Behavior [ RunTime:0.000191s ]
INFO: [ view_filter ] --END-- [ RunTime:0.000944s ]
INFO: [ view_end ] --START--
INFO: Run ShowPageTrace Behavior [ RunTime:0.000508s ]
INFO: [ view_end ] --END-- [ RunTime:0.000597s ]

[ 2014-05-19T09:49:01+08:00 ] 127.0.0.1 /jianli/inspect/node.php?s=/Budget/child/type/electric
INFO: [ route_check ] --START--
INFO: Run CheckRoute Behavior [ RunTime:0.000446s ]
INFO: [ route_check ] --END-- [ RunTime:0.000598s ]
INFO: [ app_begin ] --START--
INFO: Run ReadHtmlCache Behavior [ RunTime:0.000378s ]
INFO: [ app_begin ] --END-- [ RunTime:0.000508s ]
SQL: SHOW COLUMNS FROM `tb_session` [ RunTime:0.002945s ]
SQL: SELECT * FROM `tb_session` WHERE ( `appid` = 1 ) AND ( `status` = 0 ) AND ( `key` = '00a501321689d186eb4a2bc8114bcd76' ) LIMIT 1   [ RunTime:0.000601s ]
SQL: UPDATE `tb_session` SET `expire`=1400471341 WHERE ( `appid` = 1 ) AND ( `status` = 0 ) AND ( `id` = 1 ) [ RunTime:0.000292s ]
SQL: SHOW COLUMNS FROM `tb_user` [ RunTime:0.003583s ]
SQL: SELECT * FROM `tb_user` WHERE ( `appid` = 1 ) AND ( `status` = 0 ) AND ( `id` = 1 ) LIMIT 1   [ RunTime:0.000454s ]
SQL: SHOW COLUMNS FROM `tb_user_info` [ RunTime:0.002989s ]
SQL: SELECT * FROM `tb_user_info` WHERE ( `appid` = 1 ) AND ( `status` = 0 ) AND ( `uid` = 1 ) LIMIT 1   [ RunTime:0.000688s ]
SQL: SHOW COLUMNS FROM `tb_user_budget` [ RunTime:0.001867s ]
SQL: SELECT * FROM `tb_user_budget` WHERE ( `appid` = 1 ) AND ( `status` = 0 ) AND ( `uid` = 1 ) AND ( `name` = 'electric' ) LIMIT 1   [ RunTime:0.000231s ]
SQL: SELECT * FROM `tb_user_budget` WHERE ( `appid` = 1 ) AND ( `status` = 0 ) AND ( `uid` = 1 ) AND ( `pid` = 7 )  [ RunTime:0.000209s ]
INFO: [ view_template ] --START--
INFO: Run LocationTemplate Behavior [ RunTime:0.001034s ]
INFO: [ view_template ] --END-- [ RunTime:0.001102s ]
INFO: [ view_parse ] --START--
NOTIC: [8] Undefined variable: Title C:\AppServ\www\jianli\inspect\Home\Node\Runtime\Cache\66ff0ea53cd9bf5d2cc0aefdb1ee5205.php 第 8 行.
INFO: Run ParseTemplate Behavior [ RunTime:0.018873s ]
INFO: [ view_parse ] --END-- [ RunTime:0.018944s ]
INFO: [ view_filter ] --START--
INFO: Run ContentReplace Behavior [ RunTime:0.000644s ]
INFO: Run TokenBuild Behavior [ RunTime:0.000517s ]
INFO: Run WriteHtmlCache Behavior [ RunTime:0.000472s ]
INFO: Run ShowRuntime Behavior [ RunTime:0.000988s ]
INFO: [ view_filter ] --END-- [ RunTime:0.002782s ]
INFO: [ view_end ] --START--
INFO: Run ShowPageTrace Behavior [ RunTime:0.001040s ]
INFO: [ view_end ] --END-- [ RunTime:0.001113s ]

[ 2014-05-19T09:49:01+08:00 ] 127.0.0.1 /jianli/inspect/node.php?s=/Budget/childCalculate/type/electric
INFO: [ route_check ] --START--
INFO: Run CheckRoute Behavior [ RunTime:0.000204s ]
INFO: [ route_check ] --END-- [ RunTime:0.000293s ]
INFO: [ app_begin ] --START--
INFO: Run ReadHtmlCache Behavior [ RunTime:0.000225s ]
INFO: [ app_begin ] --END-- [ RunTime:0.000282s ]
SQL: SHOW COLUMNS FROM `tb_session` [ RunTime:0.001603s ]
SQL: SELECT * FROM `tb_session` WHERE ( `appid` = 1 ) AND ( `status` = 0 ) AND ( `key` = '00a501321689d186eb4a2bc8114bcd76' ) LIMIT 1   [ RunTime:0.000250s ]
SQL: SHOW COLUMNS FROM `tb_user_budget` [ RunTime:0.002407s ]
NOTIC: [8] Undefined variable: msg C:\AppServ\www\jianli\inspect\Home\Node\Lib\Action\BudgetAction.class.php 第 253 行.

[ 2014-05-19T09:50:19+08:00 ] 127.0.0.1 /jianli/inspect/node.php?s=/Budget/hard
INFO: [ route_check ] --START--
INFO: Run CheckRoute Behavior [ RunTime:0.001303s ]
INFO: [ route_check ] --END-- [ RunTime:0.001415s ]
INFO: [ app_begin ] --START--
INFO: Run ReadHtmlCache Behavior [ RunTime:0.000219s ]
INFO: [ app_begin ] --END-- [ RunTime:0.000295s ]
SQL: SHOW COLUMNS FROM `tb_session` [ RunTime:0.002712s ]
SQL: SELECT * FROM `tb_session` WHERE ( `appid` = 1 ) AND ( `status` = 0 ) AND ( `key` = '8ea566a06baffed4076bcba6a224426c' ) LIMIT 1   [ RunTime:0.000272s ]
SQL: UPDATE `tb_session` SET `expire`=1400471419 WHERE ( `appid` = 1 ) AND ( `status` = 0 ) AND ( `id` = 1 ) [ RunTime:0.001005s ]
SQL: SHOW COLUMNS FROM `tb_user` [ RunTime:0.002316s ]
SQL: SELECT * FROM `tb_user` WHERE ( `appid` = 1 ) AND ( `status` = 0 ) AND ( `id` = 1 ) LIMIT 1   [ RunTime:0.000961s ]
SQL: SHOW COLUMNS FROM `tb_user_info` [ RunTime:0.002844s ]
SQL: SELECT * FROM `tb_user_info` WHERE ( `appid` = 1 ) AND ( `status` = 0 ) AND ( `uid` = 1 ) LIMIT 1   [ RunTime:0.000517s ]
SQL: SHOW COLUMNS FROM `tb_user_budget` [ RunTime:0.002641s ]
SQL: SELECT * FROM `tb_user_budget` WHERE ( `appid` = 1 ) AND ( `status` = 0 ) AND ( `uid` = 1 ) AND ( `name` = 'hard' ) LIMIT 1   [ RunTime:0.000803s ]
SQL: SELECT * FROM `tb_user_budget` WHERE ( `appid` = 1 ) AND ( `status` = 0 ) AND ( `uid` = 1 ) AND ( `pid` = 1 )  [ RunTime:0.000364s ]
INFO: [ view_template ] --START--
INFO: Run LocationTemplate Behavior [ RunTime:0.001038s ]
INFO: [ view_template ] --END-- [ RunTime:0.001146s ]
INFO: [ view_parse ] --START--
NOTIC: [8] Undefined variable: Title C:\AppServ\www\jianli\inspect\Home\Node\Runtime\Cache\a0e7d728121bf0d584a91b635b746109.php 第 8 行.
INFO: Run ParseTemplate Behavior [ RunTime:0.015056s ]
INFO: [ view_parse ] --END-- [ RunTime:0.015130s ]
INFO: [ view_filter ] --START--
INFO: Run ContentReplace Behavior [ RunTime:0.000302s ]
INFO: Run TokenBuild Behavior [ RunTime:0.000211s ]
INFO: Run WriteHtmlCache Behavior [ RunTime:0.000152s ]
INFO: Run ShowRuntime Behavior [ RunTime:0.000208s ]
INFO: [ view_filter ] --END-- [ RunTime:0.001030s ]
INFO: [ view_end ] --START--
INFO: Run ShowPageTrace Behavior [ RunTime:0.000185s ]
INFO: [ view_end ] --END-- [ RunTime:0.000245s ]

[ 2014-05-19T09:50:20+08:00 ] 127.0.0.1 /jianli/inspect/node.php?s=/Budget/calculate
INFO: [ route_check ] --START--
INFO: Run CheckRoute Behavior [ RunTime:0.000568s ]
INFO: [ route_check ] --END-- [ RunTime:0.000826s ]
INFO: [ app_begin ] --START--
INFO: Run ReadHtmlCache Behavior [ RunTime:0.000444s ]
INFO: [ app_begin ] --END-- [ RunTime:0.000594s ]
SQL: SHOW COLUMNS FROM `tb_session` [ RunTime:0.002541s ]
SQL: SELECT * FROM `tb_session` WHERE ( `appid` = 1 ) AND ( `status` = 0 ) AND ( `key` = '8ea566a06baffed4076bcba6a224426c' ) LIMIT 1   [ RunTime:0.000320s ]
SQL: SHOW COLUMNS FROM `tb_user_budget` [ RunTime:0.002134s ]
NOTIC: [8] Undefined variable: msg C:\AppServ\www\jianli\inspect\Home\Node\Lib\Action\BudgetAction.class.php 第 253 行.

[ 2014-05-19T09:50:24+08:00 ] 127.0.0.1 /jianli/inspect/node.php?s=/Budget/child/type/electric
INFO: [ route_check ] --START--
INFO: Run CheckRoute Behavior [ RunTime:0.002095s ]
INFO: [ route_check ] --END-- [ RunTime:0.002247s ]
INFO: [ app_begin ] --START--
INFO: Run ReadHtmlCache Behavior [ RunTime:0.000362s ]
INFO: [ app_begin ] --END-- [ RunTime:0.000488s ]
SQL: SHOW COLUMNS FROM `tb_session` [ RunTime:0.003076s ]
SQL: SELECT * FROM `tb_session` WHERE ( `appid` = 1 ) AND ( `status` = 0 ) AND ( `key` = '4d3f428976f2518a6dfb5170f67455bf' ) LIMIT 1   [ RunTime:0.000366s ]
SQL: UPDATE `tb_session` SET `expire`=1400471424 WHERE ( `appid` = 1 ) AND ( `status` = 0 ) AND ( `id` = 1 ) [ RunTime:0.000332s ]
SQL: SHOW COLUMNS FROM `tb_user` [ RunTime:0.001813s ]
SQL: SELECT * FROM `tb_user` WHERE ( `appid` = 1 ) AND ( `status` = 0 ) AND ( `id` = 1 ) LIMIT 1   [ RunTime:0.000272s ]
SQL: SHOW COLUMNS FROM `tb_user_info` [ RunTime:0.001669s ]
SQL: SELECT * FROM `tb_user_info` WHERE ( `appid` = 1 ) AND ( `status` = 0 ) AND ( `uid` = 1 ) LIMIT 1   [ RunTime:0.000210s ]
SQL: SHOW COLUMNS FROM `tb_user_budget` [ RunTime:0.001536s ]
SQL: SELECT * FROM `tb_user_budget` WHERE ( `appid` = 1 ) AND ( `status` = 0 ) AND ( `uid` = 1 ) AND ( `name` = 'electric' ) LIMIT 1   [ RunTime:0.000250s ]
SQL: SELECT * FROM `tb_user_budget` WHERE ( `appid` = 1 ) AND ( `status` = 0 ) AND ( `uid` = 1 ) AND ( `pid` = 7 )  [ RunTime:0.000207s ]
INFO: [ view_template ] --START--
INFO: Run LocationTemplate Behavior [ RunTime:0.000904s ]
INFO: [ view_template ] --END-- [ RunTime:0.000972s ]
INFO: [ view_parse ] --START--
NOTIC: [8] Undefined variable: Title C:\AppServ\www\jianli\inspect\Home\Node\Runtime\Cache\66ff0ea53cd9bf5d2cc0aefdb1ee5205.php 第 8 行.
INFO: Run ParseTemplate Behavior [ RunTime:0.012809s ]
INFO: [ view_parse ] --END-- [ RunTime:0.012879s ]
INFO: [ view_filter ] --START--
INFO: Run ContentReplace Behavior [ RunTime:0.000285s ]
INFO: Run TokenBuild Behavior [ RunTime:0.000234s ]
INFO: Run WriteHtmlCache Behavior [ RunTime:0.000172s ]
INFO: Run ShowRuntime Behavior [ RunTime:0.000194s ]
INFO: [ view_filter ] --END-- [ RunTime:0.001035s ]
INFO: [ view_end ] --START--
INFO: Run ShowPageTrace Behavior [ RunTime:0.000211s ]
INFO: [ view_end ] --END-- [ RunTime:0.000299s ]

[ 2014-05-19T09:50:24+08:00 ] 127.0.0.1 /jianli/inspect/node.php?s=/Budget/childCalculate/type/electric
INFO: [ route_check ] --START--
INFO: Run CheckRoute Behavior [ RunTime:0.000323s ]
INFO: [ route_check ] --END-- [ RunTime:0.000488s ]
INFO: [ app_begin ] --START--
INFO: Run ReadHtmlCache Behavior [ RunTime:0.000189s ]
INFO: [ app_begin ] --END-- [ RunTime:0.000244s ]
SQL: SHOW COLUMNS FROM `tb_session` [ RunTime:0.002756s ]
SQL: SELECT * FROM `tb_session` WHERE ( `appid` = 1 ) AND ( `status` = 0 ) AND ( `key` = '4d3f428976f2518a6dfb5170f67455bf' ) LIMIT 1   [ RunTime:0.000530s ]
SQL: SHOW COLUMNS FROM `tb_user_budget` [ RunTime:0.002372s ]
NOTIC: [8] Undefined variable: msg C:\AppServ\www\jianli\inspect\Home\Node\Lib\Action\BudgetAction.class.php 第 253 行.

[ 2014-05-19T09:51:54+08:00 ] 127.0.0.1 /jianli/inspect/node.php?s=/Budget/child/type/electric
INFO: [ route_check ] --START--
INFO: Run CheckRoute Behavior [ RunTime:0.001137s ]
INFO: [ route_check ] --END-- [ RunTime:0.001299s ]
INFO: [ app_begin ] --START--
INFO: Run ReadHtmlCache Behavior [ RunTime:0.001254s ]
INFO: [ app_begin ] --END-- [ RunTime:0.001423s ]
SQL: SHOW COLUMNS FROM `tb_session` [ RunTime:0.002260s ]
SQL: SELECT * FROM `tb_session` WHERE ( `appid` = 1 ) AND ( `status` = 0 ) AND ( `key` = '038eddc2985479f18faab08e1e57a356' ) LIMIT 1   [ RunTime:0.000371s ]
SQL: UPDATE `tb_session` SET `expire`=1400471514 WHERE ( `appid` = 1 ) AND ( `status` = 0 ) AND ( `id` = 1 ) [ RunTime:0.000175s ]
SQL: SHOW COLUMNS FROM `tb_user` [ RunTime:0.001715s ]
SQL: SELECT * FROM `tb_user` WHERE ( `appid` = 1 ) AND ( `status` = 0 ) AND ( `id` = 1 ) LIMIT 1   [ RunTime:0.000271s ]
SQL: SHOW COLUMNS FROM `tb_user_info` [ RunTime:0.001673s ]
SQL: SELECT * FROM `tb_user_info` WHERE ( `appid` = 1 ) AND ( `status` = 0 ) AND ( `uid` = 1 ) LIMIT 1   [ RunTime:0.000344s ]
SQL: SHOW COLUMNS FROM `tb_user_budget` [ RunTime:0.001501s ]
SQL: SELECT * FROM `tb_user_budget` WHERE ( `appid` = 1 ) AND ( `status` = 0 ) AND ( `uid` = 1 ) AND ( `name` = 'electric' ) LIMIT 1   [ RunTime:0.000221s ]
SQL: SELECT * FROM `tb_user_budget` WHERE ( `appid` = 1 ) AND ( `status` = 0 ) AND ( `uid` = 1 ) AND ( `pid` = 7 )  [ RunTime:0.000173s ]
INFO: [ view_template ] --START--
INFO: Run LocationTemplate Behavior [ RunTime:0.000995s ]
INFO: [ view_template ] --END-- [ RunTime:0.001062s ]
INFO: [ view_parse ] --START--
NOTIC: [8] Undefined variable: Title C:\AppServ\www\jianli\inspect\Home\Node\Runtime\Cache\66ff0ea53cd9bf5d2cc0aefdb1ee5205.php 第 8 行.
INFO: Run ParseTemplate Behavior [ RunTime:0.018023s ]
INFO: [ view_parse ] --END-- [ RunTime:0.018091s ]
INFO: [ view_filter ] --START--
INFO: Run ContentReplace Behavior [ RunTime:0.000600s ]
INFO: Run TokenBuild Behavior [ RunTime:0.000587s ]
INFO: Run WriteHtmlCache Behavior [ RunTime:0.000928s ]
INFO: Run ShowRuntime Behavior [ RunTime:0.000954s ]
INFO: [ view_filter ] --END-- [ RunTime:0.003224s ]
INFO: [ view_end ] --START--
INFO: Run ShowPageTrace Behavior [ RunTime:0.001483s ]
INFO: [ view_end ] --END-- [ RunTime:0.001584s ]

[ 2014-05-19T09:51:54+08:00 ] 127.0.0.1 /jianli/inspect/node.php?s=/Budget/childCalculate/type/electric
INFO: [ route_check ] --START--
INFO: Run CheckRoute Behavior [ RunTime:0.002282s ]
INFO: [ route_check ] --END-- [ RunTime:0.002515s ]
INFO: [ app_begin ] --START--
INFO: Run ReadHtmlCache Behavior [ RunTime:0.001272s ]
INFO: [ app_begin ] --END-- [ RunTime:0.001466s ]
SQL: SHOW COLUMNS FROM `tb_session` [ RunTime:0.002512s ]
SQL: SELECT * FROM `tb_session` WHERE ( `appid` = 1 ) AND ( `status` = 0 ) AND ( `key` = '038eddc2985479f18faab08e1e57a356' ) LIMIT 1   [ RunTime:0.000290s ]
SQL: SHOW COLUMNS FROM `tb_user_budget` [ RunTime:0.003796s ]
NOTIC: [8] Undefined variable: msg C:\AppServ\www\jianli\inspect\Home\Node\Lib\Action\BudgetAction.class.php 第 253 行.

[ 2014-05-19T09:53:15+08:00 ] 127.0.0.1 /jianli/inspect/node.php?s=/Budget/child/type/electric
INFO: [ route_check ] --START--
INFO: Run CheckRoute Behavior [ RunTime:0.000394s ]
INFO: [ route_check ] --END-- [ RunTime:0.000541s ]
INFO: [ app_begin ] --START--
INFO: Run ReadHtmlCache Behavior [ RunTime:0.000653s ]
INFO: [ app_begin ] --END-- [ RunTime:0.001156s ]
SQL: SHOW COLUMNS FROM `tb_session` [ RunTime:0.001606s ]
SQL: SELECT * FROM `tb_session` WHERE ( `appid` = 1 ) AND ( `status` = 0 ) AND ( `key` = 'c4866d8698fcbd80dee7cbdc4c8eac80' ) LIMIT 1   [ RunTime:0.000218s ]
SQL: UPDATE `tb_session` SET `expire`=1400471595 WHERE ( `appid` = 1 ) AND ( `status` = 0 ) AND ( `id` = 1 ) [ RunTime:0.000172s ]
SQL: SHOW COLUMNS FROM `tb_user` [ RunTime:0.001742s ]
SQL: SELECT * FROM `tb_user` WHERE ( `appid` = 1 ) AND ( `status` = 0 ) AND ( `id` = 1 ) LIMIT 1   [ RunTime:0.000276s ]
SQL: SHOW COLUMNS FROM `tb_user_info` [ RunTime:0.001536s ]
SQL: SELECT * FROM `tb_user_info` WHERE ( `appid` = 1 ) AND ( `status` = 0 ) AND ( `uid` = 1 ) LIMIT 1   [ RunTime:0.000212s ]
SQL: SHOW COLUMNS FROM `tb_user_budget` [ RunTime:0.001802s ]
SQL: SELECT * FROM `tb_user_budget` WHERE ( `appid` = 1 ) AND ( `status` = 0 ) AND ( `uid` = 1 ) AND ( `name` = 'electric' ) LIMIT 1   [ RunTime:0.000294s ]
SQL: SELECT * FROM `tb_user_budget` WHERE ( `appid` = 1 ) AND ( `status` = 0 ) AND ( `uid` = 1 ) AND ( `pid` = 7 )  [ RunTime:0.000195s ]
INFO: [ view_template ] --START--
INFO: Run LocationTemplate Behavior [ RunTime:0.001041s ]
INFO: [ view_template ] --END-- [ RunTime:0.001110s ]
INFO: [ view_parse ] --START--
NOTIC: [8] Undefined variable: Title C:\AppServ\www\jianli\inspect\Home\Node\Runtime\Cache\66ff0ea53cd9bf5d2cc0aefdb1ee5205.php 第 8 行.
INFO: Run ParseTemplate Behavior [ RunTime:0.014619s ]
INFO: [ view_parse ] --END-- [ RunTime:0.014689s ]
INFO: [ view_filter ] --START--
INFO: Run ContentReplace Behavior [ RunTime:0.000623s ]
INFO: Run TokenBuild Behavior [ RunTime:0.000497s ]
INFO: Run WriteHtmlCache Behavior [ RunTime:0.000464s ]
INFO: Run ShowRuntime Behavior [ RunTime:0.000505s ]
INFO: [ view_filter ] --END-- [ RunTime:0.002233s ]
INFO: [ view_end ] --START--
INFO: Run ShowPageTrace Behavior [ RunTime:0.000658s ]
INFO: [ view_end ] --END-- [ RunTime:0.000745s ]

[ 2014-05-19T09:53:15+08:00 ] 127.0.0.1 /jianli/inspect/node.php?s=/Budget/childCalculate/type/electric
INFO: [ route_check ] --START--
INFO: Run CheckRoute Behavior [ RunTime:0.001199s ]
INFO: [ route_check ] --END-- [ RunTime:0.001338s ]
INFO: [ app_begin ] --START--
INFO: Run ReadHtmlCache Behavior [ RunTime:0.000385s ]
INFO: [ app_begin ] --END-- [ RunTime:0.000521s ]
SQL: SHOW COLUMNS FROM `tb_session` [ RunTime:0.004696s ]
SQL: SELECT * FROM `tb_session` WHERE ( `appid` = 1 ) AND ( `status` = 0 ) AND ( `key` = 'c4866d8698fcbd80dee7cbdc4c8eac80' ) LIMIT 1   [ RunTime:0.000694s ]
SQL: SHOW COLUMNS FROM `tb_user_budget` [ RunTime:0.002667s ]
NOTIC: [8] Undefined variable: msg C:\AppServ\www\jianli\inspect\Home\Node\Lib\Action\BudgetAction.class.php 第 253 行.

[ 2014-05-19T09:53:30+08:00 ] 127.0.0.1 /jianli/inspect/node.php?s=/Budget/child/type/electric
INFO: [ route_check ] --START--
INFO: Run CheckRoute Behavior [ RunTime:0.000383s ]
INFO: [ route_check ] --END-- [ RunTime:0.000561s ]
INFO: [ app_begin ] --START--
INFO: Run ReadHtmlCache Behavior [ RunTime:0.000377s ]
INFO: [ app_begin ] --END-- [ RunTime:0.000505s ]
SQL: SHOW COLUMNS FROM `tb_session` [ RunTime:0.004271s ]
SQL: SELECT * FROM `tb_session` WHERE ( `appid` = 1 ) AND ( `status` = 0 ) AND ( `key` = '7e45dce4fc1af79ae3c0d29e5d3e8c5a' ) LIMIT 1   [ RunTime:0.000403s ]
SQL: UPDATE `tb_session` SET `expire`=1400471610 WHERE ( `appid` = 1 ) AND ( `status` = 0 ) AND ( `id` = 1 ) [ RunTime:0.000257s ]
SQL: SHOW COLUMNS FROM `tb_user` [ RunTime:0.003330s ]
SQL: SELECT * FROM `tb_user` WHERE ( `appid` = 1 ) AND ( `status` = 0 ) AND ( `id` = 1 ) LIMIT 1   [ RunTime:0.000426s ]
SQL: SHOW COLUMNS FROM `tb_user_info` [ RunTime:0.003094s ]
SQL: SELECT * FROM `tb_user_info` WHERE ( `appid` = 1 ) AND ( `status` = 0 ) AND ( `uid` = 1 ) LIMIT 1   [ RunTime:0.000334s ]
SQL: SHOW COLUMNS FROM `tb_user_budget` [ RunTime:0.001574s ]
SQL: SELECT * FROM `tb_user_budget` WHERE ( `appid` = 1 ) AND ( `status` = 0 ) AND ( `uid` = 1 ) AND ( `name` = 'electric' ) LIMIT 1   [ RunTime:0.000236s ]
SQL: SELECT * FROM `tb_user_budget` WHERE ( `appid` = 1 ) AND ( `status` = 0 ) AND ( `uid` = 1 ) AND ( `pid` = 7 )  [ RunTime:0.000182s ]
INFO: [ view_template ] --START--
INFO: Run LocationTemplate Behavior [ RunTime:0.001151s ]
INFO: [ view_template ] --END-- [ RunTime:0.001226s ]
INFO: [ view_parse ] --START--
NOTIC: [8] Undefined variable: Title C:\AppServ\www\jianli\inspect\Home\Node\Runtime\Cache\66ff0ea53cd9bf5d2cc0aefdb1ee5205.php 第 8 行.
INFO: Run ParseTemplate Behavior [ RunTime:0.013619s ]
INFO: [ view_parse ] --END-- [ RunTime:0.013689s ]
INFO: [ view_filter ] --START--
INFO: Run ContentReplace Behavior [ RunTime:0.001069s ]
INFO: Run TokenBuild Behavior [ RunTime:0.000501s ]
INFO: Run WriteHtmlCache Behavior [ RunTime:0.000531s ]
INFO: Run ShowRuntime Behavior [ RunTime:0.001026s ]
INFO: [ view_filter ] --END-- [ RunTime:0.003282s ]
INFO: [ view_end ] --START--
INFO: Run ShowPageTrace Behavior [ RunTime:0.000984s ]
INFO: [ view_end ] --END-- [ RunTime:0.001053s ]

[ 2014-05-19T09:53:30+08:00 ] 127.0.0.1 /jianli/inspect/node.php?s=/Budget/childCalculate/type/electric
INFO: [ route_check ] --START--
INFO: Run CheckRoute Behavior [ RunTime:0.001040s ]
INFO: [ route_check ] --END-- [ RunTime:0.001128s ]
INFO: [ app_begin ] --START--
INFO: Run ReadHtmlCache Behavior [ RunTime:0.000198s ]
INFO: [ app_begin ] --END-- [ RunTime:0.000253s ]
SQL: SHOW COLUMNS FROM `tb_session` [ RunTime:0.002212s ]
SQL: SELECT * FROM `tb_session` WHERE ( `appid` = 1 ) AND ( `status` = 0 ) AND ( `key` = '7e45dce4fc1af79ae3c0d29e5d3e8c5a' ) LIMIT 1   [ RunTime:0.000864s ]
SQL: SHOW COLUMNS FROM `tb_user_budget` [ RunTime:0.002338s ]
NOTIC: [8] Undefined variable: msg C:\AppServ\www\jianli\inspect\Home\Node\Lib\Action\BudgetAction.class.php 第 253 行.

[ 2014-05-19T09:54:12+08:00 ] 127.0.0.1 /jianli/inspect/node.php?s=/Budget/child/type/electric
INFO: [ route_check ] --START--
INFO: Run CheckRoute Behavior [ RunTime:0.000398s ]
INFO: [ route_check ] --END-- [ RunTime:0.000540s ]
INFO: [ app_begin ] --START--
INFO: Run ReadHtmlCache Behavior [ RunTime:0.000355s ]
INFO: [ app_begin ] --END-- [ RunTime:0.000478s ]
SQL: SHOW COLUMNS FROM `tb_session` [ RunTime:0.002149s ]
SQL: SELECT * FROM `tb_session` WHERE ( `appid` = 1 ) AND ( `status` = 0 ) AND ( `key` = '8b21ac058ee4f07f836dbcc660f4330b' ) LIMIT 1   [ RunTime:0.000224s ]
SQL: UPDATE `tb_session` SET `expire`=1400471652 WHERE ( `appid` = 1 ) AND ( `status` = 0 ) AND ( `id` = 1 ) [ RunTime:0.000148s ]
SQL: SHOW COLUMNS FROM `tb_user` [ RunTime:0.001765s ]
SQL: SELECT * FROM `tb_user` WHERE ( `appid` = 1 ) AND ( `status` = 0 ) AND ( `id` = 1 ) LIMIT 1   [ RunTime:0.000237s ]
SQL: SHOW COLUMNS FROM `tb_user_info` [ RunTime:0.001565s ]
SQL: SELECT * FROM `tb_user_info` WHERE ( `appid` = 1 ) AND ( `status` = 0 ) AND ( `uid` = 1 ) LIMIT 1   [ RunTime:0.000305s ]
SQL: SHOW COLUMNS FROM `tb_user_budget` [ RunTime:0.001540s ]
SQL: SELECT * FROM `tb_user_budget` WHERE ( `appid` = 1 ) AND ( `status` = 0 ) AND ( `uid` = 1 ) AND ( `name` = 'electric' ) LIMIT 1   [ RunTime:0.000246s ]
SQL: SELECT * FROM `tb_user_budget` WHERE ( `appid` = 1 ) AND ( `status` = 0 ) AND ( `uid` = 1 ) AND ( `pid` = 7 )  [ RunTime:0.000225s ]
INFO: [ view_template ] --START--
INFO: Run LocationTemplate Behavior [ RunTime:0.000270s ]
INFO: [ view_template ] --END-- [ RunTime:0.000338s ]
INFO: [ view_parse ] --START--
NOTIC: [8] Undefined variable: Title C:\AppServ\www\jianli\inspect\Home\Node\Runtime\Cache\66ff0ea53cd9bf5d2cc0aefdb1ee5205.php 第 8 行.
NOTIC: [8] Undefined variable: realfee C:\AppServ\www\jianli\inspect\Home\Node\Runtime\Cache\66ff0ea53cd9bf5d2cc0aefdb1ee5205.php 第 49 行.
INFO: Run ParseTemplate Behavior [ RunTime:0.011338s ]
INFO: [ view_parse ] --END-- [ RunTime:0.011406s ]
INFO: [ view_filter ] --START--
INFO: Run ContentReplace Behavior [ RunTime:0.000931s ]
INFO: Run TokenBuild Behavior [ RunTime:0.000177s ]
INFO: Run WriteHtmlCache Behavior [ RunTime:0.000137s ]
INFO: Run ShowRuntime Behavior [ RunTime:0.000966s ]
INFO: [ view_filter ] --END-- [ RunTime:0.002358s ]
INFO: [ view_end ] --START--
INFO: Run ShowPageTrace Behavior [ RunTime:0.000976s ]
INFO: [ view_end ] --END-- [ RunTime:0.001042s ]

[ 2014-05-19T09:54:12+08:00 ] 127.0.0.1 /jianli/inspect/node.php?s=/Budget/childCalculate/type/electric
INFO: [ route_check ] --START--
INFO: Run CheckRoute Behavior [ RunTime:0.000779s ]
INFO: [ route_check ] --END-- [ RunTime:0.000928s ]
INFO: [ app_begin ] --START--
INFO: Run ReadHtmlCache Behavior [ RunTime:0.000667s ]
INFO: [ app_begin ] --END-- [ RunTime:0.000821s ]
SQL: SHOW COLUMNS FROM `tb_session` [ RunTime:0.002183s ]
SQL: SELECT * FROM `tb_session` WHERE ( `appid` = 1 ) AND ( `status` = 0 ) AND ( `key` = '8b21ac058ee4f07f836dbcc660f4330b' ) LIMIT 1   [ RunTime:0.000324s ]
SQL: SHOW COLUMNS FROM `tb_user_budget` [ RunTime:0.002388s ]
NOTIC: [8] Undefined variable: msg C:\AppServ\www\jianli\inspect\Home\Node\Lib\Action\BudgetAction.class.php 第 253 行.

[ 2014-05-19T09:54:28+08:00 ] 127.0.0.1 /jianli/inspect/node.php?s=/Budget/child/type/electric
INFO: [ route_check ] --START--
INFO: Run CheckRoute Behavior [ RunTime:0.000380s ]
INFO: [ route_check ] --END-- [ RunTime:0.000524s ]
INFO: [ app_begin ] --START--
INFO: Run ReadHtmlCache Behavior [ RunTime:0.000356s ]
INFO: [ app_begin ] --END-- [ RunTime:0.000485s ]
SQL: SHOW COLUMNS FROM `tb_session` [ RunTime:0.001764s ]
SQL: SELECT * FROM `tb_session` WHERE ( `appid` = 1 ) AND ( `status` = 0 ) AND ( `key` = 'd18fdaf8cc867230ff80b4f2805e0193' ) LIMIT 1   [ RunTime:0.000255s ]
SQL: UPDATE `tb_session` SET `expire`=1400471668 WHERE ( `appid` = 1 ) AND ( `status` = 0 ) AND ( `id` = 1 ) [ RunTime:0.000161s ]
SQL: SHOW COLUMNS FROM `tb_user` [ RunTime:0.001751s ]
SQL: SELECT * FROM `tb_user` WHERE ( `appid` = 1 ) AND ( `status` = 0 ) AND ( `id` = 1 ) LIMIT 1   [ RunTime:0.000256s ]
SQL: SHOW COLUMNS FROM `tb_user_info` [ RunTime:0.001756s ]
SQL: SELECT * FROM `tb_user_info` WHERE ( `appid` = 1 ) AND ( `status` = 0 ) AND ( `uid` = 1 ) LIMIT 1   [ RunTime:0.000436s ]
SQL: SHOW COLUMNS FROM `tb_user_budget` [ RunTime:0.002103s ]
SQL: SELECT * FROM `tb_user_budget` WHERE ( `appid` = 1 ) AND ( `status` = 0 ) AND ( `uid` = 1 ) AND ( `name` = 'electric' ) LIMIT 1   [ RunTime:0.000294s ]
SQL: SELECT * FROM `tb_user_budget` WHERE ( `appid` = 1 ) AND ( `status` = 0 ) AND ( `uid` = 1 ) AND ( `pid` = 7 )  [ RunTime:0.000179s ]
INFO: [ view_template ] --START--
INFO: Run LocationTemplate Behavior [ RunTime:0.001014s ]
INFO: [ view_template ] --END-- [ RunTime:0.001081s ]
INFO: [ view_parse ] --START--
NOTIC: [8] Undefined variable: Title C:\AppServ\www\jianli\inspect\Home\Node\Runtime\Cache\66ff0ea53cd9bf5d2cc0aefdb1ee5205.php 第 8 行.
NOTIC: [8] Undefined variable: realfee C:\AppServ\www\jianli\inspect\Home\Node\Runtime\Cache\66ff0ea53cd9bf5d2cc0aefdb1ee5205.php 第 49 行.
INFO: Run ParseTemplate Behavior [ RunTime:0.018345s ]
INFO: [ view_parse ] --END-- [ RunTime:0.018413s ]
INFO: [ view_filter ] --START--
INFO: Run ContentReplace Behavior [ RunTime:0.000611s ]
INFO: Run TokenBuild Behavior [ RunTime:0.000953s ]
INFO: Run WriteHtmlCache Behavior [ RunTime:0.000907s ]
INFO: Run ShowRuntime Behavior [ RunTime:0.000956s ]
INFO: [ view_filter ] --END-- [ RunTime:0.003574s ]
INFO: [ view_end ] --START--
INFO: Run ShowPageTrace Behavior [ RunTime:0.001478s ]
INFO: [ view_end ] --END-- [ RunTime:0.001594s ]

[ 2014-05-19T09:54:29+08:00 ] 127.0.0.1 /jianli/inspect/node.php?s=/Budget/childCalculate/type/electric
INFO: [ route_check ] --START--
INFO: Run CheckRoute Behavior [ RunTime:0.000283s ]
INFO: [ route_check ] --END-- [ RunTime:0.000412s ]
INFO: [ app_begin ] --START--
INFO: Run ReadHtmlCache Behavior [ RunTime:0.000247s ]
INFO: [ app_begin ] --END-- [ RunTime:0.000310s ]
SQL: SHOW COLUMNS FROM `tb_session` [ RunTime:0.002421s ]
SQL: SELECT * FROM `tb_session` WHERE ( `appid` = 1 ) AND ( `status` = 0 ) AND ( `key` = 'd18fdaf8cc867230ff80b4f2805e0193' ) LIMIT 1   [ RunTime:0.000480s ]
SQL: SHOW COLUMNS FROM `tb_user_budget` [ RunTime:0.003014s ]
NOTIC: [8] Undefined variable: msg C:\AppServ\www\jianli\inspect\Home\Node\Lib\Action\BudgetAction.class.php 第 253 行.

[ 2014-05-19T09:54:43+08:00 ] 127.0.0.1 /jianli/inspect/node.php?s=/Budget/child/type/electric
INFO: [ route_check ] --START--
INFO: Run CheckRoute Behavior [ RunTime:0.001192s ]
INFO: [ route_check ] --END-- [ RunTime:0.001352s ]
INFO: [ app_begin ] --START--
INFO: Run ReadHtmlCache Behavior [ RunTime:0.001012s ]
INFO: [ app_begin ] --END-- [ RunTime:0.001149s ]
SQL: SHOW COLUMNS FROM `tb_session` [ RunTime:0.001628s ]
SQL: SELECT * FROM `tb_session` WHERE ( `appid` = 1 ) AND ( `status` = 0 ) AND ( `key` = '9b0d453695fe06fa1f68351ee6a18b4f' ) LIMIT 1   [ RunTime:0.000291s ]
SQL: UPDATE `tb_session` SET `expire`=1400471683 WHERE ( `appid` = 1 ) AND ( `status` = 0 ) AND ( `id` = 1 ) [ RunTime:0.000132s ]
SQL: SHOW COLUMNS FROM `tb_user` [ RunTime:0.001672s ]
SQL: SELECT * FROM `tb_user` WHERE ( `appid` = 1 ) AND ( `status` = 0 ) AND ( `id` = 1 ) LIMIT 1   [ RunTime:0.000319s ]
SQL: SHOW COLUMNS FROM `tb_user_info` [ RunTime:0.001658s ]
SQL: SELECT * FROM `tb_user_info` WHERE ( `appid` = 1 ) AND ( `status` = 0 ) AND ( `uid` = 1 ) LIMIT 1   [ RunTime:0.000351s ]
SQL: SHOW COLUMNS FROM `tb_user_budget` [ RunTime:0.001508s ]
SQL: SELECT * FROM `tb_user_budget` WHERE ( `appid` = 1 ) AND ( `status` = 0 ) AND ( `uid` = 1 ) AND ( `name` = 'electric' ) LIMIT 1   [ RunTime:0.000279s ]
SQL: SELECT * FROM `tb_user_budget` WHERE ( `appid` = 1 ) AND ( `status` = 0 ) AND ( `uid` = 1 ) AND ( `pid` = 7 )  [ RunTime:0.000169s ]
INFO: [ view_template ] --START--
INFO: Run LocationTemplate Behavior [ RunTime:0.001004s ]
INFO: [ view_template ] --END-- [ RunTime:0.001071s ]
INFO: [ view_parse ] --START--
NOTIC: [8] Undefined variable: Title C:\AppServ\www\jianli\inspect\Home\Node\Runtime\Cache\66ff0ea53cd9bf5d2cc0aefdb1ee5205.php 第 8 行.
NOTIC: [8] Undefined variable: realfee C:\AppServ\www\jianli\inspect\Home\Node\Runtime\Cache\66ff0ea53cd9bf5d2cc0aefdb1ee5205.php 第 49 行.
INFO: Run ParseTemplate Behavior [ RunTime:0.013589s ]
INFO: [ view_parse ] --END-- [ RunTime:0.013655s ]
INFO: [ view_filter ] --START--
INFO: Run ContentReplace Behavior [ RunTime:0.000599s ]
INFO: Run TokenBuild Behavior [ RunTime:0.000498s ]
INFO: Run WriteHtmlCache Behavior [ RunTime:0.000906s ]
INFO: Run ShowRuntime Behavior [ RunTime:0.000948s ]
INFO: [ view_filter ] --END-- [ RunTime:0.003097s ]
INFO: [ view_end ] --START--
INFO: Run ShowPageTrace Behavior [ RunTime:0.001432s ]
INFO: [ view_end ] --END-- [ RunTime:0.001533s ]

[ 2014-05-19T09:54:43+08:00 ] 127.0.0.1 /jianli/inspect/node.php?s=/Budget/childCalculate/type/electric
INFO: [ route_check ] --START--
INFO: Run CheckRoute Behavior [ RunTime:0.000354s ]
INFO: [ route_check ] --END-- [ RunTime:0.000543s ]
INFO: [ app_begin ] --START--
INFO: Run ReadHtmlCache Behavior [ RunTime:0.000299s ]
INFO: [ app_begin ] --END-- [ RunTime:0.000397s ]
SQL: SHOW COLUMNS FROM `tb_session` [ RunTime:0.002537s ]
SQL: SELECT * FROM `tb_session` WHERE ( `appid` = 1 ) AND ( `status` = 0 ) AND ( `key` = '9b0d453695fe06fa1f68351ee6a18b4f' ) LIMIT 1   [ RunTime:0.000676s ]
SQL: SHOW COLUMNS FROM `tb_user_budget` [ RunTime:0.003588s ]
NOTIC: [8] Undefined variable: msg C:\AppServ\www\jianli\inspect\Home\Node\Lib\Action\BudgetAction.class.php 第 253 行.

[ 2014-05-19T09:57:18+08:00 ] 127.0.0.1 /jianli/inspect/node.php?s=/Budget/fee
INFO: [ route_check ] --START--
INFO: Run CheckRoute Behavior [ RunTime:0.001099s ]
INFO: [ route_check ] --END-- [ RunTime:0.001282s ]
INFO: [ app_begin ] --START--
INFO: Run ReadHtmlCache Behavior [ RunTime:0.001033s ]
INFO: [ app_begin ] --END-- [ RunTime:0.001170s ]
SQL: SHOW COLUMNS FROM `tb_session` [ RunTime:0.001581s ]
SQL: SELECT * FROM `tb_session` WHERE ( `appid` = 1 ) AND ( `status` = 0 ) AND ( `key` = 'e73d97dc61ced1efb524c93fa178d40f' ) LIMIT 1   [ RunTime:0.000266s ]
SQL: UPDATE `tb_session` SET `expire`=1400471838 WHERE ( `appid` = 1 ) AND ( `status` = 0 ) AND ( `id` = 1 ) [ RunTime:0.000132s ]
SQL: SHOW COLUMNS FROM `tb_user` [ RunTime:0.001661s ]
SQL: SELECT * FROM `tb_user` WHERE ( `appid` = 1 ) AND ( `status` = 0 ) AND ( `id` = 1 ) LIMIT 1   [ RunTime:0.000306s ]
SQL: SHOW COLUMNS FROM `tb_user_info` [ RunTime:0.001556s ]
SQL: SELECT * FROM `tb_user_info` WHERE ( `appid` = 1 ) AND ( `status` = 0 ) AND ( `uid` = 1 ) LIMIT 1   [ RunTime:0.000376s ]
SQL: SHOW COLUMNS FROM `tb_user_budget` [ RunTime:0.001549s ]
SQL: SELECT * FROM `tb_user_budget` WHERE ( `appid` = 1 ) AND ( `status` = 0 ) AND ( `uid` = 1 ) AND ( `name` = 'hard' ) LIMIT 1   [ RunTime:0.000279s ]
SQL: SELECT * FROM `tb_user_budget` WHERE ( `appid` = 1 ) AND ( `status` = 0 ) AND ( `uid` = 1 ) AND ( `pid` = 1 )  [ RunTime:0.000172s ]
SQL: SELECT * FROM `tb_user_budget` WHERE ( `appid` = 1 ) AND ( `status` = 0 ) AND ( `uid` = 1 ) AND ( `name` = 'soft' ) LIMIT 1   [ RunTime:0.000178s ]
SQL: SELECT * FROM `tb_user_budget` WHERE ( `appid` = 1 ) AND ( `status` = 0 ) AND ( `uid` = 1 ) AND ( `pid` = 2 )  [ RunTime:0.000167s ]
INFO: [ view_template ] --START--
INFO: Run LocationTemplate Behavior [ RunTime:0.001015s ]
INFO: [ view_template ] --END-- [ RunTime:0.001072s ]
INFO: [ view_parse ] --START--
NOTIC: [8] Undefined variable: Title C:\AppServ\www\jianli\inspect\Home\Node\Runtime\Cache\0c936d0808da1dbcb5ee0dface8e50a9.php 第 8 行.
NOTIC: [8] Undefined variable: title C:\AppServ\www\jianli\inspect\Home\Node\Runtime\Cache\0c936d0808da1dbcb5ee0dface8e50a9.php 第 30 行.
INFO: Run ParseTemplate Behavior [ RunTime:0.014641s ]
INFO: [ view_parse ] --END-- [ RunTime:0.014715s ]
INFO: [ view_filter ] --START--
INFO: Run ContentReplace Behavior [ RunTime:0.000617s ]
INFO: Run TokenBuild Behavior [ RunTime:0.000502s ]
INFO: Run WriteHtmlCache Behavior [ RunTime:0.000459s ]
INFO: Run ShowRuntime Behavior [ RunTime:0.000961s ]
INFO: [ view_filter ] --END-- [ RunTime:0.002685s ]
INFO: [ view_end ] --START--
INFO: Run ShowPageTrace Behavior [ RunTime:0.001443s ]
INFO: [ view_end ] --END-- [ RunTime:0.001542s ]

[ 2014-05-19T09:57:19+08:00 ] 127.0.0.1 /jianli/inspect/node.php?s=/Budget/child/type/electric
INFO: [ route_check ] --START--
INFO: Run CheckRoute Behavior [ RunTime:0.000404s ]
INFO: [ route_check ] --END-- [ RunTime:0.000567s ]
INFO: [ app_begin ] --START--
INFO: Run ReadHtmlCache Behavior [ RunTime:0.000357s ]
INFO: [ app_begin ] --END-- [ RunTime:0.000486s ]
SQL: SHOW COLUMNS FROM `tb_session` [ RunTime:0.003446s ]
SQL: SELECT * FROM `tb_session` WHERE ( `appid` = 1 ) AND ( `status` = 0 ) AND ( `key` = 'f2f9d5e14c0e853478527d75fe90c4a7' ) LIMIT 1   [ RunTime:0.000612s ]
SQL: UPDATE `tb_session` SET `expire`=1400471839 WHERE ( `appid` = 1 ) AND ( `status` = 0 ) AND ( `id` = 1 ) [ RunTime:0.000303s ]
SQL: SHOW COLUMNS FROM `tb_user` [ RunTime:0.003474s ]
SQL: SELECT * FROM `tb_user` WHERE ( `appid` = 1 ) AND ( `status` = 0 ) AND ( `id` = 1 ) LIMIT 1   [ RunTime:0.000499s ]
SQL: SHOW COLUMNS FROM `tb_user_info` [ RunTime:0.001583s ]
SQL: SELECT * FROM `tb_user_info` WHERE ( `appid` = 1 ) AND ( `status` = 0 ) AND ( `uid` = 1 ) LIMIT 1   [ RunTime:0.000352s ]
SQL: SHOW COLUMNS FROM `tb_user_budget` [ RunTime:0.001598s ]
SQL: SELECT * FROM `tb_user_budget` WHERE ( `appid` = 1 ) AND ( `status` = 0 ) AND ( `uid` = 1 ) AND ( `name` = 'electric' ) LIMIT 1   [ RunTime:0.000457s ]
SQL: SELECT * FROM `tb_user_budget` WHERE ( `appid` = 1 ) AND ( `status` = 0 ) AND ( `uid` = 1 ) AND ( `pid` = 7 )  [ RunTime:0.000226s ]
INFO: [ view_template ] --START--
INFO: Run LocationTemplate Behavior [ RunTime:0.001052s ]
INFO: [ view_template ] --END-- [ RunTime:0.001121s ]
INFO: [ view_parse ] --START--
NOTIC: [8] Undefined variable: Title C:\AppServ\www\jianli\inspect\Home\Node\Runtime\Cache\66ff0ea53cd9bf5d2cc0aefdb1ee5205.php 第 8 行.
NOTIC: [8] Undefined index:  realfee C:\AppServ\www\jianli\inspect\Home\Node\Runtime\Cache\66ff0ea53cd9bf5d2cc0aefdb1ee5205.php 第 49 行.
INFO: Run ParseTemplate Behavior [ RunTime:0.014124s ]
INFO: [ view_parse ] --END-- [ RunTime:0.014195s ]
INFO: [ view_filter ] --START--
INFO: Run ContentReplace Behavior [ RunTime:0.001081s ]
INFO: Run TokenBuild Behavior [ RunTime:0.000496s ]
INFO: Run WriteHtmlCache Behavior [ RunTime:0.000451s ]
INFO: Run ShowRuntime Behavior [ RunTime:0.000950s ]
INFO: [ view_filter ] --END-- [ RunTime:0.003129s ]
INFO: [ view_end ] --START--
INFO: Run ShowPageTrace Behavior [ RunTime:0.001398s ]
INFO: [ view_end ] --END-- [ RunTime:0.001502s ]

[ 2014-05-19T09:57:20+08:00 ] 127.0.0.1 /jianli/inspect/node.php?s=/Budget/childCalculate/type/electric
INFO: [ route_check ] --START--
INFO: Run CheckRoute Behavior [ RunTime:0.000295s ]
INFO: [ route_check ] --END-- [ RunTime:0.000417s ]
INFO: [ app_begin ] --START--
INFO: Run ReadHtmlCache Behavior [ RunTime:0.000236s ]
INFO: [ app_begin ] --END-- [ RunTime:0.000325s ]
SQL: SHOW COLUMNS FROM `tb_session` [ RunTime:0.001869s ]
SQL: SELECT * FROM `tb_session` WHERE ( `appid` = 1 ) AND ( `status` = 0 ) AND ( `key` = 'f2f9d5e14c0e853478527d75fe90c4a7' ) LIMIT 1   [ RunTime:0.000621s ]
SQL: SHOW COLUMNS FROM `tb_user_budget` [ RunTime:0.001866s ]
NOTIC: [8] Undefined variable: msg C:\AppServ\www\jianli\inspect\Home\Node\Lib\Action\BudgetAction.class.php 第 253 行.

[ 2014-05-19T09:57:28+08:00 ] 127.0.0.1 /jianli/inspect/node.php?s=/Budget/child/type/electric/realfee/55555
INFO: [ route_check ] --START--
INFO: Run CheckRoute Behavior [ RunTime:0.000401s ]
INFO: [ route_check ] --END-- [ RunTime:0.000563s ]
INFO: [ app_begin ] --START--
INFO: Run ReadHtmlCache Behavior [ RunTime:0.000357s ]
INFO: [ app_begin ] --END-- [ RunTime:0.000485s ]
SQL: SHOW COLUMNS FROM `tb_session` [ RunTime:0.001555s ]
SQL: SELECT * FROM `tb_session` WHERE ( `appid` = 1 ) AND ( `status` = 0 ) AND ( `key` = 'd3de7956e4e42d0c39468e0a98019832' ) LIMIT 1   [ RunTime:0.000223s ]
SQL: UPDATE `tb_session` SET `expire`=1400471848 WHERE ( `appid` = 1 ) AND ( `status` = 0 ) AND ( `id` = 1 ) [ RunTime:0.000166s ]
SQL: SHOW COLUMNS FROM `tb_user` [ RunTime:0.001903s ]
SQL: SELECT * FROM `tb_user` WHERE ( `appid` = 1 ) AND ( `status` = 0 ) AND ( `id` = 1 ) LIMIT 1   [ RunTime:0.000321s ]
SQL: SHOW COLUMNS FROM `tb_user_info` [ RunTime:0.001626s ]
SQL: SELECT * FROM `tb_user_info` WHERE ( `appid` = 1 ) AND ( `status` = 0 ) AND ( `uid` = 1 ) LIMIT 1   [ RunTime:0.000205s ]
SQL: SHOW COLUMNS FROM `tb_user_budget` [ RunTime:0.001430s ]
SQL: SELECT * FROM `tb_user_budget` WHERE ( `appid` = 1 ) AND ( `status` = 0 ) AND ( `uid` = 1 ) AND ( `name` = 'electric' ) LIMIT 1   [ RunTime:0.000294s ]
SQL: SELECT * FROM `tb_user_budget` WHERE ( `appid` = 1 ) AND ( `status` = 0 ) AND ( `uid` = 1 ) AND ( `pid` = 7 )  [ RunTime:0.000209s ]
INFO: [ view_template ] --START--
INFO: Run LocationTemplate Behavior [ RunTime:0.001468s ]
INFO: [ view_template ] --END-- [ RunTime:0.001571s ]
INFO: [ view_parse ] --START--
NOTIC: [8] Undefined variable: Title C:\AppServ\www\jianli\inspect\Home\Node\Runtime\Cache\66ff0ea53cd9bf5d2cc0aefdb1ee5205.php 第 8 行.
INFO: Run ParseTemplate Behavior [ RunTime:0.015407s ]
INFO: [ view_parse ] --END-- [ RunTime:0.015489s ]
INFO: [ view_filter ] --START--
INFO: Run ContentReplace Behavior [ RunTime:0.000602s ]
INFO: Run TokenBuild Behavior [ RunTime:0.000946s ]
INFO: Run WriteHtmlCache Behavior [ RunTime:0.000907s ]
INFO: Run ShowRuntime Behavior [ RunTime:0.000956s ]
INFO: [ view_filter ] --END-- [ RunTime:0.003562s ]
INFO: [ view_end ] --START--
INFO: Run ShowPageTrace Behavior [ RunTime:0.001519s ]
INFO: [ view_end ] --END-- [ RunTime:0.001635s ]

[ 2014-05-19T09:57:28+08:00 ] 127.0.0.1 /jianli/inspect/node.php?s=/Budget/childCalculate/type/electric
INFO: [ route_check ] --START--
INFO: Run CheckRoute Behavior [ RunTime:0.000208s ]
INFO: [ route_check ] --END-- [ RunTime:0.000295s ]
INFO: [ app_begin ] --START--
INFO: Run ReadHtmlCache Behavior [ RunTime:0.000544s ]
INFO: [ app_begin ] --END-- [ RunTime:0.000685s ]
SQL: SHOW COLUMNS FROM `tb_session` [ RunTime:0.003174s ]
SQL: SELECT * FROM `tb_session` WHERE ( `appid` = 1 ) AND ( `status` = 0 ) AND ( `key` = 'd3de7956e4e42d0c39468e0a98019832' ) LIMIT 1   [ RunTime:0.000283s ]
SQL: SHOW COLUMNS FROM `tb_user_budget` [ RunTime:0.002736s ]
NOTIC: [8] Undefined variable: msg C:\AppServ\www\jianli\inspect\Home\Node\Lib\Action\BudgetAction.class.php 第 253 行.

[ 2014-05-19T09:57:59+08:00 ] 127.0.0.1 /jianli/inspect/node.php?s=/Budget/childCalculate/type/electric
INFO: [ route_check ] --START--
INFO: Run CheckRoute Behavior [ RunTime:0.001028s ]
INFO: [ route_check ] --END-- [ RunTime:0.001229s ]
INFO: [ app_begin ] --START--
INFO: Run ReadHtmlCache Behavior [ RunTime:0.000819s ]
INFO: [ app_begin ] --END-- [ RunTime:0.000988s ]
SQL: SHOW COLUMNS FROM `tb_session` [ RunTime:0.002526s ]
SQL: SELECT * FROM `tb_session` WHERE ( `appid` = 1 ) AND ( `status` = 0 ) AND ( `key` = '5e89aa77ae4d800039a3e733d0b47703' ) LIMIT 1   [ RunTime:0.000251s ]
SQL: SHOW COLUMNS FROM `tb_user_budget` [ RunTime:0.002149s ]
NOTIC: [8] Undefined variable: msg C:\AppServ\www\jianli\inspect\Home\Node\Lib\Action\BudgetAction.class.php 第 253 行.

[ 2014-05-19T09:58:56+08:00 ] 127.0.0.1 /jianli/inspect/node.php?s=/Budget/fee
INFO: [ route_check ] --START--
INFO: Run CheckRoute Behavior [ RunTime:0.000393s ]
INFO: [ route_check ] --END-- [ RunTime:0.000536s ]
INFO: [ app_begin ] --START--
INFO: Run ReadHtmlCache Behavior [ RunTime:0.000374s ]
INFO: [ app_begin ] --END-- [ RunTime:0.000497s ]
SQL: SHOW COLUMNS FROM `tb_session` [ RunTime:0.003014s ]
SQL: SELECT * FROM `tb_session` WHERE ( `appid` = 1 ) AND ( `status` = 0 ) AND ( `key` = '50ef5ede699e171f9287904162d3ab38' ) LIMIT 1   [ RunTime:0.000581s ]
SQL: UPDATE `tb_session` SET `expire`=1400471936 WHERE ( `appid` = 1 ) AND ( `status` = 0 ) AND ( `id` = 1 ) [ RunTime:0.000282s ]
SQL: SHOW COLUMNS FROM `tb_user` [ RunTime:0.002440s ]
SQL: SELECT * FROM `tb_user` WHERE ( `appid` = 1 ) AND ( `status` = 0 ) AND ( `id` = 1 ) LIMIT 1   [ RunTime:0.000602s ]
SQL: SHOW COLUMNS FROM `tb_user_info` [ RunTime:0.001619s ]
SQL: SELECT * FROM `tb_user_info` WHERE ( `appid` = 1 ) AND ( `status` = 0 ) AND ( `uid` = 1 ) LIMIT 1   [ RunTime:0.000369s ]
SQL: SHOW COLUMNS FROM `tb_user_budget` [ RunTime:0.001575s ]
SQL: SELECT * FROM `tb_user_budget` WHERE ( `appid` = 1 ) AND ( `status` = 0 ) AND ( `uid` = 1 ) AND ( `name` = 'hard' ) LIMIT 1   [ RunTime:0.000306s ]
SQL: SELECT * FROM `tb_user_budget` WHERE ( `appid` = 1 ) AND ( `status` = 0 ) AND ( `uid` = 1 ) AND ( `pid` = 1 )  [ RunTime:0.000176s ]
SQL: SELECT * FROM `tb_user_budget` WHERE ( `appid` = 1 ) AND ( `status` = 0 ) AND ( `uid` = 1 ) AND ( `name` = 'soft' ) LIMIT 1   [ RunTime:0.000158s ]
SQL: SELECT * FROM `tb_user_budget` WHERE ( `appid` = 1 ) AND ( `status` = 0 ) AND ( `uid` = 1 ) AND ( `pid` = 2 )  [ RunTime:0.000161s ]
INFO: [ view_template ] --START--
INFO: Run LocationTemplate Behavior [ RunTime:0.001196s ]
INFO: [ view_template ] --END-- [ RunTime:0.001253s ]
INFO: [ view_parse ] --START--
NOTIC: [8] Undefined variable: Title C:\AppServ\www\jianli\inspect\Home\Node\Runtime\Cache\0c936d0808da1dbcb5ee0dface8e50a9.php 第 8 行.
NOTIC: [8] Undefined variable: title C:\AppServ\www\jianli\inspect\Home\Node\Runtime\Cache\0c936d0808da1dbcb5ee0dface8e50a9.php 第 30 行.
INFO: Run ParseTemplate Behavior [ RunTime:0.015511s ]
INFO: [ view_parse ] --END-- [ RunTime:0.015587s ]
INFO: [ view_filter ] --START--
INFO: Run ContentReplace Behavior [ RunTime:0.001074s ]
INFO: Run TokenBuild Behavior [ RunTime:0.000568s ]
INFO: Run WriteHtmlCache Behavior [ RunTime:0.000470s ]
INFO: Run ShowRuntime Behavior [ RunTime:0.000521s ]
INFO: [ view_filter ] --END-- [ RunTime:0.002796s ]
INFO: [ view_end ] --START--
INFO: Run ShowPageTrace Behavior [ RunTime:0.000720s ]
INFO: [ view_end ] --END-- [ RunTime:0.000812s ]

[ 2014-05-19T09:59:02+08:00 ] 127.0.0.1 /jianli/inspect/node.php?s=/Budget/child/type/electric/realfee/50000
INFO: [ route_check ] --START--
INFO: Run CheckRoute Behavior [ RunTime:0.000403s ]
INFO: [ route_check ] --END-- [ RunTime:0.000553s ]
INFO: [ app_begin ] --START--
INFO: Run ReadHtmlCache Behavior [ RunTime:0.000402s ]
INFO: [ app_begin ] --END-- [ RunTime:0.000528s ]
SQL: SHOW COLUMNS FROM `tb_session` [ RunTime:0.003001s ]
SQL: SELECT * FROM `tb_session` WHERE ( `appid` = 1 ) AND ( `status` = 0 ) AND ( `key` = 'e7359afff3b1979d20e514ba2754c1af' ) LIMIT 1   [ RunTime:0.000659s ]
SQL: UPDATE `tb_session` SET `expire`=1400471941 WHERE ( `appid` = 1 ) AND ( `status` = 0 ) AND ( `id` = 1 ) [ RunTime:0.000258s ]
SQL: SHOW COLUMNS FROM `tb_user` [ RunTime:0.003867s ]
SQL: SELECT * FROM `tb_user` WHERE ( `appid` = 1 ) AND ( `status` = 0 ) AND ( `id` = 1 ) LIMIT 1   [ RunTime:0.000300s ]
SQL: SHOW COLUMNS FROM `tb_user_info` [ RunTime:0.001697s ]
SQL: SELECT * FROM `tb_user_info` WHERE ( `appid` = 1 ) AND ( `status` = 0 ) AND ( `uid` = 1 ) LIMIT 1   [ RunTime:0.000242s ]
SQL: SHOW COLUMNS FROM `tb_user_budget` [ RunTime:0.001567s ]
SQL: SELECT * FROM `tb_user_budget` WHERE ( `appid` = 1 ) AND ( `status` = 0 ) AND ( `uid` = 1 ) AND ( `name` = 'electric' ) LIMIT 1   [ RunTime:0.000217s ]
SQL: SELECT * FROM `tb_user_budget` WHERE ( `appid` = 1 ) AND ( `status` = 0 ) AND ( `uid` = 1 ) AND ( `pid` = 7 )  [ RunTime:0.000206s ]
INFO: [ view_template ] --START--
INFO: Run LocationTemplate Behavior [ RunTime:0.000875s ]
INFO: [ view_template ] --END-- [ RunTime:0.000940s ]
INFO: [ view_parse ] --START--
NOTIC: [8] Undefined variable: Title C:\AppServ\www\jianli\inspect\Home\Node\Runtime\Cache\66ff0ea53cd9bf5d2cc0aefdb1ee5205.php 第 8 行.
INFO: Run ParseTemplate Behavior [ RunTime:0.012200s ]
INFO: [ view_parse ] --END-- [ RunTime:0.012267s ]
INFO: [ view_filter ] --START--
INFO: Run ContentReplace Behavior [ RunTime:0.000269s ]
INFO: Run TokenBuild Behavior [ RunTime:0.000175s ]
INFO: Run WriteHtmlCache Behavior [ RunTime:0.000319s ]
INFO: Run ShowRuntime Behavior [ RunTime:0.000966s ]
INFO: [ view_filter ] --END-- [ RunTime:0.001871s ]
INFO: [ view_end ] --START--
INFO: Run ShowPageTrace Behavior [ RunTime:0.001023s ]
INFO: [ view_end ] --END-- [ RunTime:0.001100s ]

[ 2014-05-19T09:59:02+08:00 ] 127.0.0.1 /jianli/inspect/node.php?s=/Budget/childCalculate/type/electric
INFO: [ route_check ] --START--
INFO: Run CheckRoute Behavior [ RunTime:0.000300s ]
INFO: [ route_check ] --END-- [ RunTime:0.000439s ]
INFO: [ app_begin ] --START--
INFO: Run ReadHtmlCache Behavior [ RunTime:0.000249s ]
INFO: [ app_begin ] --END-- [ RunTime:0.000319s ]
SQL: SHOW COLUMNS FROM `tb_session` [ RunTime:0.002568s ]
SQL: SELECT * FROM `tb_session` WHERE ( `appid` = 1 ) AND ( `status` = 0 ) AND ( `key` = 'e7359afff3b1979d20e514ba2754c1af' ) LIMIT 1   [ RunTime:0.000236s ]
SQL: SHOW COLUMNS FROM `tb_user_budget` [ RunTime:0.001719s ]
NOTIC: [8] Undefined variable: msg C:\AppServ\www\jianli\inspect\Home\Node\Lib\Action\BudgetAction.class.php 第 253 行.

[ 2014-05-19T10:38:31+08:00 ] 127.0.0.1 /jianli/inspect/node.php?s=/Budget/hard
INFO: [ route_check ] --START--
INFO: Run CheckRoute Behavior [ RunTime:0.001477s ]
INFO: [ route_check ] --END-- [ RunTime:0.001644s ]
INFO: [ app_begin ] --START--
INFO: Run ReadHtmlCache Behavior [ RunTime:0.001055s ]
INFO: [ app_begin ] --END-- [ RunTime:0.001195s ]
SQL: SHOW COLUMNS FROM `tb_session` [ RunTime:0.002299s ]
SQL: SELECT * FROM `tb_session` WHERE ( `appid` = 1 ) AND ( `status` = 0 ) AND ( `key` = 'f7e40c8944d6111d01fa2bab2725ad6a' ) LIMIT 1   [ RunTime:0.000355s ]
SQL: UPDATE `tb_session` SET `expire`=1400474311 WHERE ( `appid` = 1 ) AND ( `status` = 0 ) AND ( `id` = 1 ) [ RunTime:0.000447s ]
SQL: SHOW COLUMNS FROM `tb_user` [ RunTime:0.004232s ]
SQL: SELECT * FROM `tb_user` WHERE ( `appid` = 1 ) AND ( `status` = 0 ) AND ( `id` = 1 ) LIMIT 1   [ RunTime:0.000920s ]
SQL: SHOW COLUMNS FROM `tb_user_info` [ RunTime:0.003331s ]
SQL: SELECT * FROM `tb_user_info` WHERE ( `appid` = 1 ) AND ( `status` = 0 ) AND ( `uid` = 1 ) LIMIT 1   [ RunTime:0.000277s ]
SQL: SHOW COLUMNS FROM `tb_user_budget` [ RunTime:0.004916s ]
SQL: SELECT * FROM `tb_user_budget` WHERE ( `appid` = 1 ) AND ( `status` = 0 ) AND ( `uid` = 1 ) AND ( `name` = 'hard' ) LIMIT 1   [ RunTime:0.000327s ]
SQL: SELECT * FROM `tb_user_budget` WHERE ( `appid` = 1 ) AND ( `status` = 0 ) AND ( `uid` = 1 ) AND ( `pid` = 1 )  [ RunTime:0.000220s ]
INFO: [ view_template ] --START--
INFO: Run LocationTemplate Behavior [ RunTime:0.001245s ]
INFO: [ view_template ] --END-- [ RunTime:0.001322s ]
INFO: [ view_parse ] --START--
NOTIC: [8] Undefined variable: Title C:\AppServ\www\jianli\inspect\Home\Node\Runtime\Cache\a0e7d728121bf0d584a91b635b746109.php 第 8 行.
INFO: Run ParseTemplate Behavior [ RunTime:0.015136s ]
INFO: [ view_parse ] --END-- [ RunTime:0.015208s ]
INFO: [ view_filter ] --START--
INFO: Run ContentReplace Behavior [ RunTime:0.001244s ]
INFO: Run TokenBuild Behavior [ RunTime:0.000514s ]
INFO: Run WriteHtmlCache Behavior [ RunTime:0.000461s ]
INFO: Run ShowRuntime Behavior [ RunTime:0.000968s ]
INFO: [ view_filter ] --END-- [ RunTime:0.003345s ]
INFO: [ view_end ] --START--
INFO: Run ShowPageTrace Behavior [ RunTime:0.001215s ]
INFO: [ view_end ] --END-- [ RunTime:0.001298s ]

[ 2014-05-19T10:38:31+08:00 ] 127.0.0.1 /jianli/inspect/node.php?s=/Budget/calculate
INFO: [ route_check ] --START--
INFO: Run CheckRoute Behavior [ RunTime:0.000738s ]
INFO: [ route_check ] --END-- [ RunTime:0.000907s ]
INFO: [ app_begin ] --START--
INFO: Run ReadHtmlCache Behavior [ RunTime:0.000417s ]
INFO: [ app_begin ] --END-- [ RunTime:0.000568s ]
SQL: SHOW COLUMNS FROM `tb_session` [ RunTime:0.002768s ]
SQL: SELECT * FROM `tb_session` WHERE ( `appid` = 1 ) AND ( `status` = 0 ) AND ( `key` = '4719921bf57f7dafedff69c1554db328' ) LIMIT 1   [ RunTime:0.000595s ]
SQL: UPDATE `tb_session` SET `expire`=1400474311 WHERE ( `appid` = 1 ) AND ( `status` = 0 ) AND ( `id` = 1 ) [ RunTime:0.000268s ]
SQL: SHOW COLUMNS FROM `tb_user` [ RunTime:0.003496s ]
SQL: SELECT * FROM `tb_user` WHERE ( `appid` = 1 ) AND ( `status` = 0 ) AND ( `id` = 1 ) LIMIT 1   [ RunTime:0.001628s ]
SQL: SHOW COLUMNS FROM `tb_user_info` [ RunTime:0.001934s ]
SQL: SELECT * FROM `tb_user_info` WHERE ( `appid` = 1 ) AND ( `status` = 0 ) AND ( `uid` = 1 ) LIMIT 1   [ RunTime:0.000580s ]
SQL: SHOW COLUMNS FROM `tb_user_budget` [ RunTime:0.002134s ]
NOTIC: [8] Undefined variable: msg C:\AppServ\www\jianli\inspect\Home\Node\Lib\Action\BudgetAction.class.php 第 253 行.

[ 2014-05-19T10:38:43+08:00 ] 127.0.0.1 /jianli/inspect/node.php?s=/Budget/soft
INFO: [ route_check ] --START--
INFO: Run CheckRoute Behavior [ RunTime:0.000738s ]
INFO: [ route_check ] --END-- [ RunTime:0.000901s ]
INFO: [ app_begin ] --START--
INFO: Run ReadHtmlCache Behavior [ RunTime:0.000365s ]
INFO: [ app_begin ] --END-- [ RunTime:0.000495s ]
SQL: SHOW COLUMNS FROM `tb_session` [ RunTime:0.002100s ]
SQL: SELECT * FROM `tb_session` WHERE ( `appid` = 1 ) AND ( `status` = 0 ) AND ( `key` = '18b1d6109f9c0d3c32f111944afbb254' ) LIMIT 1   [ RunTime:0.001152s ]
SQL: UPDATE `tb_session` SET `expire`=1400474323 WHERE ( `appid` = 1 ) AND ( `status` = 0 ) AND ( `id` = 1 ) [ RunTime:0.000159s ]
SQL: SHOW COLUMNS FROM `tb_user` [ RunTime:0.003824s ]
SQL: SELECT * FROM `tb_user` WHERE ( `appid` = 1 ) AND ( `status` = 0 ) AND ( `id` = 1 ) LIMIT 1   [ RunTime:0.001327s ]
SQL: SHOW COLUMNS FROM `tb_user_info` [ RunTime:0.002674s ]
SQL: SELECT * FROM `tb_user_info` WHERE ( `appid` = 1 ) AND ( `status` = 0 ) AND ( `uid` = 1 ) LIMIT 1   [ RunTime:0.001122s ]
SQL: SHOW COLUMNS FROM `tb_user_budget` [ RunTime:0.002377s ]
SQL: SELECT * FROM `tb_user_budget` WHERE ( `appid` = 1 ) AND ( `status` = 0 ) AND ( `uid` = 1 ) AND ( `name` = 'soft' ) LIMIT 1   [ RunTime:0.001432s ]
SQL: SELECT * FROM `tb_user_budget` WHERE ( `appid` = 1 ) AND ( `status` = 0 ) AND ( `uid` = 1 ) AND ( `pid` = 2 )  [ RunTime:0.000435s ]
INFO: [ view_template ] --START--
INFO: Run LocationTemplate Behavior [ RunTime:0.001087s ]
INFO: [ view_template ] --END-- [ RunTime:0.001214s ]
INFO: [ view_parse ] --START--
NOTIC: [8] Undefined variable: Title C:\AppServ\www\jianli\inspect\Home\Node\Runtime\Cache\4b716ac687b1835a880c4989d2c535ee.php 第 8 行.
INFO: Run ParseTemplate Behavior [ RunTime:0.019445s ]
INFO: [ view_parse ] --END-- [ RunTime:0.019538s ]
INFO: [ view_filter ] --START--
INFO: Run ContentReplace Behavior [ RunTime:0.001051s ]
INFO: Run TokenBuild Behavior [ RunTime:0.000187s ]
INFO: Run WriteHtmlCache Behavior [ RunTime:0.000310s ]
INFO: Run ShowRuntime Behavior [ RunTime:0.000984s ]
INFO: [ view_filter ] --END-- [ RunTime:0.002694s ]
INFO: [ view_end ] --START--
INFO: Run ShowPageTrace Behavior [ RunTime:0.001145s ]
INFO: [ view_end ] --END-- [ RunTime:0.001233s ]

[ 2014-05-19T10:38:43+08:00 ] 127.0.0.1 /jianli/inspect/node.php?s=/Budget/softCalculate
INFO: [ route_check ] --START--
INFO: Run CheckRoute Behavior [ RunTime:0.000213s ]
INFO: [ route_check ] --END-- [ RunTime:0.000314s ]
INFO: [ app_begin ] --START--
INFO: Run ReadHtmlCache Behavior [ RunTime:0.000173s ]
INFO: [ app_begin ] --END-- [ RunTime:0.000224s ]
SQL: SHOW COLUMNS FROM `tb_session` [ RunTime:0.002694s ]
SQL: SELECT * FROM `tb_session` WHERE ( `appid` = 1 ) AND ( `status` = 0 ) AND ( `key` = '18b1d6109f9c0d3c32f111944afbb254' ) LIMIT 1   [ RunTime:0.002091s ]
SQL: SHOW COLUMNS FROM `tb_user_budget` [ RunTime:0.003551s ]
NOTIC: [8] Undefined variable: msg C:\AppServ\www\jianli\inspect\Home\Node\Lib\Action\BudgetAction.class.php 第 253 行.

[ 2014-05-19T10:38:57+08:00 ] 127.0.0.1 /jianli/inspect/node.php?s=/Budget/child/type/electric/realfee/50000
INFO: [ route_check ] --START--
INFO: Run CheckRoute Behavior [ RunTime:0.000759s ]
INFO: [ route_check ] --END-- [ RunTime:0.000928s ]
INFO: [ app_begin ] --START--
INFO: Run ReadHtmlCache Behavior [ RunTime:0.000394s ]
INFO: [ app_begin ] --END-- [ RunTime:0.000534s ]
SQL: SHOW COLUMNS FROM `tb_session` [ RunTime:0.003850s ]
SQL: SELECT * FROM `tb_session` WHERE ( `appid` = 1 ) AND ( `status` = 0 ) AND ( `key` = '62eff956567eef40d763b16b1e9251b4' ) LIMIT 1   [ RunTime:0.001814s ]
SQL: UPDATE `tb_session` SET `expire`=1400474337 WHERE ( `appid` = 1 ) AND ( `status` = 0 ) AND ( `id` = 1 ) [ RunTime:0.000192s ]
SQL: SHOW COLUMNS FROM `tb_user` [ RunTime:0.002532s ]
SQL: SELECT * FROM `tb_user` WHERE ( `appid` = 1 ) AND ( `status` = 0 ) AND ( `id` = 1 ) LIMIT 1   [ RunTime:0.000288s ]
SQL: SHOW COLUMNS FROM `tb_user_info` [ RunTime:0.002066s ]
SQL: SELECT * FROM `tb_user_info` WHERE ( `appid` = 1 ) AND ( `status` = 0 ) AND ( `uid` = 1 ) LIMIT 1   [ RunTime:0.000518s ]
SQL: SHOW COLUMNS FROM `tb_user_budget` [ RunTime:0.001883s ]
SQL: SELECT * FROM `tb_user_budget` WHERE ( `appid` = 1 ) AND ( `status` = 0 ) AND ( `uid` = 1 ) AND ( `name` = 'electric' ) LIMIT 1   [ RunTime:0.000470s ]
SQL: SELECT * FROM `tb_user_budget` WHERE ( `appid` = 1 ) AND ( `status` = 0 ) AND ( `uid` = 1 ) AND ( `pid` = 7 )  [ RunTime:0.000228s ]
INFO: [ view_template ] --START--
INFO: Run LocationTemplate Behavior [ RunTime:0.000889s ]
INFO: [ view_template ] --END-- [ RunTime:0.000955s ]
INFO: [ view_parse ] --START--
NOTIC: [8] Undefined variable: Title C:\AppServ\www\jianli\inspect\Home\Node\Runtime\Cache\66ff0ea53cd9bf5d2cc0aefdb1ee5205.php 第 8 行.
INFO: Run ParseTemplate Behavior [ RunTime:0.012301s ]
INFO: [ view_parse ] --END-- [ RunTime:0.012370s ]
INFO: [ view_filter ] --START--
INFO: Run ContentReplace Behavior [ RunTime:0.000908s ]
INFO: Run TokenBuild Behavior [ RunTime:0.000180s ]
INFO: Run WriteHtmlCache Behavior [ RunTime:0.000303s ]
INFO: Run ShowRuntime Behavior [ RunTime:0.000961s ]
INFO: [ view_filter ] --END-- [ RunTime:0.002499s ]
INFO: [ view_end ] --START--
INFO: Run ShowPageTrace Behavior [ RunTime:0.001455s ]
INFO: [ view_end ] --END-- [ RunTime:0.001559s ]

[ 2014-05-19T10:38:57+08:00 ] 127.0.0.1 /jianli/inspect/node.php?s=/Budget/childCalculate/type/electric
INFO: [ route_check ] --START--
INFO: Run CheckRoute Behavior [ RunTime:0.000893s ]
INFO: [ route_check ] --END-- [ RunTime:0.001045s ]
INFO: [ app_begin ] --START--
INFO: Run ReadHtmlCache Behavior [ RunTime:0.001695s ]
INFO: [ app_begin ] --END-- [ RunTime:0.001956s ]
SQL: SHOW COLUMNS FROM `tb_session` [ RunTime:0.002412s ]
SQL: SELECT * FROM `tb_session` WHERE ( `appid` = 1 ) AND ( `status` = 0 ) AND ( `key` = '62eff956567eef40d763b16b1e9251b4' ) LIMIT 1   [ RunTime:0.001251s ]
SQL: SHOW COLUMNS FROM `tb_user_budget` [ RunTime:0.002775s ]
NOTIC: [8] Undefined variable: msg C:\AppServ\www\jianli\inspect\Home\Node\Lib\Action\BudgetAction.class.php 第 253 行.

[ 2014-05-19T13:09:45+08:00 ] 127.0.0.1 /jianli/inspect/node.php?s=/Budget/child/type/electric/realfee/50000
INFO: [ route_check ] --START--
INFO: Run CheckRoute Behavior [ RunTime:0.000732s ]
INFO: [ route_check ] --END-- [ RunTime:0.000844s ]
INFO: [ app_begin ] --START--
INFO: Run ReadHtmlCache Behavior [ RunTime:0.000667s ]
INFO: [ app_begin ] --END-- [ RunTime:0.000758s ]
SQL: SHOW COLUMNS FROM `tb_session` [ RunTime:0.002456s ]
SQL: SELECT * FROM `tb_session` WHERE ( `appid` = 1 ) AND ( `status` = 0 ) AND ( `key` = '019a9af6a21285c142c6ab90c300d177' ) LIMIT 1   [ RunTime:0.000432s ]
SQL: UPDATE `tb_session` SET `expire`=1400483385 WHERE ( `appid` = 1 ) AND ( `status` = 0 ) AND ( `id` = 1 ) [ RunTime:0.000184s ]
SQL: SHOW COLUMNS FROM `tb_user` [ RunTime:0.003115s ]
SQL: SELECT * FROM `tb_user` WHERE ( `appid` = 1 ) AND ( `status` = 0 ) AND ( `id` = 1 ) LIMIT 1   [ RunTime:0.000408s ]
SQL: SHOW COLUMNS FROM `tb_user_info` [ RunTime:0.002980s ]
SQL: SELECT * FROM `tb_user_info` WHERE ( `appid` = 1 ) AND ( `status` = 0 ) AND ( `uid` = 1 ) LIMIT 1   [ RunTime:0.000365s ]
SQL: SHOW COLUMNS FROM `tb_user_budget` [ RunTime:0.002153s ]
SQL: SELECT * FROM `tb_user_budget` WHERE ( `appid` = 1 ) AND ( `status` = 0 ) AND ( `uid` = 1 ) AND ( `name` = 'electric' ) LIMIT 1   [ RunTime:0.000289s ]
SQL: SELECT * FROM `tb_user_budget` WHERE ( `appid` = 1 ) AND ( `status` = 0 ) AND ( `uid` = 1 ) AND ( `pid` = 7 )  [ RunTime:0.000176s ]
INFO: [ view_template ] --START--
INFO: Run LocationTemplate Behavior [ RunTime:0.001025s ]
INFO: [ view_template ] --END-- [ RunTime:0.001091s ]
INFO: [ view_parse ] --START--
NOTIC: [8] Undefined variable: Title C:\AppServ\www\jianli\inspect\Home\Node\Runtime\Cache\66ff0ea53cd9bf5d2cc0aefdb1ee5205.php 第 8 行.
INFO: Run ParseTemplate Behavior [ RunTime:0.018270s ]
INFO: [ view_parse ] --END-- [ RunTime:0.018338s ]
INFO: [ view_filter ] --START--
INFO: Run ContentReplace Behavior [ RunTime:0.000610s ]
INFO: Run TokenBuild Behavior [ RunTime:0.000952s ]
INFO: Run WriteHtmlCache Behavior [ RunTime:0.000905s ]
INFO: Run ShowRuntime Behavior [ RunTime:0.000958s ]
INFO: [ view_filter ] --END-- [ RunTime:0.003574s ]
INFO: [ view_end ] --START--
INFO: Run ShowPageTrace Behavior [ RunTime:0.001057s ]
INFO: [ view_end ] --END-- [ RunTime:0.001136s ]

[ 2014-05-19T13:09:45+08:00 ] 127.0.0.1 /jianli/inspect/node.php?s=/Budget/childCalculate/type/electric
INFO: [ route_check ] --START--
INFO: Run CheckRoute Behavior [ RunTime:0.000274s ]
INFO: [ route_check ] --END-- [ RunTime:0.000392s ]
INFO: [ app_begin ] --START--
INFO: Run ReadHtmlCache Behavior [ RunTime:0.000227s ]
INFO: [ app_begin ] --END-- [ RunTime:0.000302s ]
SQL: SHOW COLUMNS FROM `tb_session` [ RunTime:0.004584s ]
SQL: SELECT * FROM `tb_session` WHERE ( `appid` = 1 ) AND ( `status` = 0 ) AND ( `key` = '019a9af6a21285c142c6ab90c300d177' ) LIMIT 1   [ RunTime:0.002591s ]
SQL: SHOW COLUMNS FROM `tb_user_budget` [ RunTime:0.001910s ]
NOTIC: [8] Undefined variable: msg C:\AppServ\www\jianli\inspect\Home\Node\Lib\Action\BudgetAction.class.php 第 253 行.

