[ 2014-05-15T11:27:38+08:00 ] 127.0.0.1 /jianli/inspect/node.php?s=/Budget/soft
INFO: [ route_check ] --START--
INFO: Run CheckRoute Behavior [ RunTime:0.009132s ]
INFO: [ route_check ] --END-- [ RunTime:0.009358s ]
INFO: [ app_begin ] --START--
INFO: Run ReadHtmlCache Behavior [ RunTime:0.005188s ]
INFO: [ app_begin ] --END-- [ RunTime:0.005328s ]
NOTIC: [8] Undefined variable: data C:\AppServ\www\jianli\inspect\Home\Node\Lib\Action\BaseAction.class.php 第 19 行.
SQL: SHOW COLUMNS FROM `tb_session` [ RunTime:0.004156s ]
NOTIC: [8] Undefined index:  SN_KEY C:\AppServ\www\jianli\inspect\Home\Node\Lib\Model\SessionModel.class.php 第 14 行.
SQL: SHOW COLUMNS FROM `tb_user_budget` [ RunTime:0.005361s ]
NOTIC: [8] Trying to get property of non-object C:\AppServ\www\jianli\inspect\Home\Node\Lib\Model\User_budgetModel.class.php 第 27 行.
SQL: SELECT * FROM `tb_user_budget` WHERE ( `appid` = 1 ) AND ( `status` = 0 ) AND ( `uid` = null ) AND ( `name` = 'soft' ) LIMIT 1   [ RunTime:0.000516s ]
NOTIC: [8] Trying to get property of non-object C:\AppServ\www\jianli\inspect\Home\Node\Lib\Model\User_budgetModel.class.php 第 31 行.
NOTIC: [8] Trying to get property of non-object C:\AppServ\www\jianli\inspect\Home\Node\Lib\Model\User_budgetModel.class.php 第 31 行.
NOTIC: [8] Trying to get property of non-object C:\AppServ\www\jianli\inspect\Home\Node\Lib\Model\User_budgetModel.class.php 第 34 行.
SQL: INSERT INTO `tb_user_budget` (`uid`,`name`,`estimate`,`appid`,`createtime`) VALUES (null,'soft',0,1,1400124458) [ RunTime:0.000313s ]
ERR: Column 'uid' cannot be null
 [ SQL语句 ] : INSERT INTO `tb_user_budget` (`uid`,`name`,`estimate`,`appid`,`createtime`) VALUES (null,'soft',0,1,1400124458)
NOTIC: [8] Undefined index:  id C:\AppServ\www\jianli\inspect\Home\Node\Lib\Action\BudgetAction.class.php 第 38 行.
NOTIC: [8] Trying to get property of non-object C:\AppServ\www\jianli\inspect\Home\Node\Lib\Model\User_budgetModel.class.php 第 48 行.
SQL: SELECT * FROM `tb_user_budget` WHERE ( `appid` = 1 ) AND ( `status` = 0 ) AND ( `uid` = null ) AND ( `pid` = null )  [ RunTime:0.000312s ]
NOTIC: [2] Invalid argument supplied for foreach() C:\AppServ\www\jianli\inspect\Home\Node\Lib\Action\BudgetAction.class.php 第 41 行.
NOTIC: [8] Trying to get property of non-object C:\AppServ\www\jianli\inspect\Home\Node\Lib\Action\BudgetAction.class.php 第 50 行.
NOTIC: [8] Trying to get property of non-object C:\AppServ\www\jianli\inspect\Home\Node\Lib\Action\BudgetAction.class.php 第 50 行.
INFO: [ view_template ] --START--
INFO: Run LocationTemplate Behavior [ RunTime:0.015256s ]
INFO: [ view_template ] --END-- [ RunTime:0.015357s ]
INFO: [ view_parse ] --START--
NOTIC: [8] Undefined variable: Title C:\AppServ\www\jianli\inspect\Home\Node\Runtime\Cache\4b716ac687b1835a880c4989d2c535ee.php 第 8 行.
NOTIC: [8] Undefined index:  electric C:\AppServ\www\jianli\inspect\Home\Node\Runtime\Cache\4b716ac687b1835a880c4989d2c535ee.php 第 64 行.
NOTIC: [8] Undefined index:  furniture C:\AppServ\www\jianli\inspect\Home\Node\Runtime\Cache\4b716ac687b1835a880c4989d2c535ee.php 第 64 行.
NOTIC: [8] Undefined index:  fabric C:\AppServ\www\jianli\inspect\Home\Node\Runtime\Cache\4b716ac687b1835a880c4989d2c535ee.php 第 64 行.
NOTIC: [8] Undefined index:  green C:\AppServ\www\jianli\inspect\Home\Node\Runtime\Cache\4b716ac687b1835a880c4989d2c535ee.php 第 64 行.
NOTIC: [8] Undefined index:  illumination C:\AppServ\www\jianli\inspect\Home\Node\Runtime\Cache\4b716ac687b1835a880c4989d2c535ee.php 第 64 行.
NOTIC: [8] Undefined index:  furnishing C:\AppServ\www\jianli\inspect\Home\Node\Runtime\Cache\4b716ac687b1835a880c4989d2c535ee.php 第 64 行.
INFO: Run ParseTemplate Behavior [ RunTime:0.072911s ]
INFO: [ view_parse ] --END-- [ RunTime:0.072992s ]
INFO: [ view_filter ] --START--
INFO: Run ContentReplace Behavior [ RunTime:0.009521s ]
INFO: Run TokenBuild Behavior [ RunTime:0.015627s ]
INFO: Run WriteHtmlCache Behavior [ RunTime:0.002553s ]
INFO: Run ShowRuntime Behavior [ RunTime:0.004715s ]
INFO: [ view_filter ] --END-- [ RunTime:0.032633s ]
INFO: [ view_end ] --START--
INFO: Run ShowPageTrace Behavior [ RunTime:0.013060s ]
INFO: [ view_end ] --END-- [ RunTime:0.013159s ]

[ 2014-05-15T11:27:59+08:00 ] 127.0.0.1 /jianli/inspect/node.php?s=/Budget/soft
INFO: [ route_check ] --START--
INFO: Run CheckRoute Behavior [ RunTime:0.000375s ]
INFO: [ route_check ] --END-- [ RunTime:0.000531s ]
INFO: [ app_begin ] --START--
INFO: Run ReadHtmlCache Behavior [ RunTime:0.000355s ]
INFO: [ app_begin ] --END-- [ RunTime:0.000484s ]
SQL: SHOW COLUMNS FROM `tb_session` [ RunTime:0.003703s ]
SQL: SELECT * FROM `tb_session` WHERE ( `appid` = 1 ) AND ( `status` = 0 ) AND ( `key` = '85e02ba13b3af8b81fa8e576973e3482' ) LIMIT 1   [ RunTime:0.001019s ]
SQL: UPDATE `tb_session` SET `expire`=1400131679 WHERE ( `appid` = 1 ) AND ( `status` = 0 ) AND ( `id` = 1 ) [ RunTime:0.000318s ]
SQL: SHOW COLUMNS FROM `tb_user` [ RunTime:0.002770s ]
SQL: SELECT * FROM `tb_user` WHERE ( `appid` = 1 ) AND ( `status` = 0 ) AND ( `id` = 1 ) LIMIT 1   [ RunTime:0.000422s ]
SQL: SHOW COLUMNS FROM `tb_user_info` [ RunTime:0.001814s ]
SQL: SELECT * FROM `tb_user_info` WHERE ( `appid` = 1 ) AND ( `status` = 0 ) AND ( `uid` = 1 ) LIMIT 1   [ RunTime:0.000509s ]
SQL: SHOW COLUMNS FROM `tb_user_budget` [ RunTime:0.001854s ]
SQL: SELECT * FROM `tb_user_budget` WHERE ( `appid` = 1 ) AND ( `status` = 0 ) AND ( `uid` = 1 ) AND ( `name` = 'soft' ) LIMIT 1   [ RunTime:0.000379s ]
SQL: SELECT * FROM `tb_user_budget` WHERE ( `appid` = 1 ) AND ( `status` = 0 ) AND ( `uid` = 1 ) AND ( `pid` = 2 )  [ RunTime:0.000209s ]
INFO: [ view_template ] --START--
INFO: Run LocationTemplate Behavior [ RunTime:0.001006s ]
INFO: [ view_template ] --END-- [ RunTime:0.001069s ]
INFO: [ view_parse ] --START--
NOTIC: [8] Undefined variable: Title C:\AppServ\www\jianli\inspect\Home\Node\Runtime\Cache\4b716ac687b1835a880c4989d2c535ee.php 第 8 行.
INFO: Run ParseTemplate Behavior [ RunTime:0.018884s ]
INFO: [ view_parse ] --END-- [ RunTime:0.018956s ]
INFO: [ view_filter ] --START--
INFO: Run ContentReplace Behavior [ RunTime:0.000663s ]
INFO: Run TokenBuild Behavior [ RunTime:0.000505s ]
INFO: Run WriteHtmlCache Behavior [ RunTime:0.000458s ]
INFO: Run ShowRuntime Behavior [ RunTime:0.000541s ]
INFO: [ view_filter ] --END-- [ RunTime:0.002345s ]
INFO: [ view_end ] --START--
INFO: Run ShowPageTrace Behavior [ RunTime:0.000824s ]
INFO: [ view_end ] --END-- [ RunTime:0.000896s ]

[ 2014-05-15T11:27:59+08:00 ] 127.0.0.1 /jianli/inspect/node.php?s=/Budget/softCalculate
INFO: [ route_check ] --START--
INFO: Run CheckRoute Behavior [ RunTime:0.000383s ]
INFO: [ route_check ] --END-- [ RunTime:0.000542s ]
INFO: [ app_begin ] --START--
INFO: Run ReadHtmlCache Behavior [ RunTime:0.000228s ]
INFO: [ app_begin ] --END-- [ RunTime:0.000303s ]
SQL: SHOW COLUMNS FROM `tb_session` [ RunTime:0.002947s ]
SQL: SELECT * FROM `tb_session` WHERE ( `appid` = 1 ) AND ( `status` = 0 ) AND ( `key` = '85e02ba13b3af8b81fa8e576973e3482' ) LIMIT 1   [ RunTime:0.000940s ]
SQL: SHOW COLUMNS FROM `tb_user_budget` [ RunTime:0.003968s ]
NOTIC: [8] Undefined variable: msg C:\AppServ\www\jianli\inspect\Home\Node\Lib\Action\BudgetAction.class.php 第 148 行.

[ 2014-05-15T11:28:11+08:00 ] 127.0.0.1 /jianli/inspect/node.php?s=/Budget/soft
INFO: [ route_check ] --START--
INFO: Run CheckRoute Behavior [ RunTime:0.000575s ]
INFO: [ route_check ] --END-- [ RunTime:0.000734s ]
INFO: [ app_begin ] --START--
INFO: Run ReadHtmlCache Behavior [ RunTime:0.000373s ]
INFO: [ app_begin ] --END-- [ RunTime:0.000511s ]
SQL: SHOW COLUMNS FROM `tb_session` [ RunTime:0.003647s ]
SQL: SELECT * FROM `tb_session` WHERE ( `appid` = 1 ) AND ( `status` = 0 ) AND ( `key` = '84dd00870e255b19343c21cb49483029' ) LIMIT 1   [ RunTime:0.002755s ]
SQL: UPDATE `tb_session` SET `expire`=1400131691 WHERE ( `appid` = 1 ) AND ( `status` = 0 ) AND ( `id` = 1 ) [ RunTime:0.000351s ]
SQL: SHOW COLUMNS FROM `tb_user` [ RunTime:0.004375s ]
SQL: SELECT * FROM `tb_user` WHERE ( `appid` = 1 ) AND ( `status` = 0 ) AND ( `id` = 1 ) LIMIT 1   [ RunTime:0.000857s ]
SQL: SHOW COLUMNS FROM `tb_user_info` [ RunTime:0.003690s ]
SQL: SELECT * FROM `tb_user_info` WHERE ( `appid` = 1 ) AND ( `status` = 0 ) AND ( `uid` = 1 ) LIMIT 1   [ RunTime:0.000565s ]
SQL: SHOW COLUMNS FROM `tb_user_budget` [ RunTime:0.001943s ]
SQL: SELECT * FROM `tb_user_budget` WHERE ( `appid` = 1 ) AND ( `status` = 0 ) AND ( `uid` = 1 ) AND ( `name` = 'soft' ) LIMIT 1   [ RunTime:0.000457s ]
SQL: SELECT * FROM `tb_user_budget` WHERE ( `appid` = 1 ) AND ( `status` = 0 ) AND ( `uid` = 1 ) AND ( `pid` = 2 )  [ RunTime:0.000222s ]
INFO: [ view_template ] --START--
INFO: Run LocationTemplate Behavior [ RunTime:0.001005s ]
INFO: [ view_template ] --END-- [ RunTime:0.001071s ]
INFO: [ view_parse ] --START--
NOTIC: [8] Undefined variable: Title C:\AppServ\www\jianli\inspect\Home\Node\Runtime\Cache\4b716ac687b1835a880c4989d2c535ee.php 第 8 行.
INFO: Run ParseTemplate Behavior [ RunTime:0.018619s ]
INFO: [ view_parse ] --END-- [ RunTime:0.018694s ]
INFO: [ view_filter ] --START--
INFO: Run ContentReplace Behavior [ RunTime:0.000651s ]
INFO: Run TokenBuild Behavior [ RunTime:0.000541s ]
INFO: Run WriteHtmlCache Behavior [ RunTime:0.000507s ]
INFO: Run ShowRuntime Behavior [ RunTime:0.000518s ]
INFO: [ view_filter ] --END-- [ RunTime:0.002379s ]
INFO: [ view_end ] --START--
INFO: Run ShowPageTrace Behavior [ RunTime:0.000780s ]
INFO: [ view_end ] --END-- [ RunTime:0.000870s ]

[ 2014-05-15T11:28:11+08:00 ] 127.0.0.1 /jianli/inspect/node.php?s=/Budget/softCalculate
INFO: [ route_check ] --START--
INFO: Run CheckRoute Behavior [ RunTime:0.000531s ]
INFO: [ route_check ] --END-- [ RunTime:0.000627s ]
INFO: [ app_begin ] --START--
INFO: Run ReadHtmlCache Behavior [ RunTime:0.000523s ]
INFO: [ app_begin ] --END-- [ RunTime:0.000616s ]
SQL: SHOW COLUMNS FROM `tb_session` [ RunTime:0.003580s ]
SQL: SELECT * FROM `tb_session` WHERE ( `appid` = 1 ) AND ( `status` = 0 ) AND ( `key` = '84dd00870e255b19343c21cb49483029' ) LIMIT 1   [ RunTime:0.000256s ]
SQL: SHOW COLUMNS FROM `tb_user_budget` [ RunTime:0.002729s ]
NOTIC: [8] Undefined variable: msg C:\AppServ\www\jianli\inspect\Home\Node\Lib\Action\BudgetAction.class.php 第 148 行.

[ 2014-05-15T11:28:39+08:00 ] 127.0.0.1 /jianli/inspect/node.php?s=/Budget/child/type/electric
INFO: [ route_check ] --START--
INFO: Run CheckRoute Behavior [ RunTime:0.000463s ]
INFO: [ route_check ] --END-- [ RunTime:0.000611s ]
INFO: [ app_begin ] --START--
INFO: Run ReadHtmlCache Behavior [ RunTime:0.000402s ]
INFO: [ app_begin ] --END-- [ RunTime:0.000588s ]
SQL: SHOW COLUMNS FROM `tb_session` [ RunTime:0.003351s ]
SQL: SELECT * FROM `tb_session` WHERE ( `appid` = 1 ) AND ( `status` = 0 ) AND ( `key` = 'b44884c63cb4b2d645933ea6619b3b51' ) LIMIT 1   [ RunTime:0.000962s ]
SQL: UPDATE `tb_session` SET `expire`=1400131719 WHERE ( `appid` = 1 ) AND ( `status` = 0 ) AND ( `id` = 1 ) [ RunTime:0.000168s ]
SQL: SHOW COLUMNS FROM `tb_user` [ RunTime:0.002394s ]
SQL: SELECT * FROM `tb_user` WHERE ( `appid` = 1 ) AND ( `status` = 0 ) AND ( `id` = 1 ) LIMIT 1   [ RunTime:0.000415s ]
SQL: SHOW COLUMNS FROM `tb_user_info` [ RunTime:0.001746s ]
SQL: SELECT * FROM `tb_user_info` WHERE ( `appid` = 1 ) AND ( `status` = 0 ) AND ( `uid` = 1 ) LIMIT 1   [ RunTime:0.000451s ]
SQL: SHOW COLUMNS FROM `tb_user_budget` [ RunTime:0.002087s ]
SQL: SELECT * FROM `tb_user_budget` WHERE ( `appid` = 1 ) AND ( `status` = 0 ) AND ( `uid` = 1 ) AND ( `name` = 'electric' ) LIMIT 1   [ RunTime:0.000374s ]
SQL: SELECT * FROM `tb_user_budget` WHERE ( `appid` = 1 ) AND ( `status` = 0 ) AND ( `uid` = 1 ) AND ( `pid` = 7 )  [ RunTime:0.000226s ]
INFO: [ view_template ] --START--
INFO: Run LocationTemplate Behavior [ RunTime:0.000881s ]
INFO: [ view_template ] --END-- [ RunTime:0.000945s ]
INFO: [ view_parse ] --START--
NOTIC: [8] Undefined variable: Title C:\AppServ\www\jianli\inspect\Home\Node\Runtime\Cache\66ff0ea53cd9bf5d2cc0aefdb1ee5205.php 第 8 行.
INFO: Run ParseTemplate Behavior [ RunTime:0.013265s ]
INFO: [ view_parse ] --END-- [ RunTime:0.013348s ]
INFO: [ view_filter ] --START--
INFO: Run ContentReplace Behavior [ RunTime:0.000292s ]
INFO: Run TokenBuild Behavior [ RunTime:0.000187s ]
INFO: Run WriteHtmlCache Behavior [ RunTime:0.000142s ]
INFO: Run ShowRuntime Behavior [ RunTime:0.000196s ]
INFO: [ view_filter ] --END-- [ RunTime:0.000965s ]
INFO: [ view_end ] --START--
INFO: Run ShowPageTrace Behavior [ RunTime:0.000237s ]
INFO: [ view_end ] --END-- [ RunTime:0.000305s ]

[ 2014-05-15T11:28:39+08:00 ] 127.0.0.1 /jianli/inspect/node.php?s=/Budget/childCalculate/type/electric
INFO: [ route_check ] --START--
INFO: Run CheckRoute Behavior [ RunTime:0.000625s ]
INFO: [ route_check ] --END-- [ RunTime:0.000737s ]
INFO: [ app_begin ] --START--
INFO: Run ReadHtmlCache Behavior [ RunTime:0.000375s ]
INFO: [ app_begin ] --END-- [ RunTime:0.000475s ]
SQL: SHOW COLUMNS FROM `tb_session` [ RunTime:0.003894s ]
SQL: SELECT * FROM `tb_session` WHERE ( `appid` = 1 ) AND ( `status` = 0 ) AND ( `key` = 'b44884c63cb4b2d645933ea6619b3b51' ) LIMIT 1   [ RunTime:0.000609s ]
SQL: SHOW COLUMNS FROM `tb_user_budget` [ RunTime:0.002875s ]

[ 2014-05-15T11:28:41+08:00 ] 127.0.0.1 /jianli/inspect/node.php?s=/Budget/softCalculate
INFO: [ route_check ] --START--
INFO: Run CheckRoute Behavior [ RunTime:0.000384s ]
INFO: [ route_check ] --END-- [ RunTime:0.000547s ]
INFO: [ app_begin ] --START--
INFO: Run ReadHtmlCache Behavior [ RunTime:0.000224s ]
INFO: [ app_begin ] --END-- [ RunTime:0.000300s ]
SQL: SHOW COLUMNS FROM `tb_session` [ RunTime:0.002729s ]
SQL: SELECT * FROM `tb_session` WHERE ( `appid` = 1 ) AND ( `status` = 0 ) AND ( `key` = '6133fa342891c30fb8eeaf817dc770fc' ) LIMIT 1   [ RunTime:0.000704s ]
SQL: SHOW COLUMNS FROM `tb_user_budget` [ RunTime:0.002985s ]
NOTIC: [8] Undefined variable: msg C:\AppServ\www\jianli\inspect\Home\Node\Lib\Action\BudgetAction.class.php 第 148 行.

[ 2014-05-15T11:37:40+08:00 ] 127.0.0.1 /jianli/inspect/node.php?s=/Budget/softCalculate
INFO: [ route_check ] --START--
INFO: Run CheckRoute Behavior [ RunTime:0.000640s ]
INFO: [ route_check ] --END-- [ RunTime:0.000759s ]
INFO: [ app_begin ] --START--
INFO: Run ReadHtmlCache Behavior [ RunTime:0.000592s ]
INFO: [ app_begin ] --END-- [ RunTime:0.000683s ]
SQL: SHOW COLUMNS FROM `tb_session` [ RunTime:0.002885s ]
SQL: SELECT * FROM `tb_session` WHERE ( `appid` = 1 ) AND ( `status` = 0 ) AND ( `key` = '20ef239240f21252e57c96a97be13215' ) LIMIT 1   [ RunTime:0.000379s ]
SQL: UPDATE `tb_session` SET `expire`=1400132260 WHERE ( `appid` = 1 ) AND ( `status` = 0 ) AND ( `id` = 1 ) [ RunTime:0.000154s ]
SQL: SHOW COLUMNS FROM `tb_user` [ RunTime:0.001968s ]
SQL: SELECT * FROM `tb_user` WHERE ( `appid` = 1 ) AND ( `status` = 0 ) AND ( `id` = 1 ) LIMIT 1   [ RunTime:0.000451s ]
SQL: SHOW COLUMNS FROM `tb_user_info` [ RunTime:0.001703s ]
SQL: SELECT * FROM `tb_user_info` WHERE ( `appid` = 1 ) AND ( `status` = 0 ) AND ( `uid` = 1 ) LIMIT 1   [ RunTime:0.000415s ]
SQL: SHOW COLUMNS FROM `tb_user_budget` [ RunTime:0.001724s ]
NOTIC: [8] Undefined variable: msg C:\AppServ\www\jianli\inspect\Home\Node\Lib\Action\BudgetAction.class.php 第 148 行.

[ 2014-05-15T11:37:44+08:00 ] 127.0.0.1 /jianli/inspect/node.php?s=/Budget/softCalculate
INFO: [ route_check ] --START--
INFO: Run CheckRoute Behavior [ RunTime:0.000373s ]
INFO: [ route_check ] --END-- [ RunTime:0.000516s ]
INFO: [ app_begin ] --START--
INFO: Run ReadHtmlCache Behavior [ RunTime:0.000351s ]
INFO: [ app_begin ] --END-- [ RunTime:0.000463s ]
SQL: SHOW COLUMNS FROM `tb_session` [ RunTime:0.003485s ]
SQL: SELECT * FROM `tb_session` WHERE ( `appid` = 1 ) AND ( `status` = 0 ) AND ( `key` = '20ef239240f21252e57c96a97be13215' ) LIMIT 1   [ RunTime:0.000992s ]
SQL: UPDATE `tb_session` SET `expire`=1400132264 WHERE ( `appid` = 1 ) AND ( `status` = 0 ) AND ( `id` = 1 ) [ RunTime:0.000294s ]
SQL: SHOW COLUMNS FROM `tb_user` [ RunTime:0.004196s ]
SQL: SELECT * FROM `tb_user` WHERE ( `appid` = 1 ) AND ( `status` = 0 ) AND ( `id` = 1 ) LIMIT 1   [ RunTime:0.000793s ]
SQL: SHOW COLUMNS FROM `tb_user_info` [ RunTime:0.003225s ]
SQL: SELECT * FROM `tb_user_info` WHERE ( `appid` = 1 ) AND ( `status` = 0 ) AND ( `uid` = 1 ) LIMIT 1   [ RunTime:0.000464s ]
SQL: SHOW COLUMNS FROM `tb_user_budget` [ RunTime:0.001981s ]
NOTIC: [8] Undefined variable: msg C:\AppServ\www\jianli\inspect\Home\Node\Lib\Action\BudgetAction.class.php 第 148 行.

[ 2014-05-15T11:37:44+08:00 ] 127.0.0.1 /jianli/inspect/node.php?s=/Budget/softCalculate
INFO: [ route_check ] --START--
INFO: Run CheckRoute Behavior [ RunTime:0.000411s ]
INFO: [ route_check ] --END-- [ RunTime:0.000553s ]
INFO: [ app_begin ] --START--
INFO: Run ReadHtmlCache Behavior [ RunTime:0.000358s ]
INFO: [ app_begin ] --END-- [ RunTime:0.000473s ]
SQL: SHOW COLUMNS FROM `tb_session` [ RunTime:0.003627s ]
SQL: SELECT * FROM `tb_session` WHERE ( `appid` = 1 ) AND ( `status` = 0 ) AND ( `key` = '20ef239240f21252e57c96a97be13215' ) LIMIT 1   [ RunTime:0.001047s ]
SQL: UPDATE `tb_session` SET `expire`=1400132264 WHERE ( `appid` = 1 ) AND ( `status` = 0 ) AND ( `id` = 1 ) [ RunTime:0.000338s ]
SQL: SHOW COLUMNS FROM `tb_user` [ RunTime:0.004019s ]
SQL: SELECT * FROM `tb_user` WHERE ( `appid` = 1 ) AND ( `status` = 0 ) AND ( `id` = 1 ) LIMIT 1   [ RunTime:0.000952s ]
SQL: SHOW COLUMNS FROM `tb_user_info` [ RunTime:0.002526s ]
SQL: SELECT * FROM `tb_user_info` WHERE ( `appid` = 1 ) AND ( `status` = 0 ) AND ( `uid` = 1 ) LIMIT 1   [ RunTime:0.000259s ]
SQL: SHOW COLUMNS FROM `tb_user_budget` [ RunTime:0.002010s ]
NOTIC: [8] Undefined variable: msg C:\AppServ\www\jianli\inspect\Home\Node\Lib\Action\BudgetAction.class.php 第 148 行.

[ 2014-05-15T11:39:16+08:00 ] 127.0.0.1 /jianli/inspect/node.php?s=/Budget/softCalculate
INFO: [ route_check ] --START--
INFO: Run CheckRoute Behavior [ RunTime:0.000373s ]
INFO: [ route_check ] --END-- [ RunTime:0.000518s ]
INFO: [ app_begin ] --START--
INFO: Run ReadHtmlCache Behavior [ RunTime:0.000483s ]
INFO: [ app_begin ] --END-- [ RunTime:0.000609s ]
SQL: SHOW COLUMNS FROM `tb_session` [ RunTime:0.003780s ]
SQL: SELECT * FROM `tb_session` WHERE ( `appid` = 1 ) AND ( `status` = 0 ) AND ( `key` = '20ef239240f21252e57c96a97be13215' ) LIMIT 1   [ RunTime:0.000973s ]
SQL: UPDATE `tb_session` SET `expire`=1400132356 WHERE ( `appid` = 1 ) AND ( `status` = 0 ) AND ( `id` = 1 ) [ RunTime:0.000322s ]
SQL: SHOW COLUMNS FROM `tb_user` [ RunTime:0.003978s ]
SQL: SELECT * FROM `tb_user` WHERE ( `appid` = 1 ) AND ( `status` = 0 ) AND ( `id` = 1 ) LIMIT 1   [ RunTime:0.000737s ]
SQL: SHOW COLUMNS FROM `tb_user_info` [ RunTime:0.004153s ]
SQL: SELECT * FROM `tb_user_info` WHERE ( `appid` = 1 ) AND ( `status` = 0 ) AND ( `uid` = 1 ) LIMIT 1   [ RunTime:0.000352s ]
SQL: SHOW COLUMNS FROM `tb_user_budget` [ RunTime:0.001999s ]
NOTIC: [8] Undefined variable: msg C:\AppServ\www\jianli\inspect\Home\Node\Lib\Action\BudgetAction.class.php 第 148 行.

[ 2014-05-15T11:39:18+08:00 ] 127.0.0.1 /jianli/inspect/node.php?s=/Budget/softCalculate
INFO: [ route_check ] --START--
INFO: Run CheckRoute Behavior [ RunTime:0.000437s ]
INFO: [ route_check ] --END-- [ RunTime:0.000587s ]
INFO: [ app_begin ] --START--
INFO: Run ReadHtmlCache Behavior [ RunTime:0.000358s ]
INFO: [ app_begin ] --END-- [ RunTime:0.000472s ]
SQL: SHOW COLUMNS FROM `tb_session` [ RunTime:0.003211s ]
SQL: SELECT * FROM `tb_session` WHERE ( `appid` = 1 ) AND ( `status` = 0 ) AND ( `key` = '20ef239240f21252e57c96a97be13215' ) LIMIT 1   [ RunTime:0.000792s ]
SQL: UPDATE `tb_session` SET `expire`=1400132358 WHERE ( `appid` = 1 ) AND ( `status` = 0 ) AND ( `id` = 1 ) [ RunTime:0.000320s ]
SQL: SHOW COLUMNS FROM `tb_user` [ RunTime:0.003847s ]
SQL: SELECT * FROM `tb_user` WHERE ( `appid` = 1 ) AND ( `status` = 0 ) AND ( `id` = 1 ) LIMIT 1   [ RunTime:0.000535s ]
SQL: SHOW COLUMNS FROM `tb_user_info` [ RunTime:0.003107s ]
SQL: SELECT * FROM `tb_user_info` WHERE ( `appid` = 1 ) AND ( `status` = 0 ) AND ( `uid` = 1 ) LIMIT 1   [ RunTime:0.000780s ]
SQL: SHOW COLUMNS FROM `tb_user_budget` [ RunTime:0.003139s ]
NOTIC: [8] Undefined variable: msg C:\AppServ\www\jianli\inspect\Home\Node\Lib\Action\BudgetAction.class.php 第 148 行.

[ 2014-05-15T11:39:20+08:00 ] 127.0.0.1 /jianli/inspect/node.php?s=/Budget/softCalculate
INFO: [ route_check ] --START--
INFO: Run CheckRoute Behavior [ RunTime:0.000385s ]
INFO: [ route_check ] --END-- [ RunTime:0.000534s ]
INFO: [ app_begin ] --START--
INFO: Run ReadHtmlCache Behavior [ RunTime:0.000391s ]
INFO: [ app_begin ] --END-- [ RunTime:0.000509s ]
SQL: SHOW COLUMNS FROM `tb_session` [ RunTime:0.004979s ]
SQL: SELECT * FROM `tb_session` WHERE ( `appid` = 1 ) AND ( `status` = 0 ) AND ( `key` = '20ef239240f21252e57c96a97be13215' ) LIMIT 1   [ RunTime:0.000425s ]
SQL: UPDATE `tb_session` SET `expire`=1400132360 WHERE ( `appid` = 1 ) AND ( `status` = 0 ) AND ( `id` = 1 ) [ RunTime:0.000270s ]
SQL: SHOW COLUMNS FROM `tb_user` [ RunTime:0.002881s ]
SQL: SELECT * FROM `tb_user` WHERE ( `appid` = 1 ) AND ( `status` = 0 ) AND ( `id` = 1 ) LIMIT 1   [ RunTime:0.000440s ]
SQL: SHOW COLUMNS FROM `tb_user_info` [ RunTime:0.002250s ]
SQL: SELECT * FROM `tb_user_info` WHERE ( `appid` = 1 ) AND ( `status` = 0 ) AND ( `uid` = 1 ) LIMIT 1   [ RunTime:0.000669s ]
SQL: SHOW COLUMNS FROM `tb_user_budget` [ RunTime:0.001932s ]
NOTIC: [8] Undefined variable: msg C:\AppServ\www\jianli\inspect\Home\Node\Lib\Action\BudgetAction.class.php 第 148 行.

[ 2014-05-15T17:16:04+08:00 ] 127.0.0.1 /jianli/inspect/node.php?s=/Budget/soft
INFO: [ route_check ] --START--
INFO: Run CheckRoute Behavior [ RunTime:0.000402s ]
INFO: [ route_check ] --END-- [ RunTime:0.000586s ]
INFO: [ app_begin ] --START--
INFO: Run ReadHtmlCache Behavior [ RunTime:0.000273s ]
INFO: [ app_begin ] --END-- [ RunTime:0.000364s ]
SQL: SHOW COLUMNS FROM `tb_session` [ RunTime:0.002107s ]
SQL: SELECT * FROM `tb_session` WHERE ( `appid` = 1 ) AND ( `status` = 0 ) AND ( `key` = '20ef239240f21252e57c96a97be13215' ) LIMIT 1   [ RunTime:0.000923s ]
SQL: SHOW COLUMNS FROM `tb_user_budget` [ RunTime:0.003421s ]
NOTIC: [8] Trying to get property of non-object C:\AppServ\www\jianli\inspect\Home\Node\Lib\Model\User_budgetModel.class.php 第 27 行.
SQL: SELECT * FROM `tb_user_budget` WHERE ( `appid` = 1 ) AND ( `status` = 0 ) AND ( `uid` = null ) AND ( `name` = 'soft' ) LIMIT 1   [ RunTime:0.000344s ]
NOTIC: [8] Trying to get property of non-object C:\AppServ\www\jianli\inspect\Home\Node\Lib\Model\User_budgetModel.class.php 第 31 行.
NOTIC: [8] Trying to get property of non-object C:\AppServ\www\jianli\inspect\Home\Node\Lib\Model\User_budgetModel.class.php 第 31 行.
NOTIC: [8] Trying to get property of non-object C:\AppServ\www\jianli\inspect\Home\Node\Lib\Model\User_budgetModel.class.php 第 34 行.
SQL: INSERT INTO `tb_user_budget` (`uid`,`name`,`estimate`,`appid`,`createtime`) VALUES (null,'soft',0,1,1400145364) [ RunTime:0.000186s ]
ERR: Column 'uid' cannot be null
 [ SQL语句 ] : INSERT INTO `tb_user_budget` (`uid`,`name`,`estimate`,`appid`,`createtime`) VALUES (null,'soft',0,1,1400145364)
NOTIC: [8] Undefined index:  id C:\AppServ\www\jianli\inspect\Home\Node\Lib\Action\BudgetAction.class.php 第 46 行.
NOTIC: [8] Trying to get property of non-object C:\AppServ\www\jianli\inspect\Home\Node\Lib\Model\User_budgetModel.class.php 第 48 行.
SQL: SELECT * FROM `tb_user_budget` WHERE ( `appid` = 1 ) AND ( `status` = 0 ) AND ( `uid` = null ) AND ( `pid` = null )  [ RunTime:0.000206s ]
NOTIC: [2] Invalid argument supplied for foreach() C:\AppServ\www\jianli\inspect\Home\Node\Lib\Action\BudgetAction.class.php 第 49 行.
NOTIC: [8] Trying to get property of non-object C:\AppServ\www\jianli\inspect\Home\Node\Lib\Action\BudgetAction.class.php 第 58 行.
NOTIC: [8] Trying to get property of non-object C:\AppServ\www\jianli\inspect\Home\Node\Lib\Action\BudgetAction.class.php 第 58 行.
INFO: [ view_template ] --START--
INFO: Run LocationTemplate Behavior [ RunTime:0.001106s ]
INFO: [ view_template ] --END-- [ RunTime:0.001169s ]
INFO: [ view_parse ] --START--
NOTIC: [8] Undefined variable: Title C:\AppServ\www\jianli\inspect\Home\Node\Runtime\Cache\4b716ac687b1835a880c4989d2c535ee.php 第 8 行.
NOTIC: [8] Undefined index:  electric C:\AppServ\www\jianli\inspect\Home\Node\Runtime\Cache\4b716ac687b1835a880c4989d2c535ee.php 第 64 行.
NOTIC: [8] Undefined index:  furniture C:\AppServ\www\jianli\inspect\Home\Node\Runtime\Cache\4b716ac687b1835a880c4989d2c535ee.php 第 64 行.
NOTIC: [8] Undefined index:  fabric C:\AppServ\www\jianli\inspect\Home\Node\Runtime\Cache\4b716ac687b1835a880c4989d2c535ee.php 第 64 行.
NOTIC: [8] Undefined index:  green C:\AppServ\www\jianli\inspect\Home\Node\Runtime\Cache\4b716ac687b1835a880c4989d2c535ee.php 第 64 行.
NOTIC: [8] Undefined index:  illumination C:\AppServ\www\jianli\inspect\Home\Node\Runtime\Cache\4b716ac687b1835a880c4989d2c535ee.php 第 64 行.
NOTIC: [8] Undefined index:  furnishing C:\AppServ\www\jianli\inspect\Home\Node\Runtime\Cache\4b716ac687b1835a880c4989d2c535ee.php 第 64 行.
INFO: Run ParseTemplate Behavior [ RunTime:0.016226s ]
INFO: [ view_parse ] --END-- [ RunTime:0.016296s ]
INFO: [ view_filter ] --START--
INFO: Run ContentReplace Behavior [ RunTime:0.000714s ]
INFO: Run TokenBuild Behavior [ RunTime:0.000509s ]
INFO: Run WriteHtmlCache Behavior [ RunTime:0.000452s ]
INFO: Run ShowRuntime Behavior [ RunTime:0.000552s ]
INFO: [ view_filter ] --END-- [ RunTime:0.002381s ]
INFO: [ view_end ] --START--
INFO: Run ShowPageTrace Behavior [ RunTime:0.000777s ]
INFO: [ view_end ] --END-- [ RunTime:0.001439s ]

[ 2014-05-15T17:16:10+08:00 ] 127.0.0.1 /jianli/inspect/node.php?s=/Budget/fee
INFO: [ route_check ] --START--
INFO: Run CheckRoute Behavior [ RunTime:0.001207s ]
INFO: [ route_check ] --END-- [ RunTime:0.001364s ]
INFO: [ app_begin ] --START--
INFO: Run ReadHtmlCache Behavior [ RunTime:0.001001s ]
INFO: [ app_begin ] --END-- [ RunTime:0.001138s ]
SQL: SHOW COLUMNS FROM `tb_session` [ RunTime:0.001945s ]
SQL: SELECT * FROM `tb_session` WHERE ( `appid` = 1 ) AND ( `status` = 0 ) AND ( `key` = '3b84d6612ea30619c9bc5c589baf3472' ) LIMIT 1   [ RunTime:0.000400s ]
SQL: UPDATE `tb_session` SET `expire`=1400152570 WHERE ( `appid` = 1 ) AND ( `status` = 0 ) AND ( `id` = 1 ) [ RunTime:0.000175s ]
SQL: SHOW COLUMNS FROM `tb_user` [ RunTime:0.002045s ]
SQL: SELECT * FROM `tb_user` WHERE ( `appid` = 1 ) AND ( `status` = 0 ) AND ( `id` = 1 ) LIMIT 1   [ RunTime:0.000409s ]
SQL: SHOW COLUMNS FROM `tb_user_info` [ RunTime:0.002474s ]
SQL: SELECT * FROM `tb_user_info` WHERE ( `appid` = 1 ) AND ( `status` = 0 ) AND ( `uid` = 1 ) LIMIT 1   [ RunTime:0.000671s ]
SQL: SHOW COLUMNS FROM `tb_user_budget` [ RunTime:0.002811s ]
INFO: [ view_template ] --START--
INFO: Run LocationTemplate Behavior [ RunTime:0.001026s ]
INFO: [ view_template ] --END-- [ RunTime:0.001098s ]
INFO: [ view_parse ] --START--
NOTIC: [8] Undefined variable: Title C:\AppServ\www\jianli\inspect\Home\Node\Runtime\Cache\0c936d0808da1dbcb5ee0dface8e50a9.php 第 8 行.
NOTIC: [8] Undefined variable: title C:\AppServ\www\jianli\inspect\Home\Node\Runtime\Cache\0c936d0808da1dbcb5ee0dface8e50a9.php 第 35 行.
NOTIC: [8] Undefined variable: fields C:\AppServ\www\jianli\inspect\Home\Node\Runtime\Cache\0c936d0808da1dbcb5ee0dface8e50a9.php 第 50 行.
NOTIC: [8] Undefined variable: acreage C:\AppServ\www\jianli\inspect\Home\Node\Runtime\Cache\0c936d0808da1dbcb5ee0dface8e50a9.php 第 54 行.
NOTIC: [8] Undefined variable: budget C:\AppServ\www\jianli\inspect\Home\Node\Runtime\Cache\0c936d0808da1dbcb5ee0dface8e50a9.php 第 55 行.
NOTIC: [8] Undefined variable: fields C:\AppServ\www\jianli\inspect\Home\Node\Runtime\Cache\0c936d0808da1dbcb5ee0dface8e50a9.php 第 64 行.
NOTIC: [8] Undefined variable: fields C:\AppServ\www\jianli\inspect\Home\Node\Runtime\Cache\0c936d0808da1dbcb5ee0dface8e50a9.php 第 81 行.
NOTIC: [8] Undefined variable: fields C:\AppServ\www\jianli\inspect\Home\Node\Runtime\Cache\0c936d0808da1dbcb5ee0dface8e50a9.php 第 115 行.
NOTIC: [8] Undefined variable: fields C:\AppServ\www\jianli\inspect\Home\Node\Runtime\Cache\0c936d0808da1dbcb5ee0dface8e50a9.php 第 138 行.
NOTIC: [8] Undefined variable: fields C:\AppServ\www\jianli\inspect\Home\Node\Runtime\Cache\0c936d0808da1dbcb5ee0dface8e50a9.php 第 145 行.
NOTIC: [8] Undefined variable: fields C:\AppServ\www\jianli\inspect\Home\Node\Runtime\Cache\0c936d0808da1dbcb5ee0dface8e50a9.php 第 153 行.
NOTIC: [8] Undefined variable: fields C:\AppServ\www\jianli\inspect\Home\Node\Runtime\Cache\0c936d0808da1dbcb5ee0dface8e50a9.php 第 159 行.
INFO: Run ParseTemplate Behavior [ RunTime:0.018488s ]
INFO: [ view_parse ] --END-- [ RunTime:0.018559s ]
INFO: [ view_filter ] --START--
INFO: Run ContentReplace Behavior [ RunTime:0.000569s ]
INFO: Run TokenBuild Behavior [ RunTime:0.000500s ]
INFO: Run WriteHtmlCache Behavior [ RunTime:0.000468s ]
INFO: Run ShowRuntime Behavior [ RunTime:0.000544s ]
INFO: [ view_filter ] --END-- [ RunTime:0.002232s ]
INFO: [ view_end ] --START--
INFO: Run ShowPageTrace Behavior [ RunTime:0.000493s ]
INFO: [ view_end ] --END-- [ RunTime:0.000545s ]

[ 2014-05-15T17:18:37+08:00 ] 127.0.0.1 /jianli/inspect/node.php?s=/Budget/fee
INFO: [ route_check ] --START--
INFO: Run CheckRoute Behavior [ RunTime:0.000540s ]
INFO: [ route_check ] --END-- [ RunTime:0.000627s ]
INFO: [ app_begin ] --START--
INFO: Run ReadHtmlCache Behavior [ RunTime:0.000522s ]
INFO: [ app_begin ] --END-- [ RunTime:0.000589s ]
SQL: SHOW COLUMNS FROM `tb_session` [ RunTime:0.001982s ]
SQL: SELECT * FROM `tb_session` WHERE ( `appid` = 1 ) AND ( `status` = 0 ) AND ( `key` = 'f8cf1e24608ceb5c41b8feac5f65ac4b' ) LIMIT 1   [ RunTime:0.000428s ]
SQL: UPDATE `tb_session` SET `expire`=1400152717 WHERE ( `appid` = 1 ) AND ( `status` = 0 ) AND ( `id` = 1 ) [ RunTime:0.000169s ]
SQL: SHOW COLUMNS FROM `tb_user` [ RunTime:0.002013s ]
SQL: SELECT * FROM `tb_user` WHERE ( `appid` = 1 ) AND ( `status` = 0 ) AND ( `id` = 1 ) LIMIT 1   [ RunTime:0.000491s ]
SQL: SHOW COLUMNS FROM `tb_user_info` [ RunTime:0.001840s ]
SQL: SELECT * FROM `tb_user_info` WHERE ( `appid` = 1 ) AND ( `status` = 0 ) AND ( `uid` = 1 ) LIMIT 1   [ RunTime:0.000436s ]
SQL: SHOW COLUMNS FROM `tb_user_budget` [ RunTime:0.001829s ]
INFO: [ view_template ] --START--
INFO: Run LocationTemplate Behavior [ RunTime:0.001164s ]
INFO: [ view_template ] --END-- [ RunTime:0.001232s ]
INFO: [ view_parse ] --START--
NOTIC: [8] Undefined variable: Title C:\AppServ\www\jianli\inspect\Home\Node\Runtime\Cache\0c936d0808da1dbcb5ee0dface8e50a9.php 第 8 行.
NOTIC: [8] Undefined variable: title C:\AppServ\www\jianli\inspect\Home\Node\Runtime\Cache\0c936d0808da1dbcb5ee0dface8e50a9.php 第 35 行.
NOTIC: [8] Undefined variable: fields C:\AppServ\www\jianli\inspect\Home\Node\Runtime\Cache\0c936d0808da1dbcb5ee0dface8e50a9.php 第 50 行.
NOTIC: [8] Undefined variable: acreage C:\AppServ\www\jianli\inspect\Home\Node\Runtime\Cache\0c936d0808da1dbcb5ee0dface8e50a9.php 第 54 行.
NOTIC: [8] Undefined variable: budget C:\AppServ\www\jianli\inspect\Home\Node\Runtime\Cache\0c936d0808da1dbcb5ee0dface8e50a9.php 第 55 行.
NOTIC: [8] Undefined variable: fields C:\AppServ\www\jianli\inspect\Home\Node\Runtime\Cache\0c936d0808da1dbcb5ee0dface8e50a9.php 第 64 行.
NOTIC: [8] Undefined variable: fields C:\AppServ\www\jianli\inspect\Home\Node\Runtime\Cache\0c936d0808da1dbcb5ee0dface8e50a9.php 第 81 行.
NOTIC: [8] Undefined variable: fields C:\AppServ\www\jianli\inspect\Home\Node\Runtime\Cache\0c936d0808da1dbcb5ee0dface8e50a9.php 第 115 行.
NOTIC: [8] Undefined variable: fields C:\AppServ\www\jianli\inspect\Home\Node\Runtime\Cache\0c936d0808da1dbcb5ee0dface8e50a9.php 第 139 行.
NOTIC: [8] Undefined variable: fields C:\AppServ\www\jianli\inspect\Home\Node\Runtime\Cache\0c936d0808da1dbcb5ee0dface8e50a9.php 第 146 行.
NOTIC: [8] Undefined variable: fields C:\AppServ\www\jianli\inspect\Home\Node\Runtime\Cache\0c936d0808da1dbcb5ee0dface8e50a9.php 第 154 行.
NOTIC: [8] Undefined variable: fields C:\AppServ\www\jianli\inspect\Home\Node\Runtime\Cache\0c936d0808da1dbcb5ee0dface8e50a9.php 第 160 行.
INFO: Run ParseTemplate Behavior [ RunTime:0.014799s ]
INFO: [ view_parse ] --END-- [ RunTime:0.014869s ]
INFO: [ view_filter ] --START--
INFO: Run ContentReplace Behavior [ RunTime:0.000562s ]
INFO: Run TokenBuild Behavior [ RunTime:0.000498s ]
INFO: Run WriteHtmlCache Behavior [ RunTime:0.000455s ]
INFO: Run ShowRuntime Behavior [ RunTime:0.000582s ]
INFO: [ view_filter ] --END-- [ RunTime:0.002262s ]
INFO: [ view_end ] --START--
INFO: Run ShowPageTrace Behavior [ RunTime:0.000547s ]
INFO: [ view_end ] --END-- [ RunTime:0.000604s ]

[ 2014-05-15T17:23:36+08:00 ] 127.0.0.1 /jianli/inspect/node.php?s=/Budget/fee
INFO: [ route_check ] --START--
INFO: Run CheckRoute Behavior [ RunTime:0.000534s ]
INFO: [ route_check ] --END-- [ RunTime:0.000631s ]
INFO: [ app_begin ] --START--
INFO: Run ReadHtmlCache Behavior [ RunTime:0.000515s ]
INFO: [ app_begin ] --END-- [ RunTime:0.000584s ]
SQL: SHOW COLUMNS FROM `tb_session` [ RunTime:0.001971s ]
SQL: SELECT * FROM `tb_session` WHERE ( `appid` = 1 ) AND ( `status` = 0 ) AND ( `key` = 'f2ab0c46410b0df259822265c9164c6d' ) LIMIT 1   [ RunTime:0.000418s ]
SQL: UPDATE `tb_session` SET `expire`=1400153016 WHERE ( `appid` = 1 ) AND ( `status` = 0 ) AND ( `id` = 1 ) [ RunTime:0.000157s ]
SQL: SHOW COLUMNS FROM `tb_user` [ RunTime:0.002030s ]
SQL: SELECT * FROM `tb_user` WHERE ( `appid` = 1 ) AND ( `status` = 0 ) AND ( `id` = 1 ) LIMIT 1   [ RunTime:0.000411s ]
SQL: SHOW COLUMNS FROM `tb_user_info` [ RunTime:0.001890s ]
SQL: SELECT * FROM `tb_user_info` WHERE ( `appid` = 1 ) AND ( `status` = 0 ) AND ( `uid` = 1 ) LIMIT 1   [ RunTime:0.000455s ]
SQL: SHOW COLUMNS FROM `tb_user_budget` [ RunTime:0.001911s ]
INFO: [ view_template ] --START--
INFO: Run LocationTemplate Behavior [ RunTime:0.001304s ]
INFO: [ view_template ] --END-- [ RunTime:0.001384s ]
INFO: [ view_parse ] --START--
NOTIC: [8] Undefined variable: Title C:\AppServ\www\jianli\inspect\Home\Node\Runtime\Cache\0c936d0808da1dbcb5ee0dface8e50a9.php 第 8 行.
NOTIC: [8] Undefined variable: title C:\AppServ\www\jianli\inspect\Home\Node\Runtime\Cache\0c936d0808da1dbcb5ee0dface8e50a9.php 第 35 行.
NOTIC: [8] Undefined variable: fields C:\AppServ\www\jianli\inspect\Home\Node\Runtime\Cache\0c936d0808da1dbcb5ee0dface8e50a9.php 第 50 行.
NOTIC: [8] Undefined variable: acreage C:\AppServ\www\jianli\inspect\Home\Node\Runtime\Cache\0c936d0808da1dbcb5ee0dface8e50a9.php 第 54 行.
NOTIC: [8] Undefined variable: budget C:\AppServ\www\jianli\inspect\Home\Node\Runtime\Cache\0c936d0808da1dbcb5ee0dface8e50a9.php 第 55 行.
NOTIC: [8] Undefined variable: fields C:\AppServ\www\jianli\inspect\Home\Node\Runtime\Cache\0c936d0808da1dbcb5ee0dface8e50a9.php 第 64 行.
NOTIC: [8] Undefined variable: fields C:\AppServ\www\jianli\inspect\Home\Node\Runtime\Cache\0c936d0808da1dbcb5ee0dface8e50a9.php 第 81 行.
NOTIC: [8] Undefined variable: fields C:\AppServ\www\jianli\inspect\Home\Node\Runtime\Cache\0c936d0808da1dbcb5ee0dface8e50a9.php 第 115 行.
NOTIC: [8] Undefined variable: fields C:\AppServ\www\jianli\inspect\Home\Node\Runtime\Cache\0c936d0808da1dbcb5ee0dface8e50a9.php 第 139 行.
NOTIC: [8] Undefined variable: fields C:\AppServ\www\jianli\inspect\Home\Node\Runtime\Cache\0c936d0808da1dbcb5ee0dface8e50a9.php 第 146 行.
NOTIC: [8] Undefined variable: fields C:\AppServ\www\jianli\inspect\Home\Node\Runtime\Cache\0c936d0808da1dbcb5ee0dface8e50a9.php 第 154 行.
NOTIC: [8] Undefined variable: fields C:\AppServ\www\jianli\inspect\Home\Node\Runtime\Cache\0c936d0808da1dbcb5ee0dface8e50a9.php 第 160 行.
INFO: Run ParseTemplate Behavior [ RunTime:0.013835s ]
INFO: [ view_parse ] --END-- [ RunTime:0.013907s ]
INFO: [ view_filter ] --START--
INFO: Run ContentReplace Behavior [ RunTime:0.000578s ]
INFO: Run TokenBuild Behavior [ RunTime:0.000594s ]
INFO: Run WriteHtmlCache Behavior [ RunTime:0.000466s ]
INFO: Run ShowRuntime Behavior [ RunTime:0.000507s ]
INFO: [ view_filter ] --END-- [ RunTime:0.002314s ]
INFO: [ view_end ] --START--
INFO: Run ShowPageTrace Behavior [ RunTime:0.000480s ]
INFO: [ view_end ] --END-- [ RunTime:0.000532s ]

[ 2014-05-15T17:24:07+08:00 ] 127.0.0.1 /jianli/inspect/node.php?s=/Budget/fee
INFO: [ route_check ] --START--
INFO: Run CheckRoute Behavior [ RunTime:0.000404s ]
INFO: [ route_check ] --END-- [ RunTime:0.000549s ]
INFO: [ app_begin ] --START--
INFO: Run ReadHtmlCache Behavior [ RunTime:0.000359s ]
INFO: [ app_begin ] --END-- [ RunTime:0.000483s ]
SQL: SHOW COLUMNS FROM `tb_session` [ RunTime:0.002363s ]
SQL: SELECT * FROM `tb_session` WHERE ( `appid` = 1 ) AND ( `status` = 0 ) AND ( `key` = '8a7803521e46fb54486055bffbc82fca' ) LIMIT 1   [ RunTime:0.000506s ]
SQL: UPDATE `tb_session` SET `expire`=1400153047 WHERE ( `appid` = 1 ) AND ( `status` = 0 ) AND ( `id` = 1 ) [ RunTime:0.000180s ]
SQL: SHOW COLUMNS FROM `tb_user` [ RunTime:0.002139s ]
SQL: SELECT * FROM `tb_user` WHERE ( `appid` = 1 ) AND ( `status` = 0 ) AND ( `id` = 1 ) LIMIT 1   [ RunTime:0.000501s ]
SQL: SHOW COLUMNS FROM `tb_user_info` [ RunTime:0.001851s ]
SQL: SELECT * FROM `tb_user_info` WHERE ( `appid` = 1 ) AND ( `status` = 0 ) AND ( `uid` = 1 ) LIMIT 1   [ RunTime:0.000535s ]
SQL: SHOW COLUMNS FROM `tb_user_budget` [ RunTime:0.002199s ]
INFO: [ view_template ] --START--
INFO: Run LocationTemplate Behavior [ RunTime:0.001055s ]
INFO: [ view_template ] --END-- [ RunTime:0.001141s ]
INFO: [ view_parse ] --START--
NOTIC: [8] Undefined variable: Title C:\AppServ\www\jianli\inspect\Home\Node\Runtime\Cache\0c936d0808da1dbcb5ee0dface8e50a9.php 第 8 行.
NOTIC: [8] Undefined variable: title C:\AppServ\www\jianli\inspect\Home\Node\Runtime\Cache\0c936d0808da1dbcb5ee0dface8e50a9.php 第 35 行.
NOTIC: [8] Undefined variable: fields C:\AppServ\www\jianli\inspect\Home\Node\Runtime\Cache\0c936d0808da1dbcb5ee0dface8e50a9.php 第 50 行.
NOTIC: [8] Undefined variable: acreage C:\AppServ\www\jianli\inspect\Home\Node\Runtime\Cache\0c936d0808da1dbcb5ee0dface8e50a9.php 第 54 行.
NOTIC: [8] Undefined variable: budget C:\AppServ\www\jianli\inspect\Home\Node\Runtime\Cache\0c936d0808da1dbcb5ee0dface8e50a9.php 第 55 行.
NOTIC: [8] Undefined variable: fields C:\AppServ\www\jianli\inspect\Home\Node\Runtime\Cache\0c936d0808da1dbcb5ee0dface8e50a9.php 第 64 行.
NOTIC: [8] Undefined variable: fields C:\AppServ\www\jianli\inspect\Home\Node\Runtime\Cache\0c936d0808da1dbcb5ee0dface8e50a9.php 第 79 行.
NOTIC: [8] Undefined variable: fields C:\AppServ\www\jianli\inspect\Home\Node\Runtime\Cache\0c936d0808da1dbcb5ee0dface8e50a9.php 第 113 行.
NOTIC: [8] Undefined variable: fields C:\AppServ\www\jianli\inspect\Home\Node\Runtime\Cache\0c936d0808da1dbcb5ee0dface8e50a9.php 第 137 行.
NOTIC: [8] Undefined variable: fields C:\AppServ\www\jianli\inspect\Home\Node\Runtime\Cache\0c936d0808da1dbcb5ee0dface8e50a9.php 第 144 行.
NOTIC: [8] Undefined variable: fields C:\AppServ\www\jianli\inspect\Home\Node\Runtime\Cache\0c936d0808da1dbcb5ee0dface8e50a9.php 第 152 行.
NOTIC: [8] Undefined variable: fields C:\AppServ\www\jianli\inspect\Home\Node\Runtime\Cache\0c936d0808da1dbcb5ee0dface8e50a9.php 第 158 行.
INFO: Run ParseTemplate Behavior [ RunTime:0.011520s ]
INFO: [ view_parse ] --END-- [ RunTime:0.011588s ]
INFO: [ view_filter ] --START--
INFO: Run ContentReplace Behavior [ RunTime:0.000235s ]
INFO: Run TokenBuild Behavior [ RunTime:0.000181s ]
INFO: Run WriteHtmlCache Behavior [ RunTime:0.000145s ]
INFO: Run ShowRuntime Behavior [ RunTime:0.000369s ]
INFO: [ view_filter ] --END-- [ RunTime:0.001075s ]
INFO: [ view_end ] --START--
INFO: Run ShowPageTrace Behavior [ RunTime:0.000169s ]
INFO: [ view_end ] --END-- [ RunTime:0.000220s ]

[ 2014-05-15T17:24:30+08:00 ] 127.0.0.1 /jianli/inspect/node.php?s=/Budget/fee
INFO: [ route_check ] --START--
INFO: Run CheckRoute Behavior [ RunTime:0.000376s ]
INFO: [ route_check ] --END-- [ RunTime:0.000536s ]
INFO: [ app_begin ] --START--
INFO: Run ReadHtmlCache Behavior [ RunTime:0.000350s ]
INFO: [ app_begin ] --END-- [ RunTime:0.000471s ]
SQL: SHOW COLUMNS FROM `tb_session` [ RunTime:0.003729s ]
SQL: SELECT * FROM `tb_session` WHERE ( `appid` = 1 ) AND ( `status` = 0 ) AND ( `key` = '015dc22c918c23414bad1a8fba899d7f' ) LIMIT 1   [ RunTime:0.000660s ]
SQL: UPDATE `tb_session` SET `expire`=1400153070 WHERE ( `appid` = 1 ) AND ( `status` = 0 ) AND ( `id` = 1 ) [ RunTime:0.000170s ]
SQL: SHOW COLUMNS FROM `tb_user` [ RunTime:0.002178s ]
SQL: SELECT * FROM `tb_user` WHERE ( `appid` = 1 ) AND ( `status` = 0 ) AND ( `id` = 1 ) LIMIT 1   [ RunTime:0.000390s ]
SQL: SHOW COLUMNS FROM `tb_user_info` [ RunTime:0.002109s ]
SQL: SELECT * FROM `tb_user_info` WHERE ( `appid` = 1 ) AND ( `status` = 0 ) AND ( `uid` = 1 ) LIMIT 1   [ RunTime:0.000343s ]
SQL: SHOW COLUMNS FROM `tb_user_budget` [ RunTime:0.001874s ]
INFO: [ view_template ] --START--
INFO: Run LocationTemplate Behavior [ RunTime:0.001100s ]
INFO: [ view_template ] --END-- [ RunTime:0.001201s ]
INFO: [ view_parse ] --START--
NOTIC: [8] Undefined variable: Title C:\AppServ\www\jianli\inspect\Home\Node\Runtime\Cache\0c936d0808da1dbcb5ee0dface8e50a9.php 第 8 行.
NOTIC: [8] Undefined variable: title C:\AppServ\www\jianli\inspect\Home\Node\Runtime\Cache\0c936d0808da1dbcb5ee0dface8e50a9.php 第 35 行.
NOTIC: [8] Undefined variable: fields C:\AppServ\www\jianli\inspect\Home\Node\Runtime\Cache\0c936d0808da1dbcb5ee0dface8e50a9.php 第 50 行.
NOTIC: [8] Undefined variable: acreage C:\AppServ\www\jianli\inspect\Home\Node\Runtime\Cache\0c936d0808da1dbcb5ee0dface8e50a9.php 第 54 行.
NOTIC: [8] Undefined variable: budget C:\AppServ\www\jianli\inspect\Home\Node\Runtime\Cache\0c936d0808da1dbcb5ee0dface8e50a9.php 第 55 行.
NOTIC: [8] Undefined variable: fields C:\AppServ\www\jianli\inspect\Home\Node\Runtime\Cache\0c936d0808da1dbcb5ee0dface8e50a9.php 第 64 行.
NOTIC: [8] Undefined variable: fields C:\AppServ\www\jianli\inspect\Home\Node\Runtime\Cache\0c936d0808da1dbcb5ee0dface8e50a9.php 第 80 行.
NOTIC: [8] Undefined variable: fields C:\AppServ\www\jianli\inspect\Home\Node\Runtime\Cache\0c936d0808da1dbcb5ee0dface8e50a9.php 第 114 行.
NOTIC: [8] Undefined variable: fields C:\AppServ\www\jianli\inspect\Home\Node\Runtime\Cache\0c936d0808da1dbcb5ee0dface8e50a9.php 第 138 行.
NOTIC: [8] Undefined variable: fields C:\AppServ\www\jianli\inspect\Home\Node\Runtime\Cache\0c936d0808da1dbcb5ee0dface8e50a9.php 第 145 行.
NOTIC: [8] Undefined variable: fields C:\AppServ\www\jianli\inspect\Home\Node\Runtime\Cache\0c936d0808da1dbcb5ee0dface8e50a9.php 第 153 行.
NOTIC: [8] Undefined variable: fields C:\AppServ\www\jianli\inspect\Home\Node\Runtime\Cache\0c936d0808da1dbcb5ee0dface8e50a9.php 第 159 行.
INFO: Run ParseTemplate Behavior [ RunTime:0.011992s ]
INFO: [ view_parse ] --END-- [ RunTime:0.012077s ]
INFO: [ view_filter ] --START--
INFO: Run ContentReplace Behavior [ RunTime:0.000246s ]
INFO: Run TokenBuild Behavior [ RunTime:0.000181s ]
INFO: Run WriteHtmlCache Behavior [ RunTime:0.000145s ]
INFO: Run ShowRuntime Behavior [ RunTime:0.000368s ]
INFO: [ view_filter ] --END-- [ RunTime:0.001088s ]
INFO: [ view_end ] --START--
INFO: Run ShowPageTrace Behavior [ RunTime:0.000170s ]
INFO: [ view_end ] --END-- [ RunTime:0.000219s ]

[ 2014-05-15T17:26:45+08:00 ] 127.0.0.1 /jianli/inspect/node.php?s=/Budget/fee
INFO: [ route_check ] --START--
INFO: Run CheckRoute Behavior [ RunTime:0.000571s ]
INFO: [ route_check ] --END-- [ RunTime:0.000657s ]
INFO: [ app_begin ] --START--
INFO: Run ReadHtmlCache Behavior [ RunTime:0.000532s ]
INFO: [ app_begin ] --END-- [ RunTime:0.000601s ]
SQL: SHOW COLUMNS FROM `tb_session` [ RunTime:0.002063s ]
SQL: SELECT * FROM `tb_session` WHERE ( `appid` = 1 ) AND ( `status` = 0 ) AND ( `key` = '348b00e765bd2e0b6fca91f562d635ce' ) LIMIT 1   [ RunTime:0.000513s ]
SQL: UPDATE `tb_session` SET `expire`=1400153205 WHERE ( `appid` = 1 ) AND ( `status` = 0 ) AND ( `id` = 1 ) [ RunTime:0.000165s ]
SQL: SHOW COLUMNS FROM `tb_user` [ RunTime:0.002330s ]
SQL: SELECT * FROM `tb_user` WHERE ( `appid` = 1 ) AND ( `status` = 0 ) AND ( `id` = 1 ) LIMIT 1   [ RunTime:0.000570s ]
SQL: SHOW COLUMNS FROM `tb_user_info` [ RunTime:0.001894s ]
SQL: SELECT * FROM `tb_user_info` WHERE ( `appid` = 1 ) AND ( `status` = 0 ) AND ( `uid` = 1 ) LIMIT 1   [ RunTime:0.000487s ]
SQL: SHOW COLUMNS FROM `tb_user_budget` [ RunTime:0.001916s ]
INFO: [ view_template ] --START--
INFO: Run LocationTemplate Behavior [ RunTime:0.001163s ]
INFO: [ view_template ] --END-- [ RunTime:0.001227s ]
INFO: [ view_parse ] --START--
NOTIC: [8] Undefined variable: Title C:\AppServ\www\jianli\inspect\Home\Node\Runtime\Cache\0c936d0808da1dbcb5ee0dface8e50a9.php 第 8 行.
NOTIC: [8] Undefined variable: title C:\AppServ\www\jianli\inspect\Home\Node\Runtime\Cache\0c936d0808da1dbcb5ee0dface8e50a9.php 第 35 行.
NOTIC: [8] Undefined variable: fields C:\AppServ\www\jianli\inspect\Home\Node\Runtime\Cache\0c936d0808da1dbcb5ee0dface8e50a9.php 第 50 行.
NOTIC: [8] Undefined variable: acreage C:\AppServ\www\jianli\inspect\Home\Node\Runtime\Cache\0c936d0808da1dbcb5ee0dface8e50a9.php 第 54 行.
NOTIC: [8] Undefined variable: budget C:\AppServ\www\jianli\inspect\Home\Node\Runtime\Cache\0c936d0808da1dbcb5ee0dface8e50a9.php 第 55 行.
NOTIC: [8] Undefined variable: budget C:\AppServ\www\jianli\inspect\Home\Node\Runtime\Cache\0c936d0808da1dbcb5ee0dface8e50a9.php 第 64 行.
NOTIC: [8] Undefined variable: budget C:\AppServ\www\jianli\inspect\Home\Node\Runtime\Cache\0c936d0808da1dbcb5ee0dface8e50a9.php 第 64 行.
NOTIC: [8] Undefined variable: budget C:\AppServ\www\jianli\inspect\Home\Node\Runtime\Cache\0c936d0808da1dbcb5ee0dface8e50a9.php 第 64 行.
NOTIC: [8] Undefined variable: budget C:\AppServ\www\jianli\inspect\Home\Node\Runtime\Cache\0c936d0808da1dbcb5ee0dface8e50a9.php 第 66 行.
NOTIC: [8] Undefined variable: budget C:\AppServ\www\jianli\inspect\Home\Node\Runtime\Cache\0c936d0808da1dbcb5ee0dface8e50a9.php 第 66 行.
NOTIC: [8] Undefined variable: budget C:\AppServ\www\jianli\inspect\Home\Node\Runtime\Cache\0c936d0808da1dbcb5ee0dface8e50a9.php 第 66 行.
NOTIC: [8] Undefined variable: budget C:\AppServ\www\jianli\inspect\Home\Node\Runtime\Cache\0c936d0808da1dbcb5ee0dface8e50a9.php 第 66 行.
NOTIC: [8] Undefined variable: budget C:\AppServ\www\jianli\inspect\Home\Node\Runtime\Cache\0c936d0808da1dbcb5ee0dface8e50a9.php 第 66 行.
NOTIC: [8] Undefined variable: budget C:\AppServ\www\jianli\inspect\Home\Node\Runtime\Cache\0c936d0808da1dbcb5ee0dface8e50a9.php 第 66 行.
NOTIC: [8] Undefined variable: fields C:\AppServ\www\jianli\inspect\Home\Node\Runtime\Cache\0c936d0808da1dbcb5ee0dface8e50a9.php 第 81 行.
NOTIC: [8] Undefined variable: fields C:\AppServ\www\jianli\inspect\Home\Node\Runtime\Cache\0c936d0808da1dbcb5ee0dface8e50a9.php 第 115 行.
NOTIC: [8] Undefined variable: fields C:\AppServ\www\jianli\inspect\Home\Node\Runtime\Cache\0c936d0808da1dbcb5ee0dface8e50a9.php 第 139 行.
NOTIC: [8] Undefined variable: fields C:\AppServ\www\jianli\inspect\Home\Node\Runtime\Cache\0c936d0808da1dbcb5ee0dface8e50a9.php 第 146 行.
NOTIC: [8] Undefined variable: fields C:\AppServ\www\jianli\inspect\Home\Node\Runtime\Cache\0c936d0808da1dbcb5ee0dface8e50a9.php 第 154 行.
NOTIC: [8] Undefined variable: fields C:\AppServ\www\jianli\inspect\Home\Node\Runtime\Cache\0c936d0808da1dbcb5ee0dface8e50a9.php 第 160 行.
INFO: Run ParseTemplate Behavior [ RunTime:0.014657s ]
INFO: [ view_parse ] --END-- [ RunTime:0.014724s ]
INFO: [ view_filter ] --START--
INFO: Run ContentReplace Behavior [ RunTime:0.000584s ]
INFO: Run TokenBuild Behavior [ RunTime:0.000501s ]
INFO: Run WriteHtmlCache Behavior [ RunTime:0.000449s ]
INFO: Run ShowRuntime Behavior [ RunTime:0.000505s ]
INFO: [ view_filter ] --END-- [ RunTime:0.002191s ]
INFO: [ view_end ] --START--
INFO: Run ShowPageTrace Behavior [ RunTime:0.000488s ]
INFO: [ view_end ] --END-- [ RunTime:0.000539s ]

[ 2014-05-15T17:27:49+08:00 ] 127.0.0.1 /jianli/inspect/node.php?s=/Budget/fee
INFO: [ route_check ] --START--
INFO: Run CheckRoute Behavior [ RunTime:0.001051s ]
INFO: [ route_check ] --END-- [ RunTime:0.001200s ]
INFO: [ app_begin ] --START--
INFO: Run ReadHtmlCache Behavior [ RunTime:0.001029s ]
INFO: [ app_begin ] --END-- [ RunTime:0.001182s ]
SQL: SHOW COLUMNS FROM `tb_session` [ RunTime:0.001981s ]
SQL: SELECT * FROM `tb_session` WHERE ( `appid` = 1 ) AND ( `status` = 0 ) AND ( `key` = '17d94273439cceb8aad07a1b65e0cb13' ) LIMIT 1   [ RunTime:0.000370s ]
SQL: UPDATE `tb_session` SET `expire`=1400153269 WHERE ( `appid` = 1 ) AND ( `status` = 0 ) AND ( `id` = 1 ) [ RunTime:0.000154s ]
SQL: SHOW COLUMNS FROM `tb_user` [ RunTime:0.002072s ]
SQL: SELECT * FROM `tb_user` WHERE ( `appid` = 1 ) AND ( `status` = 0 ) AND ( `id` = 1 ) LIMIT 1   [ RunTime:0.000537s ]
SQL: SHOW COLUMNS FROM `tb_user_info` [ RunTime:0.001803s ]
SQL: SELECT * FROM `tb_user_info` WHERE ( `appid` = 1 ) AND ( `status` = 0 ) AND ( `uid` = 1 ) LIMIT 1   [ RunTime:0.000426s ]
SQL: SHOW COLUMNS FROM `tb_user_budget` [ RunTime:0.002233s ]
INFO: [ view_template ] --START--
INFO: Run LocationTemplate Behavior [ RunTime:0.001021s ]
INFO: [ view_template ] --END-- [ RunTime:0.001093s ]
INFO: [ view_parse ] --START--
NOTIC: [8] Undefined variable: Title C:\AppServ\www\jianli\inspect\Home\Node\Runtime\Cache\0c936d0808da1dbcb5ee0dface8e50a9.php 第 8 行.
NOTIC: [8] Undefined variable: title C:\AppServ\www\jianli\inspect\Home\Node\Runtime\Cache\0c936d0808da1dbcb5ee0dface8e50a9.php 第 35 行.
NOTIC: [8] Undefined variable: fields C:\AppServ\www\jianli\inspect\Home\Node\Runtime\Cache\0c936d0808da1dbcb5ee0dface8e50a9.php 第 50 行.
NOTIC: [8] Undefined variable: acreage C:\AppServ\www\jianli\inspect\Home\Node\Runtime\Cache\0c936d0808da1dbcb5ee0dface8e50a9.php 第 54 行.
NOTIC: [8] Undefined variable: budget C:\AppServ\www\jianli\inspect\Home\Node\Runtime\Cache\0c936d0808da1dbcb5ee0dface8e50a9.php 第 55 行.
NOTIC: [8] Undefined variable: budget C:\AppServ\www\jianli\inspect\Home\Node\Runtime\Cache\0c936d0808da1dbcb5ee0dface8e50a9.php 第 64 行.
NOTIC: [8] Undefined variable: budget C:\AppServ\www\jianli\inspect\Home\Node\Runtime\Cache\0c936d0808da1dbcb5ee0dface8e50a9.php 第 64 行.
NOTIC: [8] Undefined variable: budget C:\AppServ\www\jianli\inspect\Home\Node\Runtime\Cache\0c936d0808da1dbcb5ee0dface8e50a9.php 第 64 行.
NOTIC: [8] Undefined variable: budget C:\AppServ\www\jianli\inspect\Home\Node\Runtime\Cache\0c936d0808da1dbcb5ee0dface8e50a9.php 第 66 行.
NOTIC: [8] Undefined variable: budget C:\AppServ\www\jianli\inspect\Home\Node\Runtime\Cache\0c936d0808da1dbcb5ee0dface8e50a9.php 第 66 行.
NOTIC: [8] Undefined variable: budget C:\AppServ\www\jianli\inspect\Home\Node\Runtime\Cache\0c936d0808da1dbcb5ee0dface8e50a9.php 第 66 行.
NOTIC: [8] Undefined variable: budget C:\AppServ\www\jianli\inspect\Home\Node\Runtime\Cache\0c936d0808da1dbcb5ee0dface8e50a9.php 第 66 行.
NOTIC: [8] Undefined variable: budget C:\AppServ\www\jianli\inspect\Home\Node\Runtime\Cache\0c936d0808da1dbcb5ee0dface8e50a9.php 第 66 行.
NOTIC: [8] Undefined variable: budget C:\AppServ\www\jianli\inspect\Home\Node\Runtime\Cache\0c936d0808da1dbcb5ee0dface8e50a9.php 第 66 行.
NOTIC: [8] Undefined variable: fields C:\AppServ\www\jianli\inspect\Home\Node\Runtime\Cache\0c936d0808da1dbcb5ee0dface8e50a9.php 第 81 行.
NOTIC: [8] Undefined variable: fields C:\AppServ\www\jianli\inspect\Home\Node\Runtime\Cache\0c936d0808da1dbcb5ee0dface8e50a9.php 第 115 行.
NOTIC: [8] Undefined variable: fields C:\AppServ\www\jianli\inspect\Home\Node\Runtime\Cache\0c936d0808da1dbcb5ee0dface8e50a9.php 第 139 行.
NOTIC: [8] Undefined variable: fields C:\AppServ\www\jianli\inspect\Home\Node\Runtime\Cache\0c936d0808da1dbcb5ee0dface8e50a9.php 第 146 行.
NOTIC: [8] Undefined variable: fields C:\AppServ\www\jianli\inspect\Home\Node\Runtime\Cache\0c936d0808da1dbcb5ee0dface8e50a9.php 第 154 行.
NOTIC: [8] Undefined variable: fields C:\AppServ\www\jianli\inspect\Home\Node\Runtime\Cache\0c936d0808da1dbcb5ee0dface8e50a9.php 第 160 行.
INFO: Run ParseTemplate Behavior [ RunTime:0.018865s ]
INFO: [ view_parse ] --END-- [ RunTime:0.018937s ]
INFO: [ view_filter ] --START--
INFO: Run ContentReplace Behavior [ RunTime:0.000775s ]
INFO: Run TokenBuild Behavior [ RunTime:0.000599s ]
INFO: Run WriteHtmlCache Behavior [ RunTime:0.000491s ]
INFO: Run ShowRuntime Behavior [ RunTime:0.000541s ]
INFO: [ view_filter ] --END-- [ RunTime:0.002576s ]
INFO: [ view_end ] --START--
INFO: Run ShowPageTrace Behavior [ RunTime:0.000531s ]
INFO: [ view_end ] --END-- [ RunTime:0.000588s ]

